---------------------------------------------------------------
[ 2020-07-23T15:07:09+08:00 ] 0.0.0.0 GET localhost/
[运行时间：0.144398s] [吞吐率：6.93req/s] [内存消耗：213.60kb] [文件加载：52]
[ info ] [ LANG ] D:\Documents\GitHub\ThinkPHP-demo\thinkphp\lang\zh-cn.php
[ info ] [ ROUTE ] array (
  'type' => 'module',
  'module' => 
  array (
    0 => '',
    1 => NULL,
    2 => NULL,
  ),
)
[ info ] [ HEADER ] array (
  'host' => 'localhost',
  'connection' => 'keep-alive',
  'dnt' => '1',
  'upgrade-insecure-requests' => '1',
  'user-agent' => 'Mozilla/5.0 (Windows NT 10.0; Win64; x64) AppleWebKit/537.36 (KHTML, like Gecko) Chrome/84.0.4147.89 Safari/537.36',
  'accept' => 'text/html,application/xhtml+xml,application/xml;q=0.9,image/webp,image/apng,*/*;q=0.8,application/signed-exchange;v=b3;q=0.9',
  'sec-fetch-site' => 'none',
  'sec-fetch-mode' => 'navigate',
  'sec-fetch-user' => '?1',
  'sec-fetch-dest' => 'document',
  'accept-encoding' => 'gzip, deflate, br',
  'accept-language' => 'zh-CN,zh;q=0.9,en-US;q=0.8,en;q=0.7',
  'cookie' => 'PHPSESSID=0mg7hjnivhub9ok0irdau79j0d; JSESSIONID=node0fyiwem5j0v4pqnmhqacoim2d0.node0',
)
[ info ] [ PARAM ] array (
)
[ info ] [ RUN ] app\index\controller\Index->index[ D:\Documents\GitHub\ThinkPHP-demo\application\index\controller\Index.php ]
[ info ] [ SESSION ] INIT array (
  'id' => '',
  'var_session_id' => '',
  'prefix' => 'think',
  'type' => '',
  'auto_start' => true,
)
[ info ] [ VIEW ] D:\Documents\GitHub\ThinkPHP-demo\public/../application/index\view\index\index.html [ array (
  0 => 'data',
) ]
[ info ] [ LOG ] INIT File
---------------------------------------------------------------
[ 2020-07-23T15:07:09+08:00 ] 0.0.0.0 GET localhost/index/login/verify.html
[运行时间：0.137370s] [吞吐率：7.28req/s] [内存消耗：261.86kb] [文件加载：57]
[ info ] [ LANG ] D:\Documents\GitHub\ThinkPHP-demo\thinkphp\lang\zh-cn.php
[ info ] [ ROUTE ] array (
  'type' => 'module',
  'module' => 
  array (
    0 => 'index',
    1 => 'login',
    2 => 'verify',
  ),
)
[ info ] [ HEADER ] array (
  'host' => 'localhost',
  'connection' => 'keep-alive',
  'user-agent' => 'Mozilla/5.0 (Windows NT 10.0; Win64; x64) AppleWebKit/537.36 (KHTML, like Gecko) Chrome/84.0.4147.89 Safari/537.36',
  'dnt' => '1',
  'accept' => 'image/webp,image/apng,image/*,*/*;q=0.8',
  'sec-fetch-site' => 'same-origin',
  'sec-fetch-mode' => 'no-cors',
  'sec-fetch-dest' => 'image',
  'referer' => 'http://localhost/',
  'accept-encoding' => 'gzip, deflate, br',
  'accept-language' => 'zh-CN,zh;q=0.9,en-US;q=0.8,en;q=0.7',
  'cookie' => 'PHPSESSID=0mg7hjnivhub9ok0irdau79j0d; JSESSIONID=node0fyiwem5j0v4pqnmhqacoim2d0.node0',
)
[ info ] [ PARAM ] array (
  '/index/login/verify_html' => '',
)
[ info ] [ DB ] INIT mysql
[ info ] [ RUN ] app\index\controller\Login->verify[ D:\Documents\GitHub\ThinkPHP-demo\application\index\controller\Login.php ]
[ info ] [ SESSION ] INIT array (
  'id' => '',
  'var_session_id' => '',
  'prefix' => 'think',
  'type' => '',
  'auto_start' => true,
)
[ info ] [ LOG ] INIT File
---------------------------------------------------------------
[ 2020-07-23T15:07:10+08:00 ] 0.0.0.0 POST localhost/index/login/cookielogin.html
[运行时间：0.026200s] [吞吐率：38.17req/s] [内存消耗：186.44kb] [文件加载：58]
[ info ] [ LANG ] D:\Documents\GitHub\ThinkPHP-demo\thinkphp\lang\zh-cn.php
[ info ] [ ROUTE ] array (
  'type' => 'module',
  'module' => 
  array (
    0 => 'index',
    1 => 'login',
    2 => 'cookielogin',
  ),
)
[ info ] [ HEADER ] array (
  'host' => 'localhost',
  'connection' => 'keep-alive',
  'content-length' => '0',
  'accept' => '*/*',
  'dnt' => '1',
  'x-requested-with' => 'XMLHttpRequest',
  'user-agent' => 'Mozilla/5.0 (Windows NT 10.0; Win64; x64) AppleWebKit/537.36 (KHTML, like Gecko) Chrome/84.0.4147.89 Safari/537.36',
  'origin' => 'http://localhost',
  'sec-fetch-site' => 'same-origin',
  'sec-fetch-mode' => 'cors',
  'sec-fetch-dest' => 'empty',
  'referer' => 'http://localhost/',
  'accept-encoding' => 'gzip, deflate, br',
  'accept-language' => 'zh-CN,zh;q=0.9,en-US;q=0.8,en;q=0.7',
  'cookie' => 'PHPSESSID=0mg7hjnivhub9ok0irdau79j0d; JSESSIONID=node0fyiwem5j0v4pqnmhqacoim2d0.node0',
)
[ info ] [ PARAM ] array (
  '/index/login/cookielogin_html' => '',
)
[ info ] [ DB ] INIT mysql
[ info ] [ RUN ] app\index\controller\Login->cookieLogin[ D:\Documents\GitHub\ThinkPHP-demo\application\index\controller\Login.php ]
[ info ] [ SESSION ] INIT array (
  'id' => '',
  'var_session_id' => '',
  'prefix' => 'think',
  'type' => '',
  'auto_start' => true,
)
[ info ] [ LOG ] INIT File
---------------------------------------------------------------
[ 2020-07-23T15:07:10+08:00 ] 0.0.0.0 POST localhost/index/index/checkLogined.html
[运行时间：0.050893s] [吞吐率：19.65req/s] [内存消耗：79.65kb] [文件加载：50]
[ info ] [ LANG ] D:\Documents\GitHub\ThinkPHP-demo\thinkphp\lang\zh-cn.php
[ info ] [ ROUTE ] array (
  'type' => 'module',
  'module' => 
  array (
    0 => 'index',
    1 => 'index',
    2 => 'checkLogined',
  ),
)
[ info ] [ HEADER ] array (
  'host' => 'localhost',
  'connection' => 'keep-alive',
  'content-length' => '0',
  'accept' => '*/*',
  'dnt' => '1',
  'x-requested-with' => 'XMLHttpRequest',
  'user-agent' => 'Mozilla/5.0 (Windows NT 10.0; Win64; x64) AppleWebKit/537.36 (KHTML, like Gecko) Chrome/84.0.4147.89 Safari/537.36',
  'origin' => 'http://localhost',
  'sec-fetch-site' => 'same-origin',
  'sec-fetch-mode' => 'cors',
  'sec-fetch-dest' => 'empty',
  'referer' => 'http://localhost/',
  'accept-encoding' => 'gzip, deflate, br',
  'accept-language' => 'zh-CN,zh;q=0.9,en-US;q=0.8,en;q=0.7',
  'cookie' => 'PHPSESSID=0mg7hjnivhub9ok0irdau79j0d; JSESSIONID=node0fyiwem5j0v4pqnmhqacoim2d0.node0',
)
[ info ] [ PARAM ] array (
  '/index/index/checkLogined_html' => '',
)
[ info ] [ RUN ] app\index\controller\Index->checkLogined[ D:\Documents\GitHub\ThinkPHP-demo\application\index\controller\Index.php ]
[ info ] [ SESSION ] INIT array (
  'id' => '',
  'var_session_id' => '',
  'prefix' => 'think',
  'type' => '',
  'auto_start' => true,
)
[ info ] [ LOG ] INIT File
---------------------------------------------------------------
[ 2020-07-23T15:07:11+08:00 ] 0.0.0.0 GET localhost/index/profile/userInfo.html
[运行时间：0.025899s] [吞吐率：38.61req/s] [内存消耗：212.32kb] [文件加载：62]
[ info ] [ LANG ] D:\Documents\GitHub\ThinkPHP-demo\thinkphp\lang\zh-cn.php
[ info ] [ ROUTE ] array (
  'type' => 'module',
  'module' => 
  array (
    0 => 'index',
    1 => 'profile',
    2 => 'userInfo',
  ),
)
[ info ] [ HEADER ] array (
  'host' => 'localhost',
  'connection' => 'keep-alive',
  'upgrade-insecure-requests' => '1',
  'dnt' => '1',
  'user-agent' => 'Mozilla/5.0 (Windows NT 10.0; Win64; x64) AppleWebKit/537.36 (KHTML, like Gecko) Chrome/84.0.4147.89 Safari/537.36',
  'accept' => 'text/html,application/xhtml+xml,application/xml;q=0.9,image/webp,image/apng,*/*;q=0.8,application/signed-exchange;v=b3;q=0.9',
  'sec-fetch-site' => 'same-origin',
  'sec-fetch-mode' => 'navigate',
  'sec-fetch-user' => '?1',
  'sec-fetch-dest' => 'document',
  'referer' => 'http://localhost/',
  'accept-encoding' => 'gzip, deflate, br',
  'accept-language' => 'zh-CN,zh;q=0.9,en-US;q=0.8,en;q=0.7',
  'cookie' => 'PHPSESSID=0mg7hjnivhub9ok0irdau79j0d; JSESSIONID=node0fyiwem5j0v4pqnmhqacoim2d0.node0',
)
[ info ] [ PARAM ] array (
  '/index/profile/userInfo_html' => '',
)
[ info ] [ DB ] INIT mysql
[ info ] [ RUN ] app\index\controller\Profile->userInfo[ D:\Documents\GitHub\ThinkPHP-demo\application\index\controller\Profile.php ]
[ info ] [ SESSION ] INIT array (
  'id' => '',
  'var_session_id' => '',
  'prefix' => 'think',
  'type' => '',
  'auto_start' => true,
)
[ info ] [ LOG ] INIT File
---------------------------------------------------------------
[ 2020-07-23T15:07:11+08:00 ] 0.0.0.0 GET localhost/index/profile/profile.html
[运行时间：0.075209s] [吞吐率：13.30req/s] [内存消耗：340.55kb] [文件加载：63]
[ info ] [ LANG ] D:\Documents\GitHub\ThinkPHP-demo\thinkphp\lang\zh-cn.php
[ info ] [ ROUTE ] array (
  'type' => 'module',
  'module' => 
  array (
    0 => 'index',
    1 => 'profile',
    2 => 'profile',
  ),
)
[ info ] [ HEADER ] array (
  'host' => 'localhost',
  'connection' => 'keep-alive',
  'upgrade-insecure-requests' => '1',
  'dnt' => '1',
  'user-agent' => 'Mozilla/5.0 (Windows NT 10.0; Win64; x64) AppleWebKit/537.36 (KHTML, like Gecko) Chrome/84.0.4147.89 Safari/537.36',
  'accept' => 'text/html,application/xhtml+xml,application/xml;q=0.9,image/webp,image/apng,*/*;q=0.8,application/signed-exchange;v=b3;q=0.9',
  'sec-fetch-site' => 'same-origin',
  'sec-fetch-mode' => 'navigate',
  'sec-fetch-user' => '?1',
  'sec-fetch-dest' => 'document',
  'referer' => 'http://localhost/',
  'accept-encoding' => 'gzip, deflate, br',
  'accept-language' => 'zh-CN,zh;q=0.9,en-US;q=0.8,en;q=0.7',
  'cookie' => 'PHPSESSID=0mg7hjnivhub9ok0irdau79j0d; JSESSIONID=node0fyiwem5j0v4pqnmhqacoim2d0.node0',
)
[ info ] [ PARAM ] array (
  '/index/profile/profile_html' => '',
)
[ info ] [ DB ] INIT mysql
[ info ] [ RUN ] app\index\controller\Profile->profile[ D:\Documents\GitHub\ThinkPHP-demo\application\index\controller\Profile.php ]
[ info ] [ SESSION ] INIT array (
  'id' => '',
  'var_session_id' => '',
  'prefix' => 'think',
  'type' => '',
  'auto_start' => true,
)
[ info ] [ VIEW ] D:\Documents\GitHub\ThinkPHP-demo\public/../application/index\view\profile\profile.html [ array (
  0 => 'title',
  1 => 'menus',
  2 => 'data',
) ]
[ info ] [ LOG ] INIT File
[ sql ] [ DB ] CONNECT:[ UseTime:0.002231s ] mysql:host=127.0.0.1;port=3306;dbname=grizzlycore;charset=utf8
[ sql ] [ SQL ] SHOW COLUMNS FROM `grizzly_web` [ RunTime:0.004011s ]
[ sql ] [ SQL ] SELECT * FROM `grizzly_web` WHERE  `id` = 12 LIMIT 1 [ RunTime:0.001859s ]
[ sql ] [ SQL ] SHOW COLUMNS FROM `grizzly_role` [ RunTime:0.001702s ]
[ sql ] [ SQL ] SELECT * FROM `grizzly_role` WHERE  `role_id` = 1 LIMIT 1 [ RunTime:0.001571s ]
[ sql ] [ SQL ] SHOW COLUMNS FROM `grizzly_auth` [ RunTime:0.002142s ]
[ sql ] [ SQL ] SELECT * FROM `grizzly_auth` WHERE  `auth_id` = 1 LIMIT 1 [ RunTime:0.001838s ]
[ sql ] [ SQL ] SELECT * FROM `grizzly_auth` WHERE  `auth_id` = 2 LIMIT 1 [ RunTime:0.001110s ]
[ sql ] [ SQL ] SELECT * FROM `grizzly_auth` WHERE  `auth_id` = 3 LIMIT 1 [ RunTime:0.000791s ]
[ sql ] [ SQL ] SELECT * FROM `grizzly_auth` WHERE  `auth_id` = 4 LIMIT 1 [ RunTime:0.000735s ]
[ sql ] [ SQL ] SELECT * FROM `grizzly_auth` WHERE  `auth_id` = 5 LIMIT 1 [ RunTime:0.000614s ]
[ sql ] [ SQL ] SELECT * FROM `grizzly_auth` WHERE  `auth_id` = 6 LIMIT 1 [ RunTime:0.000769s ]
[ sql ] [ SQL ] SELECT * FROM `grizzly_auth` WHERE  `auth_id` = 7 LIMIT 1 [ RunTime:0.000822s ]
[ sql ] [ SQL ] SELECT * FROM `grizzly_auth` WHERE  `auth_id` = 8 LIMIT 1 [ RunTime:0.000710s ]
---------------------------------------------------------------
[ 2020-07-23T15:07:11+08:00 ] 0.0.0.0 POST localhost/index/index/checkLogined.html
[运行时间：0.024742s] [吞吐率：40.42req/s] [内存消耗：79.51kb] [文件加载：50]
[ info ] [ LANG ] D:\Documents\GitHub\ThinkPHP-demo\thinkphp\lang\zh-cn.php
[ info ] [ ROUTE ] array (
  'type' => 'module',
  'module' => 
  array (
    0 => 'index',
    1 => 'index',
    2 => 'checkLogined',
  ),
)
[ info ] [ HEADER ] array (
  'host' => 'localhost',
  'connection' => 'keep-alive',
  'content-length' => '0',
  'accept' => '*/*',
  'dnt' => '1',
  'x-requested-with' => 'XMLHttpRequest',
  'user-agent' => 'Mozilla/5.0 (Windows NT 10.0; Win64; x64) AppleWebKit/537.36 (KHTML, like Gecko) Chrome/84.0.4147.89 Safari/537.36',
  'origin' => 'http://localhost',
  'sec-fetch-site' => 'same-origin',
  'sec-fetch-mode' => 'cors',
  'sec-fetch-dest' => 'empty',
  'referer' => 'http://localhost/index/profile/profile.html',
  'accept-encoding' => 'gzip, deflate, br',
  'accept-language' => 'zh-CN,zh;q=0.9,en-US;q=0.8,en;q=0.7',
  'cookie' => 'PHPSESSID=0mg7hjnivhub9ok0irdau79j0d; JSESSIONID=node0fyiwem5j0v4pqnmhqacoim2d0.node0',
)
[ info ] [ PARAM ] array (
  '/index/index/checkLogined_html' => '',
)
[ info ] [ RUN ] app\index\controller\Index->checkLogined[ D:\Documents\GitHub\ThinkPHP-demo\application\index\controller\Index.php ]
[ info ] [ SESSION ] INIT array (
  'id' => '',
  'var_session_id' => '',
  'prefix' => 'think',
  'type' => '',
  'auto_start' => true,
)
[ info ] [ LOG ] INIT File
---------------------------------------------------------------
[ 2020-07-23T15:07:11+08:00 ] 0.0.0.0 POST localhost/index/login/cookielogin.html
[运行时间：0.028981s] [吞吐率：34.51req/s] [内存消耗：185.19kb] [文件加载：58]
[ info ] [ LANG ] D:\Documents\GitHub\ThinkPHP-demo\thinkphp\lang\zh-cn.php
[ info ] [ ROUTE ] array (
  'type' => 'module',
  'module' => 
  array (
    0 => 'index',
    1 => 'login',
    2 => 'cookielogin',
  ),
)
[ info ] [ HEADER ] array (
  'host' => 'localhost',
  'connection' => 'keep-alive',
  'content-length' => '0',
  'accept' => '*/*',
  'dnt' => '1',
  'x-requested-with' => 'XMLHttpRequest',
  'user-agent' => 'Mozilla/5.0 (Windows NT 10.0; Win64; x64) AppleWebKit/537.36 (KHTML, like Gecko) Chrome/84.0.4147.89 Safari/537.36',
  'origin' => 'http://localhost',
  'sec-fetch-site' => 'same-origin',
  'sec-fetch-mode' => 'cors',
  'sec-fetch-dest' => 'empty',
  'referer' => 'http://localhost/index/profile/profile.html',
  'accept-encoding' => 'gzip, deflate, br',
  'accept-language' => 'zh-CN,zh;q=0.9,en-US;q=0.8,en;q=0.7',
  'cookie' => 'PHPSESSID=0mg7hjnivhub9ok0irdau79j0d; JSESSIONID=node0fyiwem5j0v4pqnmhqacoim2d0.node0',
)
[ info ] [ PARAM ] array (
  '/index/login/cookielogin_html' => '',
)
[ info ] [ DB ] INIT mysql
[ info ] [ RUN ] app\index\controller\Login->cookieLogin[ D:\Documents\GitHub\ThinkPHP-demo\application\index\controller\Login.php ]
[ info ] [ SESSION ] INIT array (
  'id' => '',
  'var_session_id' => '',
  'prefix' => 'think',
  'type' => '',
  'auto_start' => true,
)
[ info ] [ LOG ] INIT File
---------------------------------------------------------------
[ 2020-07-23T15:07:15+08:00 ] 0.0.0.0 GET localhost/index/index/index.html
[运行时间：0.027184s] [吞吐率：36.79req/s] [内存消耗：81.68kb] [文件加载：52]
[ info ] [ LANG ] D:\Documents\GitHub\ThinkPHP-demo\thinkphp\lang\zh-cn.php
[ info ] [ ROUTE ] array (
  'type' => 'module',
  'module' => 
  array (
    0 => 'index',
    1 => 'index',
    2 => 'index',
  ),
)
[ info ] [ HEADER ] array (
  'host' => 'localhost',
  'connection' => 'keep-alive',
  'upgrade-insecure-requests' => '1',
  'dnt' => '1',
  'user-agent' => 'Mozilla/5.0 (Windows NT 10.0; Win64; x64) AppleWebKit/537.36 (KHTML, like Gecko) Chrome/84.0.4147.89 Safari/537.36',
  'accept' => 'text/html,application/xhtml+xml,application/xml;q=0.9,image/webp,image/apng,*/*;q=0.8,application/signed-exchange;v=b3;q=0.9',
  'sec-fetch-site' => 'same-origin',
  'sec-fetch-mode' => 'navigate',
  'sec-fetch-user' => '?1',
  'sec-fetch-dest' => 'document',
  'referer' => 'http://localhost/index/profile/profile.html',
  'accept-encoding' => 'gzip, deflate, br',
  'accept-language' => 'zh-CN,zh;q=0.9,en-US;q=0.8,en;q=0.7',
  'cookie' => 'PHPSESSID=0mg7hjnivhub9ok0irdau79j0d; JSESSIONID=node0fyiwem5j0v4pqnmhqacoim2d0.node0',
)
[ info ] [ PARAM ] array (
  '/index/index/index_html' => '',
)
[ info ] [ RUN ] app\index\controller\Index->index[ D:\Documents\GitHub\ThinkPHP-demo\application\index\controller\Index.php ]
[ info ] [ SESSION ] INIT array (
  'id' => '',
  'var_session_id' => '',
  'prefix' => 'think',
  'type' => '',
  'auto_start' => true,
)
[ info ] [ VIEW ] D:\Documents\GitHub\ThinkPHP-demo\public/../application/index\view\index\index.html [ array (
  0 => 'data',
) ]
[ info ] [ LOG ] INIT File
---------------------------------------------------------------
[ 2020-07-23T15:07:15+08:00 ] 0.0.0.0 GET localhost/index/login/verify.html
[运行时间：0.036075s] [吞吐率：27.72req/s] [内存消耗：194.95kb] [文件加载：57]
[ info ] [ LANG ] D:\Documents\GitHub\ThinkPHP-demo\thinkphp\lang\zh-cn.php
[ info ] [ ROUTE ] array (
  'type' => 'module',
  'module' => 
  array (
    0 => 'index',
    1 => 'login',
    2 => 'verify',
  ),
)
[ info ] [ HEADER ] array (
  'host' => 'localhost',
  'connection' => 'keep-alive',
  'user-agent' => 'Mozilla/5.0 (Windows NT 10.0; Win64; x64) AppleWebKit/537.36 (KHTML, like Gecko) Chrome/84.0.4147.89 Safari/537.36',
  'dnt' => '1',
  'accept' => 'image/webp,image/apng,image/*,*/*;q=0.8',
  'sec-fetch-site' => 'same-origin',
  'sec-fetch-mode' => 'no-cors',
  'sec-fetch-dest' => 'image',
  'referer' => 'http://localhost/index/index/index.html',
  'accept-encoding' => 'gzip, deflate, br',
  'accept-language' => 'zh-CN,zh;q=0.9,en-US;q=0.8,en;q=0.7',
  'cookie' => 'PHPSESSID=0mg7hjnivhub9ok0irdau79j0d; JSESSIONID=node0fyiwem5j0v4pqnmhqacoim2d0.node0',
)
[ info ] [ PARAM ] array (
  '/index/login/verify_html' => '',
)
[ info ] [ DB ] INIT mysql
[ info ] [ RUN ] app\index\controller\Login->verify[ D:\Documents\GitHub\ThinkPHP-demo\application\index\controller\Login.php ]
[ info ] [ SESSION ] INIT array (
  'id' => '',
  'var_session_id' => '',
  'prefix' => 'think',
  'type' => '',
  'auto_start' => true,
)
[ info ] [ LOG ] INIT File
---------------------------------------------------------------
[ 2020-07-23T15:07:15+08:00 ] 0.0.0.0 POST localhost/index/index/checkLogined.html
[运行时间：0.021357s] [吞吐率：46.82req/s] [内存消耗：79.49kb] [文件加载：50]
[ info ] [ LANG ] D:\Documents\GitHub\ThinkPHP-demo\thinkphp\lang\zh-cn.php
[ info ] [ ROUTE ] array (
  'type' => 'module',
  'module' => 
  array (
    0 => 'index',
    1 => 'index',
    2 => 'checkLogined',
  ),
)
[ info ] [ HEADER ] array (
  'host' => 'localhost',
  'connection' => 'keep-alive',
  'content-length' => '0',
  'accept' => '*/*',
  'dnt' => '1',
  'x-requested-with' => 'XMLHttpRequest',
  'user-agent' => 'Mozilla/5.0 (Windows NT 10.0; Win64; x64) AppleWebKit/537.36 (KHTML, like Gecko) Chrome/84.0.4147.89 Safari/537.36',
  'origin' => 'http://localhost',
  'sec-fetch-site' => 'same-origin',
  'sec-fetch-mode' => 'cors',
  'sec-fetch-dest' => 'empty',
  'referer' => 'http://localhost/index/index/index.html',
  'accept-encoding' => 'gzip, deflate, br',
  'accept-language' => 'zh-CN,zh;q=0.9,en-US;q=0.8,en;q=0.7',
  'cookie' => 'PHPSESSID=0mg7hjnivhub9ok0irdau79j0d; JSESSIONID=node0fyiwem5j0v4pqnmhqacoim2d0.node0',
)
[ info ] [ PARAM ] array (
  '/index/index/checkLogined_html' => '',
)
[ info ] [ RUN ] app\index\controller\Index->checkLogined[ D:\Documents\GitHub\ThinkPHP-demo\application\index\controller\Index.php ]
[ info ] [ SESSION ] INIT array (
  'id' => '',
  'var_session_id' => '',
  'prefix' => 'think',
  'type' => '',
  'auto_start' => true,
)
[ info ] [ LOG ] INIT File
---------------------------------------------------------------
[ 2020-07-23T15:07:15+08:00 ] 0.0.0.0 POST localhost/index/login/cookielogin.html
[运行时间：0.028647s] [吞吐率：34.91req/s] [内存消耗：185.17kb] [文件加载：58]
[ info ] [ LANG ] D:\Documents\GitHub\ThinkPHP-demo\thinkphp\lang\zh-cn.php
[ info ] [ ROUTE ] array (
  'type' => 'module',
  'module' => 
  array (
    0 => 'index',
    1 => 'login',
    2 => 'cookielogin',
  ),
)
[ info ] [ HEADER ] array (
  'host' => 'localhost',
  'connection' => 'keep-alive',
  'content-length' => '0',
  'accept' => '*/*',
  'dnt' => '1',
  'x-requested-with' => 'XMLHttpRequest',
  'user-agent' => 'Mozilla/5.0 (Windows NT 10.0; Win64; x64) AppleWebKit/537.36 (KHTML, like Gecko) Chrome/84.0.4147.89 Safari/537.36',
  'origin' => 'http://localhost',
  'sec-fetch-site' => 'same-origin',
  'sec-fetch-mode' => 'cors',
  'sec-fetch-dest' => 'empty',
  'referer' => 'http://localhost/index/index/index.html',
  'accept-encoding' => 'gzip, deflate, br',
  'accept-language' => 'zh-CN,zh;q=0.9,en-US;q=0.8,en;q=0.7',
  'cookie' => 'PHPSESSID=0mg7hjnivhub9ok0irdau79j0d; JSESSIONID=node0fyiwem5j0v4pqnmhqacoim2d0.node0',
)
[ info ] [ PARAM ] array (
  '/index/login/cookielogin_html' => '',
)
[ info ] [ DB ] INIT mysql
[ info ] [ RUN ] app\index\controller\Login->cookieLogin[ D:\Documents\GitHub\ThinkPHP-demo\application\index\controller\Login.php ]
[ info ] [ SESSION ] INIT array (
  'id' => '',
  'var_session_id' => '',
  'prefix' => 'think',
  'type' => '',
  'auto_start' => true,
)
[ info ] [ LOG ] INIT File
---------------------------------------------------------------
[ 2020-07-23T16:25:27+08:00 ] 0.0.0.0 GET localhost/
[运行时间：0.032815s] [吞吐率：30.47req/s] [内存消耗：78.48kb] [文件加载：52]
[ info ] [ LANG ] D:\Documents\GitHub\ThinkPHP-demo\thinkphp\lang\zh-cn.php
[ info ] [ ROUTE ] array (
  'type' => 'module',
  'module' => 
  array (
    0 => '',
    1 => NULL,
    2 => NULL,
  ),
)
[ info ] [ HEADER ] array (
  'host' => 'localhost',
  'connection' => 'keep-alive',
  'dnt' => '1',
  'upgrade-insecure-requests' => '1',
  'user-agent' => 'Mozilla/5.0 (Windows NT 10.0; Win64; x64) AppleWebKit/537.36 (KHTML, like Gecko) Chrome/84.0.4147.89 Safari/537.36',
  'accept' => 'text/html,application/xhtml+xml,application/xml;q=0.9,image/webp,image/apng,*/*;q=0.8,application/signed-exchange;v=b3;q=0.9',
  'sec-fetch-site' => 'none',
  'sec-fetch-mode' => 'navigate',
  'sec-fetch-user' => '?1',
  'sec-fetch-dest' => 'document',
  'accept-encoding' => 'gzip, deflate, br',
  'accept-language' => 'zh-CN,zh;q=0.9,en-US;q=0.8,en;q=0.7',
  'cookie' => 'PHPSESSID=0mg7hjnivhub9ok0irdau79j0d; JSESSIONID=node0fyiwem5j0v4pqnmhqacoim2d0.node0',
)
[ info ] [ PARAM ] array (
)
[ info ] [ RUN ] app\index\controller\Index->index[ D:\Documents\GitHub\ThinkPHP-demo\application\index\controller\Index.php ]
[ info ] [ SESSION ] INIT array (
  'id' => '',
  'var_session_id' => '',
  'prefix' => 'think',
  'type' => '',
  'auto_start' => true,
)
[ info ] [ VIEW ] D:\Documents\GitHub\ThinkPHP-demo\public/../application/index\view\index\index.html [ array (
  0 => 'data',
) ]
[ info ] [ LOG ] INIT File
---------------------------------------------------------------
[ 2020-07-23T16:25:27+08:00 ] 0.0.0.0 GET localhost/index/login/verify.html
[运行时间：0.039127s] [吞吐率：25.56req/s] [内存消耗：194.68kb] [文件加载：57]
[ info ] [ LANG ] D:\Documents\GitHub\ThinkPHP-demo\thinkphp\lang\zh-cn.php
[ info ] [ ROUTE ] array (
  'type' => 'module',
  'module' => 
  array (
    0 => 'index',
    1 => 'login',
    2 => 'verify',
  ),
)
[ info ] [ HEADER ] array (
  'host' => 'localhost',
  'connection' => 'keep-alive',
  'user-agent' => 'Mozilla/5.0 (Windows NT 10.0; Win64; x64) AppleWebKit/537.36 (KHTML, like Gecko) Chrome/84.0.4147.89 Safari/537.36',
  'dnt' => '1',
  'accept' => 'image/webp,image/apng,image/*,*/*;q=0.8',
  'sec-fetch-site' => 'same-origin',
  'sec-fetch-mode' => 'no-cors',
  'sec-fetch-dest' => 'image',
  'referer' => 'http://localhost/',
  'accept-encoding' => 'gzip, deflate, br',
  'accept-language' => 'zh-CN,zh;q=0.9,en-US;q=0.8,en;q=0.7',
  'cookie' => 'PHPSESSID=0mg7hjnivhub9ok0irdau79j0d; JSESSIONID=node0fyiwem5j0v4pqnmhqacoim2d0.node0',
)
[ info ] [ PARAM ] array (
  '/index/login/verify_html' => '',
)
[ info ] [ DB ] INIT mysql
[ info ] [ RUN ] app\index\controller\Login->verify[ D:\Documents\GitHub\ThinkPHP-demo\application\index\controller\Login.php ]
[ info ] [ SESSION ] INIT array (
  'id' => '',
  'var_session_id' => '',
  'prefix' => 'think',
  'type' => '',
  'auto_start' => true,
)
[ info ] [ LOG ] INIT File
---------------------------------------------------------------
[ 2020-07-23T16:25:27+08:00 ] 0.0.0.0 POST localhost/index/login/cookielogin.html
[运行时间：0.017512s] [吞吐率：57.10req/s] [内存消耗：185.16kb] [文件加载：58]
[ info ] [ LANG ] D:\Documents\GitHub\ThinkPHP-demo\thinkphp\lang\zh-cn.php
[ info ] [ ROUTE ] array (
  'type' => 'module',
  'module' => 
  array (
    0 => 'index',
    1 => 'login',
    2 => 'cookielogin',
  ),
)
[ info ] [ HEADER ] array (
  'host' => 'localhost',
  'connection' => 'keep-alive',
  'content-length' => '0',
  'accept' => '*/*',
  'dnt' => '1',
  'x-requested-with' => 'XMLHttpRequest',
  'user-agent' => 'Mozilla/5.0 (Windows NT 10.0; Win64; x64) AppleWebKit/537.36 (KHTML, like Gecko) Chrome/84.0.4147.89 Safari/537.36',
  'origin' => 'http://localhost',
  'sec-fetch-site' => 'same-origin',
  'sec-fetch-mode' => 'cors',
  'sec-fetch-dest' => 'empty',
  'referer' => 'http://localhost/',
  'accept-encoding' => 'gzip, deflate, br',
  'accept-language' => 'zh-CN,zh;q=0.9,en-US;q=0.8,en;q=0.7',
  'cookie' => 'PHPSESSID=0mg7hjnivhub9ok0irdau79j0d; JSESSIONID=node0fyiwem5j0v4pqnmhqacoim2d0.node0',
)
[ info ] [ PARAM ] array (
  '/index/login/cookielogin_html' => '',
)
[ info ] [ DB ] INIT mysql
[ info ] [ RUN ] app\index\controller\Login->cookieLogin[ D:\Documents\GitHub\ThinkPHP-demo\application\index\controller\Login.php ]
[ info ] [ SESSION ] INIT array (
  'id' => '',
  'var_session_id' => '',
  'prefix' => 'think',
  'type' => '',
  'auto_start' => true,
)
[ info ] [ LOG ] INIT File
---------------------------------------------------------------
[ 2020-07-23T16:25:27+08:00 ] 0.0.0.0 POST localhost/index/index/checkLogined.html
[运行时间：0.028159s] [吞吐率：35.51req/s] [内存消耗：79.48kb] [文件加载：50]
[ info ] [ LANG ] D:\Documents\GitHub\ThinkPHP-demo\thinkphp\lang\zh-cn.php
[ info ] [ ROUTE ] array (
  'type' => 'module',
  'module' => 
  array (
    0 => 'index',
    1 => 'index',
    2 => 'checkLogined',
  ),
)
[ info ] [ HEADER ] array (
  'host' => 'localhost',
  'connection' => 'keep-alive',
  'content-length' => '0',
  'accept' => '*/*',
  'dnt' => '1',
  'x-requested-with' => 'XMLHttpRequest',
  'user-agent' => 'Mozilla/5.0 (Windows NT 10.0; Win64; x64) AppleWebKit/537.36 (KHTML, like Gecko) Chrome/84.0.4147.89 Safari/537.36',
  'origin' => 'http://localhost',
  'sec-fetch-site' => 'same-origin',
  'sec-fetch-mode' => 'cors',
  'sec-fetch-dest' => 'empty',
  'referer' => 'http://localhost/',
  'accept-encoding' => 'gzip, deflate, br',
  'accept-language' => 'zh-CN,zh;q=0.9,en-US;q=0.8,en;q=0.7',
  'cookie' => 'PHPSESSID=0mg7hjnivhub9ok0irdau79j0d; JSESSIONID=node0fyiwem5j0v4pqnmhqacoim2d0.node0',
)
[ info ] [ PARAM ] array (
  '/index/index/checkLogined_html' => '',
)
[ info ] [ RUN ] app\index\controller\Index->checkLogined[ D:\Documents\GitHub\ThinkPHP-demo\application\index\controller\Index.php ]
[ info ] [ SESSION ] INIT array (
  'id' => '',
  'var_session_id' => '',
  'prefix' => 'think',
  'type' => '',
  'auto_start' => true,
)
[ info ] [ LOG ] INIT File
---------------------------------------------------------------
[ 2020-07-23T16:25:28+08:00 ] 0.0.0.0 GET localhost/index/profile/userInfo.html
[运行时间：0.016756s] [吞吐率：59.68req/s] [内存消耗：210.79kb] [文件加载：62]
[ info ] [ LANG ] D:\Documents\GitHub\ThinkPHP-demo\thinkphp\lang\zh-cn.php
[ info ] [ ROUTE ] array (
  'type' => 'module',
  'module' => 
  array (
    0 => 'index',
    1 => 'profile',
    2 => 'userInfo',
  ),
)
[ info ] [ HEADER ] array (
  'host' => 'localhost',
  'connection' => 'keep-alive',
  'upgrade-insecure-requests' => '1',
  'dnt' => '1',
  'user-agent' => 'Mozilla/5.0 (Windows NT 10.0; Win64; x64) AppleWebKit/537.36 (KHTML, like Gecko) Chrome/84.0.4147.89 Safari/537.36',
  'accept' => 'text/html,application/xhtml+xml,application/xml;q=0.9,image/webp,image/apng,*/*;q=0.8,application/signed-exchange;v=b3;q=0.9',
  'sec-fetch-site' => 'same-origin',
  'sec-fetch-mode' => 'navigate',
  'sec-fetch-user' => '?1',
  'sec-fetch-dest' => 'document',
  'referer' => 'http://localhost/',
  'accept-encoding' => 'gzip, deflate, br',
  'accept-language' => 'zh-CN,zh;q=0.9,en-US;q=0.8,en;q=0.7',
  'cookie' => 'PHPSESSID=0mg7hjnivhub9ok0irdau79j0d; JSESSIONID=node0fyiwem5j0v4pqnmhqacoim2d0.node0',
)
[ info ] [ PARAM ] array (
  '/index/profile/userInfo_html' => '',
)
[ info ] [ DB ] INIT mysql
[ info ] [ RUN ] app\index\controller\Profile->userInfo[ D:\Documents\GitHub\ThinkPHP-demo\application\index\controller\Profile.php ]
[ info ] [ SESSION ] INIT array (
  'id' => '',
  'var_session_id' => '',
  'prefix' => 'think',
  'type' => '',
  'auto_start' => true,
)
[ info ] [ LOG ] INIT File
---------------------------------------------------------------
[ 2020-07-23T16:25:28+08:00 ] 0.0.0.0 GET localhost/index/profile/profile.html
[运行时间：0.034909s] [吞吐率：28.65req/s] [内存消耗：339.34kb] [文件加载：63]
[ info ] [ LANG ] D:\Documents\GitHub\ThinkPHP-demo\thinkphp\lang\zh-cn.php
[ info ] [ ROUTE ] array (
  'type' => 'module',
  'module' => 
  array (
    0 => 'index',
    1 => 'profile',
    2 => 'profile',
  ),
)
[ info ] [ HEADER ] array (
  'host' => 'localhost',
  'connection' => 'keep-alive',
  'upgrade-insecure-requests' => '1',
  'dnt' => '1',
  'user-agent' => 'Mozilla/5.0 (Windows NT 10.0; Win64; x64) AppleWebKit/537.36 (KHTML, like Gecko) Chrome/84.0.4147.89 Safari/537.36',
  'accept' => 'text/html,application/xhtml+xml,application/xml;q=0.9,image/webp,image/apng,*/*;q=0.8,application/signed-exchange;v=b3;q=0.9',
  'sec-fetch-site' => 'same-origin',
  'sec-fetch-mode' => 'navigate',
  'sec-fetch-user' => '?1',
  'sec-fetch-dest' => 'document',
  'referer' => 'http://localhost/',
  'accept-encoding' => 'gzip, deflate, br',
  'accept-language' => 'zh-CN,zh;q=0.9,en-US;q=0.8,en;q=0.7',
  'cookie' => 'PHPSESSID=0mg7hjnivhub9ok0irdau79j0d; JSESSIONID=node0fyiwem5j0v4pqnmhqacoim2d0.node0',
)
[ info ] [ PARAM ] array (
  '/index/profile/profile_html' => '',
)
[ info ] [ DB ] INIT mysql
[ info ] [ RUN ] app\index\controller\Profile->profile[ D:\Documents\GitHub\ThinkPHP-demo\application\index\controller\Profile.php ]
[ info ] [ SESSION ] INIT array (
  'id' => '',
  'var_session_id' => '',
  'prefix' => 'think',
  'type' => '',
  'auto_start' => true,
)
[ info ] [ VIEW ] D:\Documents\GitHub\ThinkPHP-demo\public/../application/index\view\profile\profile.html [ array (
  0 => 'title',
  1 => 'menus',
  2 => 'data',
) ]
[ info ] [ LOG ] INIT File
[ sql ] [ DB ] CONNECT:[ UseTime:0.001151s ] mysql:host=127.0.0.1;port=3306;dbname=grizzlycore;charset=utf8
[ sql ] [ SQL ] SHOW COLUMNS FROM `grizzly_web` [ RunTime:0.002209s ]
[ sql ] [ SQL ] SELECT * FROM `grizzly_web` WHERE  `id` = 12 LIMIT 1 [ RunTime:0.001191s ]
[ sql ] [ SQL ] SHOW COLUMNS FROM `grizzly_role` [ RunTime:0.001201s ]
[ sql ] [ SQL ] SELECT * FROM `grizzly_role` WHERE  `role_id` = 1 LIMIT 1 [ RunTime:0.000841s ]
[ sql ] [ SQL ] SHOW COLUMNS FROM `grizzly_auth` [ RunTime:0.000937s ]
[ sql ] [ SQL ] SELECT * FROM `grizzly_auth` WHERE  `auth_id` = 1 LIMIT 1 [ RunTime:0.000933s ]
[ sql ] [ SQL ] SELECT * FROM `grizzly_auth` WHERE  `auth_id` = 2 LIMIT 1 [ RunTime:0.000561s ]
[ sql ] [ SQL ] SELECT * FROM `grizzly_auth` WHERE  `auth_id` = 3 LIMIT 1 [ RunTime:0.000450s ]
[ sql ] [ SQL ] SELECT * FROM `grizzly_auth` WHERE  `auth_id` = 4 LIMIT 1 [ RunTime:0.000547s ]
[ sql ] [ SQL ] SELECT * FROM `grizzly_auth` WHERE  `auth_id` = 5 LIMIT 1 [ RunTime:0.000396s ]
[ sql ] [ SQL ] SELECT * FROM `grizzly_auth` WHERE  `auth_id` = 6 LIMIT 1 [ RunTime:0.000422s ]
[ sql ] [ SQL ] SELECT * FROM `grizzly_auth` WHERE  `auth_id` = 7 LIMIT 1 [ RunTime:0.000443s ]
[ sql ] [ SQL ] SELECT * FROM `grizzly_auth` WHERE  `auth_id` = 8 LIMIT 1 [ RunTime:0.000530s ]
---------------------------------------------------------------
[ 2020-07-23T16:25:29+08:00 ] 0.0.0.0 POST localhost/index/index/checkLogined.html
[运行时间：0.015833s] [吞吐率：63.16req/s] [内存消耗：79.51kb] [文件加载：50]
[ info ] [ LANG ] D:\Documents\GitHub\ThinkPHP-demo\thinkphp\lang\zh-cn.php
[ info ] [ ROUTE ] array (
  'type' => 'module',
  'module' => 
  array (
    0 => 'index',
    1 => 'index',
    2 => 'checkLogined',
  ),
)
[ info ] [ HEADER ] array (
  'host' => 'localhost',
  'connection' => 'keep-alive',
  'content-length' => '0',
  'accept' => '*/*',
  'dnt' => '1',
  'x-requested-with' => 'XMLHttpRequest',
  'user-agent' => 'Mozilla/5.0 (Windows NT 10.0; Win64; x64) AppleWebKit/537.36 (KHTML, like Gecko) Chrome/84.0.4147.89 Safari/537.36',
  'origin' => 'http://localhost',
  'sec-fetch-site' => 'same-origin',
  'sec-fetch-mode' => 'cors',
  'sec-fetch-dest' => 'empty',
  'referer' => 'http://localhost/index/profile/profile.html',
  'accept-encoding' => 'gzip, deflate, br',
  'accept-language' => 'zh-CN,zh;q=0.9,en-US;q=0.8,en;q=0.7',
  'cookie' => 'PHPSESSID=0mg7hjnivhub9ok0irdau79j0d; JSESSIONID=node0fyiwem5j0v4pqnmhqacoim2d0.node0',
)
[ info ] [ PARAM ] array (
  '/index/index/checkLogined_html' => '',
)
[ info ] [ RUN ] app\index\controller\Index->checkLogined[ D:\Documents\GitHub\ThinkPHP-demo\application\index\controller\Index.php ]
[ info ] [ SESSION ] INIT array (
  'id' => '',
  'var_session_id' => '',
  'prefix' => 'think',
  'type' => '',
  'auto_start' => true,
)
[ info ] [ LOG ] INIT File
---------------------------------------------------------------
[ 2020-07-23T16:25:29+08:00 ] 0.0.0.0 POST localhost/index/login/cookielogin.html
[运行时间：0.021251s] [吞吐率：47.06req/s] [内存消耗：185.19kb] [文件加载：58]
[ info ] [ LANG ] D:\Documents\GitHub\ThinkPHP-demo\thinkphp\lang\zh-cn.php
[ info ] [ ROUTE ] array (
  'type' => 'module',
  'module' => 
  array (
    0 => 'index',
    1 => 'login',
    2 => 'cookielogin',
  ),
)
[ info ] [ HEADER ] array (
  'host' => 'localhost',
  'connection' => 'keep-alive',
  'content-length' => '0',
  'accept' => '*/*',
  'dnt' => '1',
  'x-requested-with' => 'XMLHttpRequest',
  'user-agent' => 'Mozilla/5.0 (Windows NT 10.0; Win64; x64) AppleWebKit/537.36 (KHTML, like Gecko) Chrome/84.0.4147.89 Safari/537.36',
  'origin' => 'http://localhost',
  'sec-fetch-site' => 'same-origin',
  'sec-fetch-mode' => 'cors',
  'sec-fetch-dest' => 'empty',
  'referer' => 'http://localhost/index/profile/profile.html',
  'accept-encoding' => 'gzip, deflate, br',
  'accept-language' => 'zh-CN,zh;q=0.9,en-US;q=0.8,en;q=0.7',
  'cookie' => 'PHPSESSID=0mg7hjnivhub9ok0irdau79j0d; JSESSIONID=node0fyiwem5j0v4pqnmhqacoim2d0.node0',
)
[ info ] [ PARAM ] array (
  '/index/login/cookielogin_html' => '',
)
[ info ] [ DB ] INIT mysql
[ info ] [ RUN ] app\index\controller\Login->cookieLogin[ D:\Documents\GitHub\ThinkPHP-demo\application\index\controller\Login.php ]
[ info ] [ SESSION ] INIT array (
  'id' => '',
  'var_session_id' => '',
  'prefix' => 'think',
  'type' => '',
  'auto_start' => true,
)
[ info ] [ LOG ] INIT File
---------------------------------------------------------------
[ 2020-07-23T16:25:30+08:00 ] 0.0.0.0 GET localhost/index/index/logout.html
[运行时间：0.019197s] [吞吐率：52.09req/s] [内存消耗：80.84kb] [文件加载：53]
[ info ] [ LANG ] D:\Documents\GitHub\ThinkPHP-demo\thinkphp\lang\zh-cn.php
[ info ] [ ROUTE ] array (
  'type' => 'module',
  'module' => 
  array (
    0 => 'index',
    1 => 'index',
    2 => 'logout',
  ),
)
[ info ] [ HEADER ] array (
  'host' => 'localhost',
  'connection' => 'keep-alive',
  'upgrade-insecure-requests' => '1',
  'dnt' => '1',
  'user-agent' => 'Mozilla/5.0 (Windows NT 10.0; Win64; x64) AppleWebKit/537.36 (KHTML, like Gecko) Chrome/84.0.4147.89 Safari/537.36',
  'accept' => 'text/html,application/xhtml+xml,application/xml;q=0.9,image/webp,image/apng,*/*;q=0.8,application/signed-exchange;v=b3;q=0.9',
  'sec-fetch-site' => 'same-origin',
  'sec-fetch-mode' => 'navigate',
  'sec-fetch-user' => '?1',
  'sec-fetch-dest' => 'document',
  'referer' => 'http://localhost/index/profile/profile.html',
  'accept-encoding' => 'gzip, deflate, br',
  'accept-language' => 'zh-CN,zh;q=0.9,en-US;q=0.8,en;q=0.7',
  'cookie' => 'PHPSESSID=0mg7hjnivhub9ok0irdau79j0d; JSESSIONID=node0fyiwem5j0v4pqnmhqacoim2d0.node0',
)
[ info ] [ PARAM ] array (
  '/index/index/logout_html' => '',
)
[ info ] [ RUN ] app\index\controller\Index->logout[ D:\Documents\GitHub\ThinkPHP-demo\application\index\controller\Index.php ]
[ info ] [ SESSION ] INIT array (
  'id' => '',
  'var_session_id' => '',
  'prefix' => 'think',
  'type' => '',
  'auto_start' => true,
)
[ info ] [ VIEW ] D:\Documents\GitHub\ThinkPHP-demo\thinkphp\tpl\dispatch_jump.tpl [ array (
  0 => 'code',
  1 => 'msg',
  2 => 'data',
  3 => 'url',
  4 => 'wait',
) ]
[ info ] [ LOG ] INIT File
---------------------------------------------------------------
[ 2020-07-23T16:25:32+08:00 ] 0.0.0.0 GET localhost/index/index/index.html
[运行时间：0.013937s] [吞吐率：71.75req/s] [内存消耗：78.27kb] [文件加载：52]
[ info ] [ LANG ] D:\Documents\GitHub\ThinkPHP-demo\thinkphp\lang\zh-cn.php
[ info ] [ ROUTE ] array (
  'type' => 'module',
  'module' => 
  array (
    0 => 'index',
    1 => 'index',
    2 => 'index',
  ),
)
[ info ] [ HEADER ] array (
  'host' => 'localhost',
  'connection' => 'keep-alive',
  'upgrade-insecure-requests' => '1',
  'dnt' => '1',
  'user-agent' => 'Mozilla/5.0 (Windows NT 10.0; Win64; x64) AppleWebKit/537.36 (KHTML, like Gecko) Chrome/84.0.4147.89 Safari/537.36',
  'accept' => 'text/html,application/xhtml+xml,application/xml;q=0.9,image/webp,image/apng,*/*;q=0.8,application/signed-exchange;v=b3;q=0.9',
  'sec-fetch-site' => 'same-origin',
  'sec-fetch-mode' => 'navigate',
  'sec-fetch-user' => '?1',
  'sec-fetch-dest' => 'document',
  'referer' => 'http://localhost/index/index/logout.html',
  'accept-encoding' => 'gzip, deflate, br',
  'accept-language' => 'zh-CN,zh;q=0.9,en-US;q=0.8,en;q=0.7',
  'cookie' => 'PHPSESSID=0mg7hjnivhub9ok0irdau79j0d; JSESSIONID=node0fyiwem5j0v4pqnmhqacoim2d0.node0',
)
[ info ] [ PARAM ] array (
  '/index/index/index_html' => '',
)
[ info ] [ RUN ] app\index\controller\Index->index[ D:\Documents\GitHub\ThinkPHP-demo\application\index\controller\Index.php ]
[ info ] [ SESSION ] INIT array (
  'id' => '',
  'var_session_id' => '',
  'prefix' => 'think',
  'type' => '',
  'auto_start' => true,
)
[ info ] [ VIEW ] D:\Documents\GitHub\ThinkPHP-demo\public/../application/index\view\index\index.html [ array (
  0 => 'data',
) ]
[ info ] [ LOG ] INIT File
---------------------------------------------------------------
[ 2020-07-23T16:25:32+08:00 ] 0.0.0.0 GET localhost/index/login/verify.html
[运行时间：0.018507s] [吞吐率：54.03req/s] [内存消耗：192.25kb] [文件加载：57]
[ info ] [ LANG ] D:\Documents\GitHub\ThinkPHP-demo\thinkphp\lang\zh-cn.php
[ info ] [ ROUTE ] array (
  'type' => 'module',
  'module' => 
  array (
    0 => 'index',
    1 => 'login',
    2 => 'verify',
  ),
)
[ info ] [ HEADER ] array (
  'host' => 'localhost',
  'connection' => 'keep-alive',
  'user-agent' => 'Mozilla/5.0 (Windows NT 10.0; Win64; x64) AppleWebKit/537.36 (KHTML, like Gecko) Chrome/84.0.4147.89 Safari/537.36',
  'dnt' => '1',
  'accept' => 'image/webp,image/apng,image/*,*/*;q=0.8',
  'sec-fetch-site' => 'same-origin',
  'sec-fetch-mode' => 'no-cors',
  'sec-fetch-dest' => 'image',
  'referer' => 'http://localhost/index/index/index.html',
  'accept-encoding' => 'gzip, deflate, br',
  'accept-language' => 'zh-CN,zh;q=0.9,en-US;q=0.8,en;q=0.7',
  'cookie' => 'PHPSESSID=0mg7hjnivhub9ok0irdau79j0d; JSESSIONID=node0fyiwem5j0v4pqnmhqacoim2d0.node0',
)
[ info ] [ PARAM ] array (
  '/index/login/verify_html' => '',
)
[ info ] [ DB ] INIT mysql
[ info ] [ RUN ] app\index\controller\Login->verify[ D:\Documents\GitHub\ThinkPHP-demo\application\index\controller\Login.php ]
[ info ] [ SESSION ] INIT array (
  'id' => '',
  'var_session_id' => '',
  'prefix' => 'think',
  'type' => '',
  'auto_start' => true,
)
[ info ] [ LOG ] INIT File
---------------------------------------------------------------
[ 2020-07-23T16:25:32+08:00 ] 0.0.0.0 POST localhost/index/index/checkLogined.html
[运行时间：0.018372s] [吞吐率：54.43req/s] [内存消耗：76.91kb] [文件加载：50]
[ info ] [ LANG ] D:\Documents\GitHub\ThinkPHP-demo\thinkphp\lang\zh-cn.php
[ info ] [ ROUTE ] array (
  'type' => 'module',
  'module' => 
  array (
    0 => 'index',
    1 => 'index',
    2 => 'checkLogined',
  ),
)
[ info ] [ HEADER ] array (
  'host' => 'localhost',
  'connection' => 'keep-alive',
  'content-length' => '0',
  'accept' => '*/*',
  'dnt' => '1',
  'x-requested-with' => 'XMLHttpRequest',
  'user-agent' => 'Mozilla/5.0 (Windows NT 10.0; Win64; x64) AppleWebKit/537.36 (KHTML, like Gecko) Chrome/84.0.4147.89 Safari/537.36',
  'origin' => 'http://localhost',
  'sec-fetch-site' => 'same-origin',
  'sec-fetch-mode' => 'cors',
  'sec-fetch-dest' => 'empty',
  'referer' => 'http://localhost/index/index/index.html',
  'accept-encoding' => 'gzip, deflate, br',
  'accept-language' => 'zh-CN,zh;q=0.9,en-US;q=0.8,en;q=0.7',
  'cookie' => 'PHPSESSID=0mg7hjnivhub9ok0irdau79j0d; JSESSIONID=node0fyiwem5j0v4pqnmhqacoim2d0.node0',
)
[ info ] [ PARAM ] array (
  '/index/index/checkLogined_html' => '',
)
[ info ] [ RUN ] app\index\controller\Index->checkLogined[ D:\Documents\GitHub\ThinkPHP-demo\application\index\controller\Index.php ]
[ info ] [ SESSION ] INIT array (
  'id' => '',
  'var_session_id' => '',
  'prefix' => 'think',
  'type' => '',
  'auto_start' => true,
)
[ info ] [ LOG ] INIT File
---------------------------------------------------------------
[ 2020-07-23T16:25:32+08:00 ] 0.0.0.0 POST localhost/index/login/cookielogin.html
[运行时间：0.021225s] [吞吐率：47.11req/s] [内存消耗：183.30kb] [文件加载：59]
[ info ] [ LANG ] D:\Documents\GitHub\ThinkPHP-demo\thinkphp\lang\zh-cn.php
[ info ] [ ROUTE ] array (
  'type' => 'module',
  'module' => 
  array (
    0 => 'index',
    1 => 'login',
    2 => 'cookielogin',
  ),
)
[ info ] [ HEADER ] array (
  'host' => 'localhost',
  'connection' => 'keep-alive',
  'content-length' => '0',
  'accept' => '*/*',
  'dnt' => '1',
  'x-requested-with' => 'XMLHttpRequest',
  'user-agent' => 'Mozilla/5.0 (Windows NT 10.0; Win64; x64) AppleWebKit/537.36 (KHTML, like Gecko) Chrome/84.0.4147.89 Safari/537.36',
  'origin' => 'http://localhost',
  'sec-fetch-site' => 'same-origin',
  'sec-fetch-mode' => 'cors',
  'sec-fetch-dest' => 'empty',
  'referer' => 'http://localhost/index/index/index.html',
  'accept-encoding' => 'gzip, deflate, br',
  'accept-language' => 'zh-CN,zh;q=0.9,en-US;q=0.8,en;q=0.7',
  'cookie' => 'PHPSESSID=0mg7hjnivhub9ok0irdau79j0d; JSESSIONID=node0fyiwem5j0v4pqnmhqacoim2d0.node0',
)
[ info ] [ PARAM ] array (
  '/index/login/cookielogin_html' => '',
)
[ info ] [ DB ] INIT mysql
[ info ] [ RUN ] app\index\controller\Login->cookieLogin[ D:\Documents\GitHub\ThinkPHP-demo\application\index\controller\Login.php ]
[ info ] [ SESSION ] INIT array (
  'id' => '',
  'var_session_id' => '',
  'prefix' => 'think',
  'type' => '',
  'auto_start' => true,
)
[ info ] [ LOG ] INIT File
---------------------------------------------------------------
[ 2020-07-23T16:25:35+08:00 ] 0.0.0.0 GET localhost/index/login/verify.html?id=%27+Math.random()
[运行时间：0.015599s] [吞吐率：64.11req/s] [内存消耗：192.42kb] [文件加载：57]
[ info ] [ LANG ] D:\Documents\GitHub\ThinkPHP-demo\thinkphp\lang\zh-cn.php
[ info ] [ ROUTE ] array (
  'type' => 'module',
  'module' => 
  array (
    0 => 'index',
    1 => 'login',
    2 => 'verify',
  ),
)
[ info ] [ HEADER ] array (
  'host' => 'localhost',
  'connection' => 'keep-alive',
  'user-agent' => 'Mozilla/5.0 (Windows NT 10.0; Win64; x64) AppleWebKit/537.36 (KHTML, like Gecko) Chrome/84.0.4147.89 Safari/537.36',
  'dnt' => '1',
  'accept' => 'image/webp,image/apng,image/*,*/*;q=0.8',
  'sec-fetch-site' => 'same-origin',
  'sec-fetch-mode' => 'no-cors',
  'sec-fetch-dest' => 'image',
  'referer' => 'http://localhost/index/index/index.html',
  'accept-encoding' => 'gzip, deflate, br',
  'accept-language' => 'zh-CN,zh;q=0.9,en-US;q=0.8,en;q=0.7',
  'cookie' => 'PHPSESSID=0mg7hjnivhub9ok0irdau79j0d; JSESSIONID=node0fyiwem5j0v4pqnmhqacoim2d0.node0',
)
[ info ] [ PARAM ] array (
  '/index/login/verify_html' => '',
  'id' => '\' Math.random()',
)
[ info ] [ DB ] INIT mysql
[ info ] [ RUN ] app\index\controller\Login->verify[ D:\Documents\GitHub\ThinkPHP-demo\application\index\controller\Login.php ]
[ info ] [ SESSION ] INIT array (
  'id' => '',
  'var_session_id' => '',
  'prefix' => 'think',
  'type' => '',
  'auto_start' => true,
)
[ info ] [ LOG ] INIT File
---------------------------------------------------------------
[ 2020-07-23T16:25:35+08:00 ] 0.0.0.0 GET localhost/index/login/verify.html?id=%27+Math.random()
[运行时间：0.014595s] [吞吐率：68.52req/s] [内存消耗：192.42kb] [文件加载：57]
[ info ] [ LANG ] D:\Documents\GitHub\ThinkPHP-demo\thinkphp\lang\zh-cn.php
[ info ] [ ROUTE ] array (
  'type' => 'module',
  'module' => 
  array (
    0 => 'index',
    1 => 'login',
    2 => 'verify',
  ),
)
[ info ] [ HEADER ] array (
  'host' => 'localhost',
  'connection' => 'keep-alive',
  'user-agent' => 'Mozilla/5.0 (Windows NT 10.0; Win64; x64) AppleWebKit/537.36 (KHTML, like Gecko) Chrome/84.0.4147.89 Safari/537.36',
  'dnt' => '1',
  'accept' => 'image/webp,image/apng,image/*,*/*;q=0.8',
  'sec-fetch-site' => 'same-origin',
  'sec-fetch-mode' => 'no-cors',
  'sec-fetch-dest' => 'image',
  'referer' => 'http://localhost/index/index/index.html',
  'accept-encoding' => 'gzip, deflate, br',
  'accept-language' => 'zh-CN,zh;q=0.9,en-US;q=0.8,en;q=0.7',
  'cookie' => 'PHPSESSID=0mg7hjnivhub9ok0irdau79j0d; JSESSIONID=node0fyiwem5j0v4pqnmhqacoim2d0.node0',
)
[ info ] [ PARAM ] array (
  '/index/login/verify_html' => '',
  'id' => '\' Math.random()',
)
[ info ] [ DB ] INIT mysql
[ info ] [ RUN ] app\index\controller\Login->verify[ D:\Documents\GitHub\ThinkPHP-demo\application\index\controller\Login.php ]
[ info ] [ SESSION ] INIT array (
  'id' => '',
  'var_session_id' => '',
  'prefix' => 'think',
  'type' => '',
  'auto_start' => true,
)
[ info ] [ LOG ] INIT File
---------------------------------------------------------------
[ 2020-07-23T16:26:19+08:00 ] 0.0.0.0 GET localhost/index/login/verify
[运行时间：0.017448s] [吞吐率：57.31req/s] [内存消耗：192.71kb] [文件加载：57]
[ info ] [ LANG ] D:\Documents\GitHub\ThinkPHP-demo\thinkphp\lang\zh-cn.php
[ info ] [ ROUTE ] array (
  'type' => 'module',
  'module' => 
  array (
    0 => 'index',
    1 => 'login',
    2 => 'verify',
  ),
)
[ info ] [ HEADER ] array (
  'host' => 'localhost',
  'connection' => 'keep-alive',
  'dnt' => '1',
  'upgrade-insecure-requests' => '1',
  'user-agent' => 'Mozilla/5.0 (Windows NT 10.0; Win64; x64) AppleWebKit/537.36 (KHTML, like Gecko) Chrome/84.0.4147.89 Safari/537.36',
  'accept' => 'text/html,application/xhtml+xml,application/xml;q=0.9,image/webp,image/apng,*/*;q=0.8,application/signed-exchange;v=b3;q=0.9',
  'sec-fetch-site' => 'none',
  'sec-fetch-mode' => 'navigate',
  'sec-fetch-user' => '?1',
  'sec-fetch-dest' => 'document',
  'accept-encoding' => 'gzip, deflate, br',
  'accept-language' => 'zh-CN,zh;q=0.9,en-US;q=0.8,en;q=0.7',
  'cookie' => 'PHPSESSID=0mg7hjnivhub9ok0irdau79j0d; JSESSIONID=node0fyiwem5j0v4pqnmhqacoim2d0.node0',
)
[ info ] [ PARAM ] array (
  '/index/login/verify' => '',
)
[ info ] [ DB ] INIT mysql
[ info ] [ RUN ] app\index\controller\Login->verify[ D:\Documents\GitHub\ThinkPHP-demo\application\index\controller\Login.php ]
[ info ] [ SESSION ] INIT array (
  'id' => '',
  'var_session_id' => '',
  'prefix' => 'think',
  'type' => '',
  'auto_start' => true,
)
[ info ] [ LOG ] INIT File
---------------------------------------------------------------
[ 2020-07-23T16:52:02+08:00 ] 0.0.0.0 GET localhost/
[运行时间：0.025890s] [吞吐率：38.63req/s] [内存消耗：75.97kb] [文件加载：52]
[ info ] [ LANG ] D:\Documents\GitHub\ThinkPHP-demo\thinkphp\lang\zh-cn.php
[ info ] [ ROUTE ] array (
  'type' => 'module',
  'module' => 
  array (
    0 => '',
    1 => NULL,
    2 => NULL,
  ),
)
[ info ] [ HEADER ] array (
  'host' => 'localhost',
  'connection' => 'keep-alive',
  'dnt' => '1',
  'upgrade-insecure-requests' => '1',
  'user-agent' => 'Mozilla/5.0 (Windows NT 10.0; Win64; x64) AppleWebKit/537.36 (KHTML, like Gecko) Chrome/84.0.4147.89 Safari/537.36',
  'accept' => 'text/html,application/xhtml+xml,application/xml;q=0.9,image/webp,image/apng,*/*;q=0.8,application/signed-exchange;v=b3;q=0.9',
  'purpose' => 'prefetch',
  'sec-fetch-site' => 'none',
  'sec-fetch-mode' => 'navigate',
  'sec-fetch-user' => '?1',
  'sec-fetch-dest' => 'document',
  'accept-encoding' => 'gzip, deflate, br',
  'accept-language' => 'zh-CN,zh;q=0.9,en-US;q=0.8,en;q=0.7',
  'cookie' => 'PHPSESSID=0mg7hjnivhub9ok0irdau79j0d; JSESSIONID=node0fyiwem5j0v4pqnmhqacoim2d0.node0',
)
[ info ] [ PARAM ] array (
)
[ info ] [ RUN ] app\index\controller\Index->index[ D:\Documents\GitHub\ThinkPHP-demo\application\index\controller\Index.php ]
[ info ] [ SESSION ] INIT array (
  'id' => '',
  'var_session_id' => '',
  'prefix' => 'think',
  'type' => '',
  'auto_start' => true,
)
[ info ] [ VIEW ] D:\Documents\GitHub\ThinkPHP-demo\public/../application/index\view\index\index.html [ array (
  0 => 'data',
) ]
[ info ] [ LOG ] INIT File
---------------------------------------------------------------
[ 2020-07-23T16:52:02+08:00 ] 0.0.0.0 GET localhost/index/login/verify.html
[运行时间：0.019730s] [吞吐率：50.68req/s] [内存消耗：192.41kb] [文件加载：57]
[ info ] [ LANG ] D:\Documents\GitHub\ThinkPHP-demo\thinkphp\lang\zh-cn.php
[ info ] [ ROUTE ] array (
  'type' => 'module',
  'module' => 
  array (
    0 => 'index',
    1 => 'login',
    2 => 'verify',
  ),
)
[ info ] [ HEADER ] array (
  'host' => 'localhost',
  'connection' => 'keep-alive',
  'user-agent' => 'Mozilla/5.0 (Windows NT 10.0; Win64; x64) AppleWebKit/537.36 (KHTML, like Gecko) Chrome/84.0.4147.89 Safari/537.36',
  'dnt' => '1',
  'accept' => 'image/webp,image/apng,image/*,*/*;q=0.8',
  'purpose' => 'prefetch',
  'sec-fetch-site' => 'same-origin',
  'sec-fetch-mode' => 'no-cors',
  'sec-fetch-dest' => 'image',
  'referer' => 'http://localhost/',
  'accept-encoding' => 'gzip, deflate, br',
  'accept-language' => 'zh-CN,zh;q=0.9,en-US;q=0.8,en;q=0.7',
  'cookie' => 'PHPSESSID=0mg7hjnivhub9ok0irdau79j0d; JSESSIONID=node0fyiwem5j0v4pqnmhqacoim2d0.node0',
)
[ info ] [ PARAM ] array (
  '/index/login/verify_html' => '',
)
[ info ] [ DB ] INIT mysql
[ info ] [ RUN ] app\index\controller\Login->verify[ D:\Documents\GitHub\ThinkPHP-demo\application\index\controller\Login.php ]
[ info ] [ SESSION ] INIT array (
  'id' => '',
  'var_session_id' => '',
  'prefix' => 'think',
  'type' => '',
  'auto_start' => true,
)
[ info ] [ LOG ] INIT File
---------------------------------------------------------------
[ 2020-07-23T16:52:02+08:00 ] 0.0.0.0 GET localhost/
[运行时间：0.015819s] [吞吐率：63.22req/s] [内存消耗：75.90kb] [文件加载：52]
[ info ] [ LANG ] D:\Documents\GitHub\ThinkPHP-demo\thinkphp\lang\zh-cn.php
[ info ] [ ROUTE ] array (
  'type' => 'module',
  'module' => 
  array (
    0 => '',
    1 => NULL,
    2 => NULL,
  ),
)
[ info ] [ HEADER ] array (
  'host' => 'localhost',
  'connection' => 'keep-alive',
  'dnt' => '1',
  'upgrade-insecure-requests' => '1',
  'user-agent' => 'Mozilla/5.0 (Windows NT 10.0; Win64; x64) AppleWebKit/537.36 (KHTML, like Gecko) Chrome/84.0.4147.89 Safari/537.36',
  'accept' => 'text/html,application/xhtml+xml,application/xml;q=0.9,image/webp,image/apng,*/*;q=0.8,application/signed-exchange;v=b3;q=0.9',
  'sec-fetch-site' => 'none',
  'sec-fetch-mode' => 'navigate',
  'sec-fetch-user' => '?1',
  'sec-fetch-dest' => 'document',
  'accept-encoding' => 'gzip, deflate, br',
  'accept-language' => 'zh-CN,zh;q=0.9,en-US;q=0.8,en;q=0.7',
  'cookie' => 'PHPSESSID=0mg7hjnivhub9ok0irdau79j0d; JSESSIONID=node0fyiwem5j0v4pqnmhqacoim2d0.node0',
)
[ info ] [ PARAM ] array (
)
[ info ] [ RUN ] app\index\controller\Index->index[ D:\Documents\GitHub\ThinkPHP-demo\application\index\controller\Index.php ]
[ info ] [ SESSION ] INIT array (
  'id' => '',
  'var_session_id' => '',
  'prefix' => 'think',
  'type' => '',
  'auto_start' => true,
)
[ info ] [ VIEW ] D:\Documents\GitHub\ThinkPHP-demo\public/../application/index\view\index\index.html [ array (
  0 => 'data',
) ]
[ info ] [ LOG ] INIT File
---------------------------------------------------------------
[ 2020-07-23T16:52:03+08:00 ] 0.0.0.0 GET localhost/index/login/verify.html
[运行时间：0.023290s] [吞吐率：42.94req/s] [内存消耗：192.09kb] [文件加载：57]
[ info ] [ LANG ] D:\Documents\GitHub\ThinkPHP-demo\thinkphp\lang\zh-cn.php
[ info ] [ ROUTE ] array (
  'type' => 'module',
  'module' => 
  array (
    0 => 'index',
    1 => 'login',
    2 => 'verify',
  ),
)
[ info ] [ HEADER ] array (
  'host' => 'localhost',
  'connection' => 'keep-alive',
  'user-agent' => 'Mozilla/5.0 (Windows NT 10.0; Win64; x64) AppleWebKit/537.36 (KHTML, like Gecko) Chrome/84.0.4147.89 Safari/537.36',
  'dnt' => '1',
  'accept' => 'image/webp,image/apng,image/*,*/*;q=0.8',
  'sec-fetch-site' => 'same-origin',
  'sec-fetch-mode' => 'no-cors',
  'sec-fetch-dest' => 'image',
  'referer' => 'http://localhost/',
  'accept-encoding' => 'gzip, deflate, br',
  'accept-language' => 'zh-CN,zh;q=0.9,en-US;q=0.8,en;q=0.7',
  'cookie' => 'PHPSESSID=0mg7hjnivhub9ok0irdau79j0d; JSESSIONID=node0fyiwem5j0v4pqnmhqacoim2d0.node0',
)
[ info ] [ PARAM ] array (
  '/index/login/verify_html' => '',
)
[ info ] [ DB ] INIT mysql
[ info ] [ RUN ] app\index\controller\Login->verify[ D:\Documents\GitHub\ThinkPHP-demo\application\index\controller\Login.php ]
[ info ] [ SESSION ] INIT array (
  'id' => '',
  'var_session_id' => '',
  'prefix' => 'think',
  'type' => '',
  'auto_start' => true,
)
[ info ] [ LOG ] INIT File
---------------------------------------------------------------
[ 2020-07-23T16:52:03+08:00 ] 0.0.0.0 POST localhost/index/login/cookielogin.html
[运行时间：0.018236s] [吞吐率：54.84req/s] [内存消耗：183.28kb] [文件加载：59]
[ info ] [ LANG ] D:\Documents\GitHub\ThinkPHP-demo\thinkphp\lang\zh-cn.php
[ info ] [ ROUTE ] array (
  'type' => 'module',
  'module' => 
  array (
    0 => 'index',
    1 => 'login',
    2 => 'cookielogin',
  ),
)
[ info ] [ HEADER ] array (
  'host' => 'localhost',
  'connection' => 'keep-alive',
  'content-length' => '0',
  'accept' => '*/*',
  'dnt' => '1',
  'x-requested-with' => 'XMLHttpRequest',
  'user-agent' => 'Mozilla/5.0 (Windows NT 10.0; Win64; x64) AppleWebKit/537.36 (KHTML, like Gecko) Chrome/84.0.4147.89 Safari/537.36',
  'origin' => 'http://localhost',
  'sec-fetch-site' => 'same-origin',
  'sec-fetch-mode' => 'cors',
  'sec-fetch-dest' => 'empty',
  'referer' => 'http://localhost/',
  'accept-encoding' => 'gzip, deflate, br',
  'accept-language' => 'zh-CN,zh;q=0.9,en-US;q=0.8,en;q=0.7',
  'cookie' => 'PHPSESSID=0mg7hjnivhub9ok0irdau79j0d; JSESSIONID=node0fyiwem5j0v4pqnmhqacoim2d0.node0',
)
[ info ] [ PARAM ] array (
  '/index/login/cookielogin_html' => '',
)
[ info ] [ DB ] INIT mysql
[ info ] [ RUN ] app\index\controller\Login->cookieLogin[ D:\Documents\GitHub\ThinkPHP-demo\application\index\controller\Login.php ]
[ info ] [ SESSION ] INIT array (
  'id' => '',
  'var_session_id' => '',
  'prefix' => 'think',
  'type' => '',
  'auto_start' => true,
)
[ info ] [ LOG ] INIT File
---------------------------------------------------------------
[ 2020-07-23T16:52:03+08:00 ] 0.0.0.0 POST localhost/index/index/checkLogined.html
[运行时间：0.032388s] [吞吐率：30.88req/s] [内存消耗：76.89kb] [文件加载：50]
[ info ] [ LANG ] D:\Documents\GitHub\ThinkPHP-demo\thinkphp\lang\zh-cn.php
[ info ] [ ROUTE ] array (
  'type' => 'module',
  'module' => 
  array (
    0 => 'index',
    1 => 'index',
    2 => 'checkLogined',
  ),
)
[ info ] [ HEADER ] array (
  'host' => 'localhost',
  'connection' => 'keep-alive',
  'content-length' => '0',
  'accept' => '*/*',
  'dnt' => '1',
  'x-requested-with' => 'XMLHttpRequest',
  'user-agent' => 'Mozilla/5.0 (Windows NT 10.0; Win64; x64) AppleWebKit/537.36 (KHTML, like Gecko) Chrome/84.0.4147.89 Safari/537.36',
  'origin' => 'http://localhost',
  'sec-fetch-site' => 'same-origin',
  'sec-fetch-mode' => 'cors',
  'sec-fetch-dest' => 'empty',
  'referer' => 'http://localhost/',
  'accept-encoding' => 'gzip, deflate, br',
  'accept-language' => 'zh-CN,zh;q=0.9,en-US;q=0.8,en;q=0.7',
  'cookie' => 'PHPSESSID=0mg7hjnivhub9ok0irdau79j0d; JSESSIONID=node0fyiwem5j0v4pqnmhqacoim2d0.node0',
)
[ info ] [ PARAM ] array (
  '/index/index/checkLogined_html' => '',
)
[ info ] [ RUN ] app\index\controller\Index->checkLogined[ D:\Documents\GitHub\ThinkPHP-demo\application\index\controller\Index.php ]
[ info ] [ SESSION ] INIT array (
  'id' => '',
  'var_session_id' => '',
  'prefix' => 'think',
  'type' => '',
  'auto_start' => true,
)
[ info ] [ LOG ] INIT File
---------------------------------------------------------------
[ 2020-07-23T16:52:05+08:00 ] 0.0.0.0 GET localhost/static/js/bootstrap.js.map
[运行时间：0.013998s] [吞吐率：71.44req/s] [内存消耗：75.63kb] [文件加载：43]
[ info ] [ LANG ] D:\Documents\GitHub\ThinkPHP-demo\thinkphp\lang\zh-cn.php
[ info ] [ ROUTE ] array (
  'type' => 'module',
  'module' => 
  array (
    0 => 'static',
    1 => 'js',
    2 => 'bootstrap.js.map',
  ),
)
[ info ] [ HEADER ] array (
  'host' => 'localhost',
  'connection' => 'keep-alive',
  'sec-fetch-site' => 'none',
  'sec-fetch-mode' => 'no-cors',
  'sec-fetch-dest' => 'empty',
  'user-agent' => 'Mozilla/5.0 (Windows NT 10.0; Win64; x64) AppleWebKit/537.36 (KHTML, like Gecko) Chrome/84.0.4147.89 Safari/537.36',
  'accept-encoding' => 'gzip, deflate, br',
  'accept-language' => 'zh-CN,zh;q=0.9,en-US;q=0.8,en;q=0.7',
  'cookie' => 'PHPSESSID=0mg7hjnivhub9ok0irdau79j0d; JSESSIONID=node0fyiwem5j0v4pqnmhqacoim2d0.node0',
)
[ info ] [ PARAM ] array (
  '/static/js/bootstrap_js_map' => '',
)
[ info ] [ LOG ] INIT File
---------------------------------------------------------------
[ 2020-07-23T16:52:05+08:00 ] 0.0.0.0 GET localhost/static/js/popper.min.js.map
[运行时间：0.014034s] [吞吐率：71.26req/s] [内存消耗：59.21kb] [文件加载：43]
[ info ] [ LANG ] D:\Documents\GitHub\ThinkPHP-demo\thinkphp\lang\zh-cn.php
[ info ] [ ROUTE ] array (
  'type' => 'module',
  'module' => 
  array (
    0 => 'static',
    1 => 'js',
    2 => 'popper.min.js.map',
  ),
)
[ info ] [ HEADER ] array (
  'host' => 'localhost',
  'connection' => 'keep-alive',
  'sec-fetch-site' => 'none',
  'sec-fetch-mode' => 'no-cors',
  'sec-fetch-dest' => 'empty',
  'user-agent' => 'Mozilla/5.0 (Windows NT 10.0; Win64; x64) AppleWebKit/537.36 (KHTML, like Gecko) Chrome/84.0.4147.89 Safari/537.36',
  'accept-encoding' => 'gzip, deflate, br',
  'accept-language' => 'zh-CN,zh;q=0.9,en-US;q=0.8,en;q=0.7',
  'cookie' => 'PHPSESSID=0mg7hjnivhub9ok0irdau79j0d; JSESSIONID=node0fyiwem5j0v4pqnmhqacoim2d0.node0',
)
[ info ] [ PARAM ] array (
  '/static/js/popper_min_js_map' => '',
)
[ info ] [ LOG ] INIT File
---------------------------------------------------------------
[ 2020-07-23T16:52:05+08:00 ] 0.0.0.0 GET localhost/static/css/bootstrap.css.map
[运行时间：0.018177s] [吞吐率：55.01req/s] [内存消耗：45.05kb] [文件加载：43]
[ info ] [ LANG ] D:\Documents\GitHub\ThinkPHP-demo\thinkphp\lang\zh-cn.php
[ info ] [ ROUTE ] array (
  'type' => 'module',
  'module' => 
  array (
    0 => 'static',
    1 => 'css',
    2 => 'bootstrap.css.map',
  ),
)
[ info ] [ HEADER ] array (
  'host' => 'localhost',
  'connection' => 'keep-alive',
  'sec-fetch-site' => 'none',
  'sec-fetch-mode' => 'no-cors',
  'sec-fetch-dest' => 'empty',
  'user-agent' => 'Mozilla/5.0 (Windows NT 10.0; Win64; x64) AppleWebKit/537.36 (KHTML, like Gecko) Chrome/84.0.4147.89 Safari/537.36',
  'accept-encoding' => 'gzip, deflate, br',
  'accept-language' => 'zh-CN,zh;q=0.9,en-US;q=0.8,en;q=0.7',
  'cookie' => 'PHPSESSID=0mg7hjnivhub9ok0irdau79j0d; JSESSIONID=node0fyiwem5j0v4pqnmhqacoim2d0.node0',
)
[ info ] [ PARAM ] array (
  '/static/css/bootstrap_css_map' => '',
)
[ info ] [ LOG ] INIT File
---------------------------------------------------------------
[ 2020-07-23T17:02:08+08:00 ] 0.0.0.0 GET localhost/
[运行时间：0.029672s] [吞吐率：33.70req/s] [内存消耗：75.98kb] [文件加载：52]
[ info ] [ LANG ] D:\Documents\GitHub\ThinkPHP-demo\thinkphp\lang\zh-cn.php
[ info ] [ ROUTE ] array (
  'type' => 'module',
  'module' => 
  array (
    0 => '',
    1 => NULL,
    2 => NULL,
  ),
)
[ info ] [ HEADER ] array (
  'host' => 'localhost',
  'connection' => 'keep-alive',
  'cache-control' => 'max-age=0',
  'dnt' => '1',
  'upgrade-insecure-requests' => '1',
  'user-agent' => 'Mozilla/5.0 (Windows NT 10.0; Win64; x64) AppleWebKit/537.36 (KHTML, like Gecko) Chrome/84.0.4147.89 Safari/537.36',
  'accept' => 'text/html,application/xhtml+xml,application/xml;q=0.9,image/webp,image/apng,*/*;q=0.8,application/signed-exchange;v=b3;q=0.9',
  'sec-fetch-site' => 'none',
  'sec-fetch-mode' => 'navigate',
  'sec-fetch-user' => '?1',
  'sec-fetch-dest' => 'document',
  'accept-encoding' => 'gzip, deflate, br',
  'accept-language' => 'zh-CN,zh;q=0.9,en-US;q=0.8,en;q=0.7',
  'cookie' => 'PHPSESSID=0mg7hjnivhub9ok0irdau79j0d; JSESSIONID=node0fyiwem5j0v4pqnmhqacoim2d0.node0',
)
[ info ] [ PARAM ] array (
)
[ info ] [ RUN ] app\index\controller\Index->index[ D:\Documents\GitHub\ThinkPHP-demo\application\index\controller\Index.php ]
[ info ] [ SESSION ] INIT array (
  'id' => '',
  'var_session_id' => '',
  'prefix' => 'think',
  'type' => '',
  'auto_start' => true,
)
[ info ] [ VIEW ] D:\Documents\GitHub\ThinkPHP-demo\public/../application/index\view\index\index.html [ array (
  0 => 'data',
) ]
[ info ] [ LOG ] INIT File
---------------------------------------------------------------
[ 2020-07-23T17:02:08+08:00 ] 0.0.0.0 GET localhost/index/login/verify.html
[运行时间：0.022950s] [吞吐率：43.57req/s] [内存消耗：192.09kb] [文件加载：57]
[ info ] [ LANG ] D:\Documents\GitHub\ThinkPHP-demo\thinkphp\lang\zh-cn.php
[ info ] [ ROUTE ] array (
  'type' => 'module',
  'module' => 
  array (
    0 => 'index',
    1 => 'login',
    2 => 'verify',
  ),
)
[ info ] [ HEADER ] array (
  'host' => 'localhost',
  'connection' => 'keep-alive',
  'user-agent' => 'Mozilla/5.0 (Windows NT 10.0; Win64; x64) AppleWebKit/537.36 (KHTML, like Gecko) Chrome/84.0.4147.89 Safari/537.36',
  'dnt' => '1',
  'accept' => 'image/webp,image/apng,image/*,*/*;q=0.8',
  'sec-fetch-site' => 'same-origin',
  'sec-fetch-mode' => 'no-cors',
  'sec-fetch-dest' => 'image',
  'referer' => 'http://localhost/',
  'accept-encoding' => 'gzip, deflate, br',
  'accept-language' => 'zh-CN,zh;q=0.9,en-US;q=0.8,en;q=0.7',
  'cookie' => 'PHPSESSID=0mg7hjnivhub9ok0irdau79j0d; JSESSIONID=node0fyiwem5j0v4pqnmhqacoim2d0.node0',
)
[ info ] [ PARAM ] array (
  '/index/login/verify_html' => '',
)
[ info ] [ DB ] INIT mysql
[ info ] [ RUN ] app\index\controller\Login->verify[ D:\Documents\GitHub\ThinkPHP-demo\application\index\controller\Login.php ]
[ info ] [ SESSION ] INIT array (
  'id' => '',
  'var_session_id' => '',
  'prefix' => 'think',
  'type' => '',
  'auto_start' => true,
)
[ info ] [ LOG ] INIT File
---------------------------------------------------------------
[ 2020-07-23T17:02:08+08:00 ] 0.0.0.0 GET localhost/static/css/bootstrap.css.map
[运行时间：0.012073s] [吞吐率：82.83req/s] [内存消耗：45.05kb] [文件加载：43]
[ info ] [ LANG ] D:\Documents\GitHub\ThinkPHP-demo\thinkphp\lang\zh-cn.php
[ info ] [ ROUTE ] array (
  'type' => 'module',
  'module' => 
  array (
    0 => 'static',
    1 => 'css',
    2 => 'bootstrap.css.map',
  ),
)
[ info ] [ HEADER ] array (
  'host' => 'localhost',
  'connection' => 'keep-alive',
  'sec-fetch-site' => 'none',
  'sec-fetch-mode' => 'no-cors',
  'sec-fetch-dest' => 'empty',
  'user-agent' => 'Mozilla/5.0 (Windows NT 10.0; Win64; x64) AppleWebKit/537.36 (KHTML, like Gecko) Chrome/84.0.4147.89 Safari/537.36',
  'accept-encoding' => 'gzip, deflate, br',
  'accept-language' => 'zh-CN,zh;q=0.9,en-US;q=0.8,en;q=0.7',
  'cookie' => 'PHPSESSID=0mg7hjnivhub9ok0irdau79j0d; JSESSIONID=node0fyiwem5j0v4pqnmhqacoim2d0.node0',
)
[ info ] [ PARAM ] array (
  '/static/css/bootstrap_css_map' => '',
)
[ info ] [ LOG ] INIT File
---------------------------------------------------------------
[ 2020-07-23T17:02:08+08:00 ] 0.0.0.0 GET localhost/static/js/popper.min.js.map
[运行时间：0.012121s] [吞吐率：82.50req/s] [内存消耗：45.02kb] [文件加载：43]
[ info ] [ LANG ] D:\Documents\GitHub\ThinkPHP-demo\thinkphp\lang\zh-cn.php
[ info ] [ ROUTE ] array (
  'type' => 'module',
  'module' => 
  array (
    0 => 'static',
    1 => 'js',
    2 => 'popper.min.js.map',
  ),
)
[ info ] [ HEADER ] array (
  'host' => 'localhost',
  'connection' => 'keep-alive',
  'sec-fetch-site' => 'none',
  'sec-fetch-mode' => 'no-cors',
  'sec-fetch-dest' => 'empty',
  'user-agent' => 'Mozilla/5.0 (Windows NT 10.0; Win64; x64) AppleWebKit/537.36 (KHTML, like Gecko) Chrome/84.0.4147.89 Safari/537.36',
  'accept-encoding' => 'gzip, deflate, br',
  'accept-language' => 'zh-CN,zh;q=0.9,en-US;q=0.8,en;q=0.7',
  'cookie' => 'PHPSESSID=0mg7hjnivhub9ok0irdau79j0d; JSESSIONID=node0fyiwem5j0v4pqnmhqacoim2d0.node0',
)
[ info ] [ PARAM ] array (
  '/static/js/popper_min_js_map' => '',
)
[ info ] [ LOG ] INIT File
---------------------------------------------------------------
[ 2020-07-23T17:02:08+08:00 ] 0.0.0.0 GET localhost/static/js/bootstrap.js.map
[运行时间：0.020319s] [吞吐率：49.22req/s] [内存消耗：45.02kb] [文件加载：43]
[ info ] [ LANG ] D:\Documents\GitHub\ThinkPHP-demo\thinkphp\lang\zh-cn.php
[ info ] [ ROUTE ] array (
  'type' => 'module',
  'module' => 
  array (
    0 => 'static',
    1 => 'js',
    2 => 'bootstrap.js.map',
  ),
)
[ info ] [ HEADER ] array (
  'host' => 'localhost',
  'connection' => 'keep-alive',
  'sec-fetch-site' => 'none',
  'sec-fetch-mode' => 'no-cors',
  'sec-fetch-dest' => 'empty',
  'user-agent' => 'Mozilla/5.0 (Windows NT 10.0; Win64; x64) AppleWebKit/537.36 (KHTML, like Gecko) Chrome/84.0.4147.89 Safari/537.36',
  'accept-encoding' => 'gzip, deflate, br',
  'accept-language' => 'zh-CN,zh;q=0.9,en-US;q=0.8,en;q=0.7',
  'cookie' => 'PHPSESSID=0mg7hjnivhub9ok0irdau79j0d; JSESSIONID=node0fyiwem5j0v4pqnmhqacoim2d0.node0',
)
[ info ] [ PARAM ] array (
  '/static/js/bootstrap_js_map' => '',
)
[ info ] [ LOG ] INIT File
---------------------------------------------------------------
[ 2020-07-23T17:02:08+08:00 ] 0.0.0.0 POST localhost/index/index/checkLogined.html
[运行时间：0.013391s] [吞吐率：74.68req/s] [内存消耗：76.89kb] [文件加载：50]
[ info ] [ LANG ] D:\Documents\GitHub\ThinkPHP-demo\thinkphp\lang\zh-cn.php
[ info ] [ ROUTE ] array (
  'type' => 'module',
  'module' => 
  array (
    0 => 'index',
    1 => 'index',
    2 => 'checkLogined',
  ),
)
[ info ] [ HEADER ] array (
  'host' => 'localhost',
  'connection' => 'keep-alive',
  'content-length' => '0',
  'accept' => '*/*',
  'dnt' => '1',
  'x-requested-with' => 'XMLHttpRequest',
  'user-agent' => 'Mozilla/5.0 (Windows NT 10.0; Win64; x64) AppleWebKit/537.36 (KHTML, like Gecko) Chrome/84.0.4147.89 Safari/537.36',
  'origin' => 'http://localhost',
  'sec-fetch-site' => 'same-origin',
  'sec-fetch-mode' => 'cors',
  'sec-fetch-dest' => 'empty',
  'referer' => 'http://localhost/',
  'accept-encoding' => 'gzip, deflate, br',
  'accept-language' => 'zh-CN,zh;q=0.9,en-US;q=0.8,en;q=0.7',
  'cookie' => 'PHPSESSID=0mg7hjnivhub9ok0irdau79j0d; JSESSIONID=node0fyiwem5j0v4pqnmhqacoim2d0.node0',
)
[ info ] [ PARAM ] array (
  '/index/index/checkLogined_html' => '',
)
[ info ] [ RUN ] app\index\controller\Index->checkLogined[ D:\Documents\GitHub\ThinkPHP-demo\application\index\controller\Index.php ]
[ info ] [ SESSION ] INIT array (
  'id' => '',
  'var_session_id' => '',
  'prefix' => 'think',
  'type' => '',
  'auto_start' => true,
)
[ info ] [ LOG ] INIT File
---------------------------------------------------------------
[ 2020-07-23T17:02:08+08:00 ] 0.0.0.0 POST localhost/index/login/cookielogin.html
[运行时间：0.025737s] [吞吐率：38.85req/s] [内存消耗：183.28kb] [文件加载：59]
[ info ] [ LANG ] D:\Documents\GitHub\ThinkPHP-demo\thinkphp\lang\zh-cn.php
[ info ] [ ROUTE ] array (
  'type' => 'module',
  'module' => 
  array (
    0 => 'index',
    1 => 'login',
    2 => 'cookielogin',
  ),
)
[ info ] [ HEADER ] array (
  'host' => 'localhost',
  'connection' => 'keep-alive',
  'content-length' => '0',
  'accept' => '*/*',
  'dnt' => '1',
  'x-requested-with' => 'XMLHttpRequest',
  'user-agent' => 'Mozilla/5.0 (Windows NT 10.0; Win64; x64) AppleWebKit/537.36 (KHTML, like Gecko) Chrome/84.0.4147.89 Safari/537.36',
  'origin' => 'http://localhost',
  'sec-fetch-site' => 'same-origin',
  'sec-fetch-mode' => 'cors',
  'sec-fetch-dest' => 'empty',
  'referer' => 'http://localhost/',
  'accept-encoding' => 'gzip, deflate, br',
  'accept-language' => 'zh-CN,zh;q=0.9,en-US;q=0.8,en;q=0.7',
  'cookie' => 'PHPSESSID=0mg7hjnivhub9ok0irdau79j0d; JSESSIONID=node0fyiwem5j0v4pqnmhqacoim2d0.node0',
)
[ info ] [ PARAM ] array (
  '/index/login/cookielogin_html' => '',
)
[ info ] [ DB ] INIT mysql
[ info ] [ RUN ] app\index\controller\Login->cookieLogin[ D:\Documents\GitHub\ThinkPHP-demo\application\index\controller\Login.php ]
[ info ] [ SESSION ] INIT array (
  'id' => '',
  'var_session_id' => '',
  'prefix' => 'think',
  'type' => '',
  'auto_start' => true,
)
[ info ] [ LOG ] INIT File
