---------------------------------------------------------------
[ 2020-04-09T14:01:24+08:00 ] 127.0.0.1 GET localhost/
[运行时间：0.444650s] [吞吐率：2.25req/s] [内存消耗：300.68kb] [文件加载：34]
[ info ] [ LANG ] C:\Users\wcz\Documents\GitHub\thinkphp-dome\thinkphp\lang\zh-cn.php
[ info ] [ ROUTE ] array (
  'type' => 'module',
  'module' => 
  array (
    0 => '',
    1 => NULL,
    2 => NULL,
  ),
)
[ info ] [ HEADER ] array (
  'host' => 'localhost',
  'connection' => 'keep-alive',
  'cache-control' => 'max-age=0',
  'dnt' => '1',
  'upgrade-insecure-requests' => '1',
  'user-agent' => 'Mozilla/5.0 (Windows NT 10.0; Win64; x64) AppleWebKit/537.36 (KHTML, like Gecko) Chrome/81.0.4044.92 Safari/537.36 Edg/81.0.416.45',
  'accept' => 'text/html,application/xhtml+xml,application/xml;q=0.9,image/webp,image/apng,*/*;q=0.8,application/signed-exchange;v=b3;q=0.9',
  'sec-fetch-site' => 'none',
  'sec-fetch-mode' => 'navigate',
  'sec-fetch-user' => '?1',
  'sec-fetch-dest' => 'document',
  'accept-encoding' => 'gzip, deflate, br',
  'accept-language' => 'zh-CN,zh;q=0.9,en;q=0.8,en-GB;q=0.7,en-US;q=0.6',
  'cookie' => 'Webstorm-3bc4fa9d=8cb95208-01c4-486c-a7c7-8ff831483dbe; PHPSESSID=j425ocg0dmnn3d25gskm1rs4ar; pgv_pvi=2115945472; pgv_si=s904845312; JSESSIONID=node0uluyewldaa1x16au077kt40zy0.node0; Phpstorm-d9cd1fc1=da28a0e8-9b78-4912-8442-4b8d2f3e014a',
)
[ info ] [ PARAM ] array (
)
[ info ] [ RUN ] app\index\controller\Index->index[ C:\Users\wcz\Documents\GitHub\thinkphp-dome\application\index\controller\Index.php ]
[ info ] [ LOG ] INIT File
---------------------------------------------------------------
[ 2020-04-09T14:27:09+08:00 ] 0.0.0.0 GET localhost/
[运行时间：0.820212s] [吞吐率：1.22req/s] [内存消耗：234.05kb] [文件加载：42]
[ info ] [ LANG ] C:\Users\wcz\Documents\GitHub\thinkphp-dome\thinkphp\lang\zh-cn.php
[ info ] [ ROUTE ] array (
  'type' => 'module',
  'module' => 
  array (
    0 => '',
    1 => NULL,
    2 => NULL,
  ),
)
[ info ] [ HEADER ] array (
  'host' => 'localhost',
  'connection' => 'keep-alive',
  'cache-control' => 'max-age=0',
  'dnt' => '1',
  'upgrade-insecure-requests' => '1',
  'user-agent' => 'Mozilla/5.0 (Windows NT 10.0; Win64; x64) AppleWebKit/537.36 (KHTML, like Gecko) Chrome/81.0.4044.92 Safari/537.36 Edg/81.0.416.45',
  'accept' => 'text/html,application/xhtml+xml,application/xml;q=0.9,image/webp,image/apng,*/*;q=0.8,application/signed-exchange;v=b3;q=0.9',
  'sec-fetch-site' => 'none',
  'sec-fetch-mode' => 'navigate',
  'sec-fetch-user' => '?1',
  'sec-fetch-dest' => 'document',
  'accept-encoding' => 'gzip, deflate, br',
  'accept-language' => 'zh-CN,zh;q=0.9,en;q=0.8,en-GB;q=0.7,en-US;q=0.6',
  'cookie' => 'Webstorm-3bc4fa9d=8cb95208-01c4-486c-a7c7-8ff831483dbe; PHPSESSID=j425ocg0dmnn3d25gskm1rs4ar; pgv_pvi=2115945472; pgv_si=s904845312; JSESSIONID=node0uluyewldaa1x16au077kt40zy0.node0; Phpstorm-d9cd1fc1=da28a0e8-9b78-4912-8442-4b8d2f3e014a',
)
[ info ] [ PARAM ] array (
)
[ info ] [ RUN ] app\index\controller\Index->index[ C:\Users\wcz\Documents\GitHub\thinkphp-dome\application\index\controller\Index.php ]
[ info ] [ LOG ] INIT File
[ error ] [0]模板文件不存在:C:\Users\wcz\Documents\GitHub\thinkphp-dome\public/../application/index\view\index\index.html[C:\Users\wcz\Documents\GitHub\thinkphp-dome\thinkphp\library\think\view\driver\Think.php:82]
---------------------------------------------------------------
[ 2020-04-09T14:27:28+08:00 ] 0.0.0.0 GET localhost/
[运行时间：0.415565s] [吞吐率：2.41req/s] [内存消耗：252.86kb] [文件加载：42]
[ info ] [ LANG ] C:\Users\wcz\Documents\GitHub\thinkphp-dome\thinkphp\lang\zh-cn.php
[ info ] [ ROUTE ] array (
  'type' => 'module',
  'module' => 
  array (
    0 => '',
    1 => NULL,
    2 => NULL,
  ),
)
[ info ] [ HEADER ] array (
  'host' => 'localhost',
  'connection' => 'keep-alive',
  'cache-control' => 'max-age=0',
  'dnt' => '1',
  'upgrade-insecure-requests' => '1',
  'user-agent' => 'Mozilla/5.0 (Windows NT 10.0; Win64; x64) AppleWebKit/537.36 (KHTML, like Gecko) Chrome/81.0.4044.92 Safari/537.36 Edg/81.0.416.45',
  'accept' => 'text/html,application/xhtml+xml,application/xml;q=0.9,image/webp,image/apng,*/*;q=0.8,application/signed-exchange;v=b3;q=0.9',
  'sec-fetch-site' => 'none',
  'sec-fetch-mode' => 'navigate',
  'sec-fetch-user' => '?1',
  'sec-fetch-dest' => 'document',
  'accept-encoding' => 'gzip, deflate, br',
  'accept-language' => 'zh-CN,zh;q=0.9,en;q=0.8,en-GB;q=0.7,en-US;q=0.6',
  'cookie' => 'Webstorm-3bc4fa9d=8cb95208-01c4-486c-a7c7-8ff831483dbe; PHPSESSID=j425ocg0dmnn3d25gskm1rs4ar; pgv_pvi=2115945472; pgv_si=s904845312; JSESSIONID=node0uluyewldaa1x16au077kt40zy0.node0; Phpstorm-d9cd1fc1=da28a0e8-9b78-4912-8442-4b8d2f3e014a',
)
[ info ] [ PARAM ] array (
)
[ info ] [ RUN ] app\index\controller\Index->index[ C:\Users\wcz\Documents\GitHub\thinkphp-dome\application\index\controller\Index.php ]
[ info ] [ VIEW ] C:\Users\wcz\Documents\GitHub\thinkphp-dome\public/../application/index\view\index\index.html [ array (
) ]
[ info ] [ LOG ] INIT File
---------------------------------------------------------------
[ 2020-04-09T14:30:43+08:00 ] 0.0.0.0 GET localhost/
[运行时间：0.412766s] [吞吐率：2.42req/s] [内存消耗：252.44kb] [文件加载：42]
[ info ] [ LANG ] C:\Users\wcz\Documents\GitHub\thinkphp-dome\thinkphp\lang\zh-cn.php
[ info ] [ ROUTE ] array (
  'type' => 'module',
  'module' => 
  array (
    0 => '',
    1 => NULL,
    2 => NULL,
  ),
)
[ info ] [ HEADER ] array (
  'host' => 'localhost',
  'connection' => 'keep-alive',
  'cache-control' => 'max-age=0',
  'dnt' => '1',
  'upgrade-insecure-requests' => '1',
  'user-agent' => 'Mozilla/5.0 (Windows NT 10.0; Win64; x64) AppleWebKit/537.36 (KHTML, like Gecko) Chrome/81.0.4044.92 Safari/537.36 Edg/81.0.416.45',
  'accept' => 'text/html,application/xhtml+xml,application/xml;q=0.9,image/webp,image/apng,*/*;q=0.8,application/signed-exchange;v=b3;q=0.9',
  'sec-fetch-site' => 'none',
  'sec-fetch-mode' => 'navigate',
  'sec-fetch-user' => '?1',
  'sec-fetch-dest' => 'document',
  'accept-encoding' => 'gzip, deflate, br',
  'accept-language' => 'zh-CN,zh;q=0.9,en;q=0.8,en-GB;q=0.7,en-US;q=0.6',
  'cookie' => 'Webstorm-3bc4fa9d=8cb95208-01c4-486c-a7c7-8ff831483dbe; PHPSESSID=j425ocg0dmnn3d25gskm1rs4ar; pgv_pvi=2115945472; pgv_si=s904845312; JSESSIONID=node0uluyewldaa1x16au077kt40zy0.node0; Phpstorm-d9cd1fc1=da28a0e8-9b78-4912-8442-4b8d2f3e014a',
)
[ info ] [ PARAM ] array (
)
[ info ] [ RUN ] app\index\controller\Index->index[ C:\Users\wcz\Documents\GitHub\thinkphp-dome\application\index\controller\Index.php ]
[ info ] [ VIEW ] C:\Users\wcz\Documents\GitHub\thinkphp-dome\public/../application/index\view\index\index.html [ array (
) ]
[ info ] [ LOG ] INIT File
---------------------------------------------------------------
[ 2020-04-09T14:35:13+08:00 ] 0.0.0.0 GET localhost/
[运行时间：0.412333s] [吞吐率：2.43req/s] [内存消耗：251.94kb] [文件加载：42]
[ info ] [ LANG ] C:\Users\wcz\Documents\GitHub\thinkphp-dome\thinkphp\lang\zh-cn.php
[ info ] [ ROUTE ] array (
  'type' => 'module',
  'module' => 
  array (
    0 => '',
    1 => NULL,
    2 => NULL,
  ),
)
[ info ] [ HEADER ] array (
  'host' => 'localhost',
  'connection' => 'keep-alive',
  'cache-control' => 'max-age=0',
  'dnt' => '1',
  'upgrade-insecure-requests' => '1',
  'user-agent' => 'Mozilla/5.0 (Windows NT 10.0; Win64; x64) AppleWebKit/537.36 (KHTML, like Gecko) Chrome/81.0.4044.92 Safari/537.36 Edg/81.0.416.45',
  'accept' => 'text/html,application/xhtml+xml,application/xml;q=0.9,image/webp,image/apng,*/*;q=0.8,application/signed-exchange;v=b3;q=0.9',
  'sec-fetch-site' => 'none',
  'sec-fetch-mode' => 'navigate',
  'sec-fetch-user' => '?1',
  'sec-fetch-dest' => 'document',
  'accept-encoding' => 'gzip, deflate, br',
  'accept-language' => 'zh-CN,zh;q=0.9,en;q=0.8,en-GB;q=0.7,en-US;q=0.6',
  'cookie' => 'Webstorm-3bc4fa9d=8cb95208-01c4-486c-a7c7-8ff831483dbe; PHPSESSID=j425ocg0dmnn3d25gskm1rs4ar; pgv_pvi=2115945472; pgv_si=s904845312; JSESSIONID=node0uluyewldaa1x16au077kt40zy0.node0; Phpstorm-d9cd1fc1=da28a0e8-9b78-4912-8442-4b8d2f3e014a',
)
[ info ] [ PARAM ] array (
)
[ info ] [ RUN ] app\index\controller\Index->index[ C:\Users\wcz\Documents\GitHub\thinkphp-dome\application\index\controller\Index.php ]
[ info ] [ VIEW ] C:\Users\wcz\Documents\GitHub\thinkphp-dome\public/../application/index\view\index\index.html [ array (
) ]
[ info ] [ LOG ] INIT File
---------------------------------------------------------------
[ 2020-04-09T14:35:35+08:00 ] 0.0.0.0 GET localhost/
[运行时间：0.413229s] [吞吐率：2.42req/s] [内存消耗：251.94kb] [文件加载：42]
[ info ] [ LANG ] C:\Users\wcz\Documents\GitHub\thinkphp-dome\thinkphp\lang\zh-cn.php
[ info ] [ ROUTE ] array (
  'type' => 'module',
  'module' => 
  array (
    0 => '',
    1 => NULL,
    2 => NULL,
  ),
)
[ info ] [ HEADER ] array (
  'host' => 'localhost',
  'connection' => 'keep-alive',
  'cache-control' => 'max-age=0',
  'dnt' => '1',
  'upgrade-insecure-requests' => '1',
  'user-agent' => 'Mozilla/5.0 (Windows NT 10.0; Win64; x64) AppleWebKit/537.36 (KHTML, like Gecko) Chrome/81.0.4044.92 Safari/537.36 Edg/81.0.416.45',
  'accept' => 'text/html,application/xhtml+xml,application/xml;q=0.9,image/webp,image/apng,*/*;q=0.8,application/signed-exchange;v=b3;q=0.9',
  'sec-fetch-site' => 'none',
  'sec-fetch-mode' => 'navigate',
  'sec-fetch-user' => '?1',
  'sec-fetch-dest' => 'document',
  'accept-encoding' => 'gzip, deflate, br',
  'accept-language' => 'zh-CN,zh;q=0.9,en;q=0.8,en-GB;q=0.7,en-US;q=0.6',
  'cookie' => 'Webstorm-3bc4fa9d=8cb95208-01c4-486c-a7c7-8ff831483dbe; PHPSESSID=j425ocg0dmnn3d25gskm1rs4ar; pgv_pvi=2115945472; pgv_si=s904845312; JSESSIONID=node0uluyewldaa1x16au077kt40zy0.node0; Phpstorm-d9cd1fc1=da28a0e8-9b78-4912-8442-4b8d2f3e014a',
)
[ info ] [ PARAM ] array (
)
[ info ] [ RUN ] app\index\controller\Index->index[ C:\Users\wcz\Documents\GitHub\thinkphp-dome\application\index\controller\Index.php ]
[ info ] [ VIEW ] C:\Users\wcz\Documents\GitHub\thinkphp-dome\public/../application/index\view\index\index.html [ array (
) ]
[ info ] [ LOG ] INIT File
---------------------------------------------------------------
[ 2020-04-09T14:37:25+08:00 ] 0.0.0.0 GET localhost/
[运行时间：0.412046s] [吞吐率：2.43req/s] [内存消耗：251.94kb] [文件加载：42]
[ info ] [ LANG ] C:\Users\wcz\Documents\GitHub\thinkphp-dome\thinkphp\lang\zh-cn.php
[ info ] [ ROUTE ] array (
  'type' => 'module',
  'module' => 
  array (
    0 => '',
    1 => NULL,
    2 => NULL,
  ),
)
[ info ] [ HEADER ] array (
  'host' => 'localhost',
  'connection' => 'keep-alive',
  'cache-control' => 'max-age=0',
  'dnt' => '1',
  'upgrade-insecure-requests' => '1',
  'user-agent' => 'Mozilla/5.0 (Windows NT 10.0; Win64; x64) AppleWebKit/537.36 (KHTML, like Gecko) Chrome/81.0.4044.92 Safari/537.36 Edg/81.0.416.45',
  'accept' => 'text/html,application/xhtml+xml,application/xml;q=0.9,image/webp,image/apng,*/*;q=0.8,application/signed-exchange;v=b3;q=0.9',
  'sec-fetch-site' => 'none',
  'sec-fetch-mode' => 'navigate',
  'sec-fetch-user' => '?1',
  'sec-fetch-dest' => 'document',
  'accept-encoding' => 'gzip, deflate, br',
  'accept-language' => 'zh-CN,zh;q=0.9,en;q=0.8,en-GB;q=0.7,en-US;q=0.6',
  'cookie' => 'Webstorm-3bc4fa9d=8cb95208-01c4-486c-a7c7-8ff831483dbe; PHPSESSID=j425ocg0dmnn3d25gskm1rs4ar; pgv_pvi=2115945472; pgv_si=s904845312; JSESSIONID=node0uluyewldaa1x16au077kt40zy0.node0; Phpstorm-d9cd1fc1=da28a0e8-9b78-4912-8442-4b8d2f3e014a',
)
[ info ] [ PARAM ] array (
)
[ info ] [ RUN ] app\index\controller\Index->index[ C:\Users\wcz\Documents\GitHub\thinkphp-dome\application\index\controller\Index.php ]
[ info ] [ VIEW ] C:\Users\wcz\Documents\GitHub\thinkphp-dome\public/../application/index\view\index\index.html [ array (
) ]
[ info ] [ LOG ] INIT File
---------------------------------------------------------------
[ 2020-04-09T14:38:17+08:00 ] 0.0.0.0 GET localhost/
[运行时间：0.416892s] [吞吐率：2.40req/s] [内存消耗：251.44kb] [文件加载：42]
[ info ] [ LANG ] C:\Users\wcz\Documents\GitHub\thinkphp-dome\thinkphp\lang\zh-cn.php
[ info ] [ ROUTE ] array (
  'type' => 'module',
  'module' => 
  array (
    0 => '',
    1 => NULL,
    2 => NULL,
  ),
)
[ info ] [ HEADER ] array (
  'host' => 'localhost',
  'connection' => 'keep-alive',
  'cache-control' => 'max-age=0',
  'dnt' => '1',
  'upgrade-insecure-requests' => '1',
  'user-agent' => 'Mozilla/5.0 (Windows NT 10.0; Win64; x64) AppleWebKit/537.36 (KHTML, like Gecko) Chrome/81.0.4044.92 Safari/537.36 Edg/81.0.416.45',
  'accept' => 'text/html,application/xhtml+xml,application/xml;q=0.9,image/webp,image/apng,*/*;q=0.8,application/signed-exchange;v=b3;q=0.9',
  'sec-fetch-site' => 'none',
  'sec-fetch-mode' => 'navigate',
  'sec-fetch-user' => '?1',
  'sec-fetch-dest' => 'document',
  'accept-encoding' => 'gzip, deflate, br',
  'accept-language' => 'zh-CN,zh;q=0.9,en;q=0.8,en-GB;q=0.7,en-US;q=0.6',
  'cookie' => 'Webstorm-3bc4fa9d=8cb95208-01c4-486c-a7c7-8ff831483dbe; PHPSESSID=j425ocg0dmnn3d25gskm1rs4ar; pgv_pvi=2115945472; pgv_si=s904845312; JSESSIONID=node0uluyewldaa1x16au077kt40zy0.node0; Phpstorm-d9cd1fc1=da28a0e8-9b78-4912-8442-4b8d2f3e014a',
)
[ info ] [ PARAM ] array (
)
[ info ] [ RUN ] app\index\controller\Index->index[ C:\Users\wcz\Documents\GitHub\thinkphp-dome\application\index\controller\Index.php ]
[ info ] [ VIEW ] C:\Users\wcz\Documents\GitHub\thinkphp-dome\public/../application/index\view\index\index.html [ array (
) ]
[ info ] [ LOG ] INIT File
---------------------------------------------------------------
[ 2020-04-09T14:38:32+08:00 ] 0.0.0.0 GET localhost/
[运行时间：0.408636s] [吞吐率：2.45req/s] [内存消耗：251.44kb] [文件加载：42]
[ info ] [ LANG ] C:\Users\wcz\Documents\GitHub\thinkphp-dome\thinkphp\lang\zh-cn.php
[ info ] [ ROUTE ] array (
  'type' => 'module',
  'module' => 
  array (
    0 => '',
    1 => NULL,
    2 => NULL,
  ),
)
[ info ] [ HEADER ] array (
  'host' => 'localhost',
  'connection' => 'keep-alive',
  'cache-control' => 'max-age=0',
  'dnt' => '1',
  'upgrade-insecure-requests' => '1',
  'user-agent' => 'Mozilla/5.0 (Windows NT 10.0; Win64; x64) AppleWebKit/537.36 (KHTML, like Gecko) Chrome/81.0.4044.92 Safari/537.36 Edg/81.0.416.45',
  'accept' => 'text/html,application/xhtml+xml,application/xml;q=0.9,image/webp,image/apng,*/*;q=0.8,application/signed-exchange;v=b3;q=0.9',
  'sec-fetch-site' => 'none',
  'sec-fetch-mode' => 'navigate',
  'sec-fetch-user' => '?1',
  'sec-fetch-dest' => 'document',
  'accept-encoding' => 'gzip, deflate, br',
  'accept-language' => 'zh-CN,zh;q=0.9,en;q=0.8,en-GB;q=0.7,en-US;q=0.6',
  'cookie' => 'Webstorm-3bc4fa9d=8cb95208-01c4-486c-a7c7-8ff831483dbe; PHPSESSID=j425ocg0dmnn3d25gskm1rs4ar; pgv_pvi=2115945472; pgv_si=s904845312; JSESSIONID=node0uluyewldaa1x16au077kt40zy0.node0; Phpstorm-d9cd1fc1=da28a0e8-9b78-4912-8442-4b8d2f3e014a',
)
[ info ] [ PARAM ] array (
)
[ info ] [ RUN ] app\index\controller\Index->index[ C:\Users\wcz\Documents\GitHub\thinkphp-dome\application\index\controller\Index.php ]
[ info ] [ VIEW ] C:\Users\wcz\Documents\GitHub\thinkphp-dome\public/../application/index\view\index\index.html [ array (
) ]
[ info ] [ LOG ] INIT File
---------------------------------------------------------------
[ 2020-04-09T15:04:03+08:00 ] 0.0.0.0 GET localhost/
[运行时间：0.416829s] [吞吐率：2.40req/s] [内存消耗：251.64kb] [文件加载：43]
[ info ] [ LANG ] C:\Users\wcz\Documents\GitHub\thinkphp-dome\thinkphp\lang\zh-cn.php
[ info ] [ ROUTE ] array (
  'type' => 'module',
  'module' => 
  array (
    0 => '',
    1 => NULL,
    2 => NULL,
  ),
)
[ info ] [ HEADER ] array (
  'host' => 'localhost',
  'connection' => 'keep-alive',
  'cache-control' => 'max-age=0',
  'dnt' => '1',
  'upgrade-insecure-requests' => '1',
  'user-agent' => 'Mozilla/5.0 (Windows NT 10.0; Win64; x64) AppleWebKit/537.36 (KHTML, like Gecko) Chrome/81.0.4044.92 Safari/537.36 Edg/81.0.416.45',
  'accept' => 'text/html,application/xhtml+xml,application/xml;q=0.9,image/webp,image/apng,*/*;q=0.8,application/signed-exchange;v=b3;q=0.9',
  'sec-fetch-site' => 'none',
  'sec-fetch-mode' => 'navigate',
  'sec-fetch-user' => '?1',
  'sec-fetch-dest' => 'document',
  'accept-encoding' => 'gzip, deflate, br',
  'accept-language' => 'zh-CN,zh;q=0.9,en;q=0.8,en-GB;q=0.7,en-US;q=0.6',
  'cookie' => 'Webstorm-3bc4fa9d=8cb95208-01c4-486c-a7c7-8ff831483dbe; PHPSESSID=j425ocg0dmnn3d25gskm1rs4ar; pgv_pvi=2115945472; pgv_si=s904845312; JSESSIONID=node0uluyewldaa1x16au077kt40zy0.node0; Phpstorm-d9cd1fc1=da28a0e8-9b78-4912-8442-4b8d2f3e014a',
)
[ info ] [ PARAM ] array (
)
[ info ] [ RUN ] app\index\controller\Index->index[ C:\Users\wcz\Documents\GitHub\thinkphp-dome\application\index\controller\Index.php ]
[ info ] [ VIEW ] C:\Users\wcz\Documents\GitHub\thinkphp-dome\public/../application/index\view\index\index.html [ array (
) ]
[ info ] [ LOG ] INIT File
---------------------------------------------------------------
[ 2020-04-09T15:07:13+08:00 ] 0.0.0.0 GET localhost/
[运行时间：0.414554s] [吞吐率：2.41req/s] [内存消耗：251.44kb] [文件加载：43]
[ info ] [ LANG ] C:\Users\wcz\Documents\GitHub\thinkphp-dome\thinkphp\lang\zh-cn.php
[ info ] [ ROUTE ] array (
  'type' => 'module',
  'module' => 
  array (
    0 => '',
    1 => NULL,
    2 => NULL,
  ),
)
[ info ] [ HEADER ] array (
  'host' => 'localhost',
  'connection' => 'keep-alive',
  'cache-control' => 'max-age=0',
  'dnt' => '1',
  'upgrade-insecure-requests' => '1',
  'user-agent' => 'Mozilla/5.0 (Windows NT 10.0; Win64; x64) AppleWebKit/537.36 (KHTML, like Gecko) Chrome/81.0.4044.92 Safari/537.36 Edg/81.0.416.45',
  'accept' => 'text/html,application/xhtml+xml,application/xml;q=0.9,image/webp,image/apng,*/*;q=0.8,application/signed-exchange;v=b3;q=0.9',
  'sec-fetch-site' => 'none',
  'sec-fetch-mode' => 'navigate',
  'sec-fetch-user' => '?1',
  'sec-fetch-dest' => 'document',
  'accept-encoding' => 'gzip, deflate, br',
  'accept-language' => 'zh-CN,zh;q=0.9,en;q=0.8,en-GB;q=0.7,en-US;q=0.6',
  'cookie' => 'Webstorm-3bc4fa9d=8cb95208-01c4-486c-a7c7-8ff831483dbe; PHPSESSID=j425ocg0dmnn3d25gskm1rs4ar; pgv_pvi=2115945472; pgv_si=s904845312; JSESSIONID=node0uluyewldaa1x16au077kt40zy0.node0; Phpstorm-d9cd1fc1=da28a0e8-9b78-4912-8442-4b8d2f3e014a',
)
[ info ] [ PARAM ] array (
)
[ info ] [ RUN ] app\index\controller\Index->index[ C:\Users\wcz\Documents\GitHub\thinkphp-dome\application\index\controller\Index.php ]
[ info ] [ VIEW ] C:\Users\wcz\Documents\GitHub\thinkphp-dome\public/../application/index\view\index\index.html [ array (
) ]
[ info ] [ LOG ] INIT File
---------------------------------------------------------------
[ 2020-04-09T15:10:41+08:00 ] 0.0.0.0 GET localhost/
[运行时间：0.413148s] [吞吐率：2.42req/s] [内存消耗：251.44kb] [文件加载：43]
[ info ] [ LANG ] C:\Users\wcz\Documents\GitHub\thinkphp-dome\thinkphp\lang\zh-cn.php
[ info ] [ ROUTE ] array (
  'type' => 'module',
  'module' => 
  array (
    0 => '',
    1 => NULL,
    2 => NULL,
  ),
)
[ info ] [ HEADER ] array (
  'host' => 'localhost',
  'connection' => 'keep-alive',
  'cache-control' => 'max-age=0',
  'dnt' => '1',
  'upgrade-insecure-requests' => '1',
  'user-agent' => 'Mozilla/5.0 (Windows NT 10.0; Win64; x64) AppleWebKit/537.36 (KHTML, like Gecko) Chrome/81.0.4044.92 Safari/537.36 Edg/81.0.416.45',
  'accept' => 'text/html,application/xhtml+xml,application/xml;q=0.9,image/webp,image/apng,*/*;q=0.8,application/signed-exchange;v=b3;q=0.9',
  'sec-fetch-site' => 'none',
  'sec-fetch-mode' => 'navigate',
  'sec-fetch-user' => '?1',
  'sec-fetch-dest' => 'document',
  'accept-encoding' => 'gzip, deflate, br',
  'accept-language' => 'zh-CN,zh;q=0.9,en;q=0.8,en-GB;q=0.7,en-US;q=0.6',
  'cookie' => 'Webstorm-3bc4fa9d=8cb95208-01c4-486c-a7c7-8ff831483dbe; PHPSESSID=j425ocg0dmnn3d25gskm1rs4ar; pgv_pvi=2115945472; pgv_si=s904845312; JSESSIONID=node0uluyewldaa1x16au077kt40zy0.node0; Phpstorm-d9cd1fc1=da28a0e8-9b78-4912-8442-4b8d2f3e014a',
)
[ info ] [ PARAM ] array (
)
[ info ] [ RUN ] app\index\controller\Index->index[ C:\Users\wcz\Documents\GitHub\thinkphp-dome\application\index\controller\Index.php ]
[ info ] [ VIEW ] C:\Users\wcz\Documents\GitHub\thinkphp-dome\public/../application/index\view\index\index.html [ array (
) ]
[ info ] [ LOG ] INIT File
---------------------------------------------------------------
[ 2020-04-09T15:12:08+08:00 ] 0.0.0.0 GET localhost/
[运行时间：0.415735s] [吞吐率：2.41req/s] [内存消耗：251.44kb] [文件加载：43]
[ info ] [ LANG ] C:\Users\wcz\Documents\GitHub\thinkphp-dome\thinkphp\lang\zh-cn.php
[ info ] [ ROUTE ] array (
  'type' => 'module',
  'module' => 
  array (
    0 => '',
    1 => NULL,
    2 => NULL,
  ),
)
[ info ] [ HEADER ] array (
  'host' => 'localhost',
  'connection' => 'keep-alive',
  'cache-control' => 'max-age=0',
  'dnt' => '1',
  'upgrade-insecure-requests' => '1',
  'user-agent' => 'Mozilla/5.0 (Windows NT 10.0; Win64; x64) AppleWebKit/537.36 (KHTML, like Gecko) Chrome/81.0.4044.92 Safari/537.36 Edg/81.0.416.45',
  'accept' => 'text/html,application/xhtml+xml,application/xml;q=0.9,image/webp,image/apng,*/*;q=0.8,application/signed-exchange;v=b3;q=0.9',
  'sec-fetch-site' => 'none',
  'sec-fetch-mode' => 'navigate',
  'sec-fetch-user' => '?1',
  'sec-fetch-dest' => 'document',
  'accept-encoding' => 'gzip, deflate, br',
  'accept-language' => 'zh-CN,zh;q=0.9,en;q=0.8,en-GB;q=0.7,en-US;q=0.6',
  'cookie' => 'Webstorm-3bc4fa9d=8cb95208-01c4-486c-a7c7-8ff831483dbe; PHPSESSID=j425ocg0dmnn3d25gskm1rs4ar; pgv_pvi=2115945472; pgv_si=s904845312; JSESSIONID=node0uluyewldaa1x16au077kt40zy0.node0; Phpstorm-d9cd1fc1=da28a0e8-9b78-4912-8442-4b8d2f3e014a',
)
[ info ] [ PARAM ] array (
)
[ info ] [ RUN ] app\index\controller\Index->index[ C:\Users\wcz\Documents\GitHub\thinkphp-dome\application\index\controller\Index.php ]
[ info ] [ VIEW ] C:\Users\wcz\Documents\GitHub\thinkphp-dome\public/../application/index\view\index\index.html [ array (
) ]
[ info ] [ LOG ] INIT File
---------------------------------------------------------------
[ 2020-04-09T15:17:31+08:00 ] 0.0.0.0 GET localhost/
[运行时间：0.413649s] [吞吐率：2.42req/s] [内存消耗：251.44kb] [文件加载：43]
[ info ] [ LANG ] C:\Users\wcz\Documents\GitHub\thinkphp-dome\thinkphp\lang\zh-cn.php
[ info ] [ ROUTE ] array (
  'type' => 'module',
  'module' => 
  array (
    0 => '',
    1 => NULL,
    2 => NULL,
  ),
)
[ info ] [ HEADER ] array (
  'host' => 'localhost',
  'connection' => 'keep-alive',
  'cache-control' => 'max-age=0',
  'dnt' => '1',
  'upgrade-insecure-requests' => '1',
  'user-agent' => 'Mozilla/5.0 (Windows NT 10.0; Win64; x64) AppleWebKit/537.36 (KHTML, like Gecko) Chrome/81.0.4044.92 Safari/537.36 Edg/81.0.416.45',
  'accept' => 'text/html,application/xhtml+xml,application/xml;q=0.9,image/webp,image/apng,*/*;q=0.8,application/signed-exchange;v=b3;q=0.9',
  'sec-fetch-site' => 'none',
  'sec-fetch-mode' => 'navigate',
  'sec-fetch-user' => '?1',
  'sec-fetch-dest' => 'document',
  'accept-encoding' => 'gzip, deflate, br',
  'accept-language' => 'zh-CN,zh;q=0.9,en;q=0.8,en-GB;q=0.7,en-US;q=0.6',
  'cookie' => 'Webstorm-3bc4fa9d=8cb95208-01c4-486c-a7c7-8ff831483dbe; PHPSESSID=j425ocg0dmnn3d25gskm1rs4ar; pgv_pvi=2115945472; pgv_si=s904845312; JSESSIONID=node0uluyewldaa1x16au077kt40zy0.node0; Phpstorm-d9cd1fc1=da28a0e8-9b78-4912-8442-4b8d2f3e014a',
)
[ info ] [ PARAM ] array (
)
[ info ] [ RUN ] app\index\controller\Index->index[ C:\Users\wcz\Documents\GitHub\thinkphp-dome\application\index\controller\Index.php ]
[ info ] [ VIEW ] C:\Users\wcz\Documents\GitHub\thinkphp-dome\public/../application/index\view\index\index.html [ array (
) ]
[ info ] [ LOG ] INIT File
---------------------------------------------------------------
[ 2020-04-09T15:17:49+08:00 ] 0.0.0.0 GET localhost/
[运行时间：0.411564s] [吞吐率：2.43req/s] [内存消耗：244.83kb] [文件加载：41]
[ info ] [ LANG ] C:\Users\wcz\Documents\GitHub\thinkphp-dome\thinkphp\lang\zh-cn.php
[ info ] [ ROUTE ] array (
  'type' => 'module',
  'module' => 
  array (
    0 => '',
    1 => NULL,
    2 => NULL,
  ),
)
[ info ] [ HEADER ] array (
  'host' => 'localhost',
  'connection' => 'keep-alive',
  'cache-control' => 'max-age=0',
  'dnt' => '1',
  'upgrade-insecure-requests' => '1',
  'user-agent' => 'Mozilla/5.0 (Windows NT 10.0; Win64; x64) AppleWebKit/537.36 (KHTML, like Gecko) Chrome/81.0.4044.92 Safari/537.36 Edg/81.0.416.45',
  'accept' => 'text/html,application/xhtml+xml,application/xml;q=0.9,image/webp,image/apng,*/*;q=0.8,application/signed-exchange;v=b3;q=0.9',
  'sec-fetch-site' => 'none',
  'sec-fetch-mode' => 'navigate',
  'sec-fetch-user' => '?1',
  'sec-fetch-dest' => 'document',
  'accept-encoding' => 'gzip, deflate, br',
  'accept-language' => 'zh-CN,zh;q=0.9,en;q=0.8,en-GB;q=0.7,en-US;q=0.6',
  'cookie' => 'Webstorm-3bc4fa9d=8cb95208-01c4-486c-a7c7-8ff831483dbe; PHPSESSID=j425ocg0dmnn3d25gskm1rs4ar; pgv_pvi=2115945472; pgv_si=s904845312; JSESSIONID=node0uluyewldaa1x16au077kt40zy0.node0; Phpstorm-d9cd1fc1=da28a0e8-9b78-4912-8442-4b8d2f3e014a',
)
[ info ] [ PARAM ] array (
)
[ info ] [ RUN ] app\index\controller\Index->index[ C:\Users\wcz\Documents\GitHub\thinkphp-dome\application\index\controller\Index.php ]
[ info ] [ VIEW ] C:\Users\wcz\Documents\GitHub\thinkphp-dome\public/../application/index\view\index\index.html [ array (
) ]
[ info ] [ LOG ] INIT File
---------------------------------------------------------------
[ 2020-04-09T15:18:03+08:00 ] 0.0.0.0 GET localhost/
[运行时间：0.409547s] [吞吐率：2.44req/s] [内存消耗：251.44kb] [文件加载：43]
[ info ] [ LANG ] C:\Users\wcz\Documents\GitHub\thinkphp-dome\thinkphp\lang\zh-cn.php
[ info ] [ ROUTE ] array (
  'type' => 'module',
  'module' => 
  array (
    0 => '',
    1 => NULL,
    2 => NULL,
  ),
)
[ info ] [ HEADER ] array (
  'host' => 'localhost',
  'connection' => 'keep-alive',
  'cache-control' => 'max-age=0',
  'dnt' => '1',
  'upgrade-insecure-requests' => '1',
  'user-agent' => 'Mozilla/5.0 (Windows NT 10.0; Win64; x64) AppleWebKit/537.36 (KHTML, like Gecko) Chrome/81.0.4044.92 Safari/537.36 Edg/81.0.416.45',
  'accept' => 'text/html,application/xhtml+xml,application/xml;q=0.9,image/webp,image/apng,*/*;q=0.8,application/signed-exchange;v=b3;q=0.9',
  'sec-fetch-site' => 'none',
  'sec-fetch-mode' => 'navigate',
  'sec-fetch-user' => '?1',
  'sec-fetch-dest' => 'document',
  'accept-encoding' => 'gzip, deflate, br',
  'accept-language' => 'zh-CN,zh;q=0.9,en;q=0.8,en-GB;q=0.7,en-US;q=0.6',
  'cookie' => 'Webstorm-3bc4fa9d=8cb95208-01c4-486c-a7c7-8ff831483dbe; PHPSESSID=j425ocg0dmnn3d25gskm1rs4ar; pgv_pvi=2115945472; pgv_si=s904845312; JSESSIONID=node0uluyewldaa1x16au077kt40zy0.node0; Phpstorm-d9cd1fc1=da28a0e8-9b78-4912-8442-4b8d2f3e014a',
)
[ info ] [ PARAM ] array (
)
[ info ] [ RUN ] app\index\controller\Index->index[ C:\Users\wcz\Documents\GitHub\thinkphp-dome\application\index\controller\Index.php ]
[ info ] [ VIEW ] C:\Users\wcz\Documents\GitHub\thinkphp-dome\public/../application/index\view\index\index.html [ array (
) ]
[ info ] [ LOG ] INIT File
---------------------------------------------------------------
[ 2020-04-09T15:46:10+08:00 ] 0.0.0.0 GET localhost/
[运行时间：0.412824s] [吞吐率：2.42req/s] [内存消耗：252.44kb] [文件加载：43]
[ info ] [ LANG ] C:\Users\wcz\Documents\GitHub\thinkphp-dome\thinkphp\lang\zh-cn.php
[ info ] [ ROUTE ] array (
  'type' => 'module',
  'module' => 
  array (
    0 => '',
    1 => NULL,
    2 => NULL,
  ),
)
[ info ] [ HEADER ] array (
  'host' => 'localhost',
  'connection' => 'keep-alive',
  'cache-control' => 'max-age=0',
  'dnt' => '1',
  'upgrade-insecure-requests' => '1',
  'user-agent' => 'Mozilla/5.0 (Windows NT 10.0; Win64; x64) AppleWebKit/537.36 (KHTML, like Gecko) Chrome/81.0.4044.92 Safari/537.36 Edg/81.0.416.45',
  'accept' => 'text/html,application/xhtml+xml,application/xml;q=0.9,image/webp,image/apng,*/*;q=0.8,application/signed-exchange;v=b3;q=0.9',
  'sec-fetch-site' => 'none',
  'sec-fetch-mode' => 'navigate',
  'sec-fetch-user' => '?1',
  'sec-fetch-dest' => 'document',
  'accept-encoding' => 'gzip, deflate, br',
  'accept-language' => 'zh-CN,zh;q=0.9,en;q=0.8,en-GB;q=0.7,en-US;q=0.6',
  'cookie' => 'Webstorm-3bc4fa9d=8cb95208-01c4-486c-a7c7-8ff831483dbe; PHPSESSID=j425ocg0dmnn3d25gskm1rs4ar; pgv_pvi=2115945472; pgv_si=s904845312; JSESSIONID=node0uluyewldaa1x16au077kt40zy0.node0; Phpstorm-d9cd1fc1=da28a0e8-9b78-4912-8442-4b8d2f3e014a',
)
[ info ] [ PARAM ] array (
)
[ info ] [ RUN ] app\index\controller\Index->index[ C:\Users\wcz\Documents\GitHub\thinkphp-dome\application\index\controller\Index.php ]
[ info ] [ VIEW ] C:\Users\wcz\Documents\GitHub\thinkphp-dome\public/../application/index\view\index\index.html [ array (
) ]
[ info ] [ LOG ] INIT File
---------------------------------------------------------------
[ 2020-04-09T15:46:28+08:00 ] 0.0.0.0 GET localhost/
[运行时间：0.413202s] [吞吐率：2.42req/s] [内存消耗：252.44kb] [文件加载：43]
[ info ] [ LANG ] C:\Users\wcz\Documents\GitHub\thinkphp-dome\thinkphp\lang\zh-cn.php
[ info ] [ ROUTE ] array (
  'type' => 'module',
  'module' => 
  array (
    0 => '',
    1 => NULL,
    2 => NULL,
  ),
)
[ info ] [ HEADER ] array (
  'host' => 'localhost',
  'connection' => 'keep-alive',
  'cache-control' => 'max-age=0',
  'dnt' => '1',
  'upgrade-insecure-requests' => '1',
  'user-agent' => 'Mozilla/5.0 (Windows NT 10.0; Win64; x64) AppleWebKit/537.36 (KHTML, like Gecko) Chrome/81.0.4044.92 Safari/537.36 Edg/81.0.416.45',
  'accept' => 'text/html,application/xhtml+xml,application/xml;q=0.9,image/webp,image/apng,*/*;q=0.8,application/signed-exchange;v=b3;q=0.9',
  'sec-fetch-site' => 'none',
  'sec-fetch-mode' => 'navigate',
  'sec-fetch-user' => '?1',
  'sec-fetch-dest' => 'document',
  'accept-encoding' => 'gzip, deflate, br',
  'accept-language' => 'zh-CN,zh;q=0.9,en;q=0.8,en-GB;q=0.7,en-US;q=0.6',
  'cookie' => 'Webstorm-3bc4fa9d=8cb95208-01c4-486c-a7c7-8ff831483dbe; PHPSESSID=j425ocg0dmnn3d25gskm1rs4ar; pgv_pvi=2115945472; pgv_si=s904845312; JSESSIONID=node0uluyewldaa1x16au077kt40zy0.node0; Phpstorm-d9cd1fc1=da28a0e8-9b78-4912-8442-4b8d2f3e014a',
)
[ info ] [ PARAM ] array (
)
[ info ] [ RUN ] app\index\controller\Index->index[ C:\Users\wcz\Documents\GitHub\thinkphp-dome\application\index\controller\Index.php ]
[ info ] [ VIEW ] C:\Users\wcz\Documents\GitHub\thinkphp-dome\public/../application/index\view\index\index.html [ array (
) ]
[ info ] [ LOG ] INIT File
---------------------------------------------------------------
[ 2020-04-09T15:48:05+08:00 ] 0.0.0.0 GET localhost/
[运行时间：0.407911s] [吞吐率：2.45req/s] [内存消耗：252.44kb] [文件加载：43]
[ info ] [ LANG ] C:\Users\wcz\Documents\GitHub\thinkphp-dome\thinkphp\lang\zh-cn.php
[ info ] [ ROUTE ] array (
  'type' => 'module',
  'module' => 
  array (
    0 => '',
    1 => NULL,
    2 => NULL,
  ),
)
[ info ] [ HEADER ] array (
  'host' => 'localhost',
  'connection' => 'keep-alive',
  'cache-control' => 'max-age=0',
  'dnt' => '1',
  'upgrade-insecure-requests' => '1',
  'user-agent' => 'Mozilla/5.0 (Windows NT 10.0; Win64; x64) AppleWebKit/537.36 (KHTML, like Gecko) Chrome/81.0.4044.92 Safari/537.36 Edg/81.0.416.45',
  'accept' => 'text/html,application/xhtml+xml,application/xml;q=0.9,image/webp,image/apng,*/*;q=0.8,application/signed-exchange;v=b3;q=0.9',
  'sec-fetch-site' => 'none',
  'sec-fetch-mode' => 'navigate',
  'sec-fetch-user' => '?1',
  'sec-fetch-dest' => 'document',
  'accept-encoding' => 'gzip, deflate, br',
  'accept-language' => 'zh-CN,zh;q=0.9,en;q=0.8,en-GB;q=0.7,en-US;q=0.6',
  'cookie' => 'Webstorm-3bc4fa9d=8cb95208-01c4-486c-a7c7-8ff831483dbe; PHPSESSID=j425ocg0dmnn3d25gskm1rs4ar; pgv_pvi=2115945472; pgv_si=s904845312; JSESSIONID=node0uluyewldaa1x16au077kt40zy0.node0; Phpstorm-d9cd1fc1=da28a0e8-9b78-4912-8442-4b8d2f3e014a',
)
[ info ] [ PARAM ] array (
)
[ info ] [ RUN ] app\index\controller\Index->index[ C:\Users\wcz\Documents\GitHub\thinkphp-dome\application\index\controller\Index.php ]
[ info ] [ VIEW ] C:\Users\wcz\Documents\GitHub\thinkphp-dome\public/../application/index\view\index\index.html [ array (
) ]
[ info ] [ LOG ] INIT File
---------------------------------------------------------------
[ 2020-04-09T15:48:21+08:00 ] 0.0.0.0 GET localhost/
[运行时间：0.409960s] [吞吐率：2.44req/s] [内存消耗：252.44kb] [文件加载：43]
[ info ] [ LANG ] C:\Users\wcz\Documents\GitHub\thinkphp-dome\thinkphp\lang\zh-cn.php
[ info ] [ ROUTE ] array (
  'type' => 'module',
  'module' => 
  array (
    0 => '',
    1 => NULL,
    2 => NULL,
  ),
)
[ info ] [ HEADER ] array (
  'host' => 'localhost',
  'connection' => 'keep-alive',
  'cache-control' => 'max-age=0',
  'dnt' => '1',
  'upgrade-insecure-requests' => '1',
  'user-agent' => 'Mozilla/5.0 (Windows NT 10.0; Win64; x64) AppleWebKit/537.36 (KHTML, like Gecko) Chrome/81.0.4044.92 Safari/537.36 Edg/81.0.416.45',
  'accept' => 'text/html,application/xhtml+xml,application/xml;q=0.9,image/webp,image/apng,*/*;q=0.8,application/signed-exchange;v=b3;q=0.9',
  'sec-fetch-site' => 'none',
  'sec-fetch-mode' => 'navigate',
  'sec-fetch-user' => '?1',
  'sec-fetch-dest' => 'document',
  'accept-encoding' => 'gzip, deflate, br',
  'accept-language' => 'zh-CN,zh;q=0.9,en;q=0.8,en-GB;q=0.7,en-US;q=0.6',
  'cookie' => 'Webstorm-3bc4fa9d=8cb95208-01c4-486c-a7c7-8ff831483dbe; PHPSESSID=j425ocg0dmnn3d25gskm1rs4ar; pgv_pvi=2115945472; pgv_si=s904845312; JSESSIONID=node0uluyewldaa1x16au077kt40zy0.node0; Phpstorm-d9cd1fc1=da28a0e8-9b78-4912-8442-4b8d2f3e014a',
)
[ info ] [ PARAM ] array (
)
[ info ] [ RUN ] app\index\controller\Index->index[ C:\Users\wcz\Documents\GitHub\thinkphp-dome\application\index\controller\Index.php ]
[ info ] [ VIEW ] C:\Users\wcz\Documents\GitHub\thinkphp-dome\public/../application/index\view\index\index.html [ array (
) ]
[ info ] [ LOG ] INIT File
---------------------------------------------------------------
[ 2020-04-09T15:48:29+08:00 ] 0.0.0.0 GET localhost/
[运行时间：0.412495s] [吞吐率：2.42req/s] [内存消耗：252.44kb] [文件加载：43]
[ info ] [ LANG ] C:\Users\wcz\Documents\GitHub\thinkphp-dome\thinkphp\lang\zh-cn.php
[ info ] [ ROUTE ] array (
  'type' => 'module',
  'module' => 
  array (
    0 => '',
    1 => NULL,
    2 => NULL,
  ),
)
[ info ] [ HEADER ] array (
  'host' => 'localhost',
  'connection' => 'keep-alive',
  'cache-control' => 'max-age=0',
  'dnt' => '1',
  'upgrade-insecure-requests' => '1',
  'user-agent' => 'Mozilla/5.0 (Windows NT 10.0; Win64; x64) AppleWebKit/537.36 (KHTML, like Gecko) Chrome/81.0.4044.92 Safari/537.36 Edg/81.0.416.45',
  'accept' => 'text/html,application/xhtml+xml,application/xml;q=0.9,image/webp,image/apng,*/*;q=0.8,application/signed-exchange;v=b3;q=0.9',
  'sec-fetch-site' => 'none',
  'sec-fetch-mode' => 'navigate',
  'sec-fetch-user' => '?1',
  'sec-fetch-dest' => 'document',
  'accept-encoding' => 'gzip, deflate, br',
  'accept-language' => 'zh-CN,zh;q=0.9,en;q=0.8,en-GB;q=0.7,en-US;q=0.6',
  'cookie' => 'Webstorm-3bc4fa9d=8cb95208-01c4-486c-a7c7-8ff831483dbe; PHPSESSID=j425ocg0dmnn3d25gskm1rs4ar; pgv_pvi=2115945472; pgv_si=s904845312; JSESSIONID=node0uluyewldaa1x16au077kt40zy0.node0; Phpstorm-d9cd1fc1=da28a0e8-9b78-4912-8442-4b8d2f3e014a',
)
[ info ] [ PARAM ] array (
)
[ info ] [ RUN ] app\index\controller\Index->index[ C:\Users\wcz\Documents\GitHub\thinkphp-dome\application\index\controller\Index.php ]
[ info ] [ VIEW ] C:\Users\wcz\Documents\GitHub\thinkphp-dome\public/../application/index\view\index\index.html [ array (
) ]
[ info ] [ LOG ] INIT File
---------------------------------------------------------------
[ 2020-04-09T15:48:36+08:00 ] 0.0.0.0 GET localhost/
[运行时间：0.412437s] [吞吐率：2.42req/s] [内存消耗：252.44kb] [文件加载：43]
[ info ] [ LANG ] C:\Users\wcz\Documents\GitHub\thinkphp-dome\thinkphp\lang\zh-cn.php
[ info ] [ ROUTE ] array (
  'type' => 'module',
  'module' => 
  array (
    0 => '',
    1 => NULL,
    2 => NULL,
  ),
)
[ info ] [ HEADER ] array (
  'host' => 'localhost',
  'connection' => 'keep-alive',
  'cache-control' => 'max-age=0',
  'dnt' => '1',
  'upgrade-insecure-requests' => '1',
  'user-agent' => 'Mozilla/5.0 (Windows NT 10.0; Win64; x64) AppleWebKit/537.36 (KHTML, like Gecko) Chrome/81.0.4044.92 Safari/537.36 Edg/81.0.416.45',
  'accept' => 'text/html,application/xhtml+xml,application/xml;q=0.9,image/webp,image/apng,*/*;q=0.8,application/signed-exchange;v=b3;q=0.9',
  'sec-fetch-site' => 'none',
  'sec-fetch-mode' => 'navigate',
  'sec-fetch-user' => '?1',
  'sec-fetch-dest' => 'document',
  'accept-encoding' => 'gzip, deflate, br',
  'accept-language' => 'zh-CN,zh;q=0.9,en;q=0.8,en-GB;q=0.7,en-US;q=0.6',
  'cookie' => 'Webstorm-3bc4fa9d=8cb95208-01c4-486c-a7c7-8ff831483dbe; PHPSESSID=j425ocg0dmnn3d25gskm1rs4ar; pgv_pvi=2115945472; pgv_si=s904845312; JSESSIONID=node0uluyewldaa1x16au077kt40zy0.node0; Phpstorm-d9cd1fc1=da28a0e8-9b78-4912-8442-4b8d2f3e014a',
)
[ info ] [ PARAM ] array (
)
[ info ] [ RUN ] app\index\controller\Index->index[ C:\Users\wcz\Documents\GitHub\thinkphp-dome\application\index\controller\Index.php ]
[ info ] [ VIEW ] C:\Users\wcz\Documents\GitHub\thinkphp-dome\public/../application/index\view\index\index.html [ array (
) ]
[ info ] [ LOG ] INIT File
---------------------------------------------------------------
[ 2020-04-09T15:48:47+08:00 ] 0.0.0.0 GET localhost/
[运行时间：0.409125s] [吞吐率：2.44req/s] [内存消耗：252.44kb] [文件加载：43]
[ info ] [ LANG ] C:\Users\wcz\Documents\GitHub\thinkphp-dome\thinkphp\lang\zh-cn.php
[ info ] [ ROUTE ] array (
  'type' => 'module',
  'module' => 
  array (
    0 => '',
    1 => NULL,
    2 => NULL,
  ),
)
[ info ] [ HEADER ] array (
  'host' => 'localhost',
  'connection' => 'keep-alive',
  'cache-control' => 'max-age=0',
  'dnt' => '1',
  'upgrade-insecure-requests' => '1',
  'user-agent' => 'Mozilla/5.0 (Windows NT 10.0; Win64; x64) AppleWebKit/537.36 (KHTML, like Gecko) Chrome/81.0.4044.92 Safari/537.36 Edg/81.0.416.45',
  'accept' => 'text/html,application/xhtml+xml,application/xml;q=0.9,image/webp,image/apng,*/*;q=0.8,application/signed-exchange;v=b3;q=0.9',
  'sec-fetch-site' => 'none',
  'sec-fetch-mode' => 'navigate',
  'sec-fetch-user' => '?1',
  'sec-fetch-dest' => 'document',
  'accept-encoding' => 'gzip, deflate, br',
  'accept-language' => 'zh-CN,zh;q=0.9,en;q=0.8,en-GB;q=0.7,en-US;q=0.6',
  'cookie' => 'Webstorm-3bc4fa9d=8cb95208-01c4-486c-a7c7-8ff831483dbe; PHPSESSID=j425ocg0dmnn3d25gskm1rs4ar; pgv_pvi=2115945472; pgv_si=s904845312; JSESSIONID=node0uluyewldaa1x16au077kt40zy0.node0; Phpstorm-d9cd1fc1=da28a0e8-9b78-4912-8442-4b8d2f3e014a',
)
[ info ] [ PARAM ] array (
)
[ info ] [ RUN ] app\index\controller\Index->index[ C:\Users\wcz\Documents\GitHub\thinkphp-dome\application\index\controller\Index.php ]
[ info ] [ VIEW ] C:\Users\wcz\Documents\GitHub\thinkphp-dome\public/../application/index\view\index\index.html [ array (
) ]
[ info ] [ LOG ] INIT File
---------------------------------------------------------------
[ 2020-04-09T15:48:57+08:00 ] 0.0.0.0 GET localhost/
[运行时间：0.409041s] [吞吐率：2.44req/s] [内存消耗：252.44kb] [文件加载：43]
[ info ] [ LANG ] C:\Users\wcz\Documents\GitHub\thinkphp-dome\thinkphp\lang\zh-cn.php
[ info ] [ ROUTE ] array (
  'type' => 'module',
  'module' => 
  array (
    0 => '',
    1 => NULL,
    2 => NULL,
  ),
)
[ info ] [ HEADER ] array (
  'host' => 'localhost',
  'connection' => 'keep-alive',
  'cache-control' => 'max-age=0',
  'dnt' => '1',
  'upgrade-insecure-requests' => '1',
  'user-agent' => 'Mozilla/5.0 (Windows NT 10.0; Win64; x64) AppleWebKit/537.36 (KHTML, like Gecko) Chrome/81.0.4044.92 Safari/537.36 Edg/81.0.416.45',
  'accept' => 'text/html,application/xhtml+xml,application/xml;q=0.9,image/webp,image/apng,*/*;q=0.8,application/signed-exchange;v=b3;q=0.9',
  'sec-fetch-site' => 'none',
  'sec-fetch-mode' => 'navigate',
  'sec-fetch-user' => '?1',
  'sec-fetch-dest' => 'document',
  'accept-encoding' => 'gzip, deflate, br',
  'accept-language' => 'zh-CN,zh;q=0.9,en;q=0.8,en-GB;q=0.7,en-US;q=0.6',
  'cookie' => 'Webstorm-3bc4fa9d=8cb95208-01c4-486c-a7c7-8ff831483dbe; PHPSESSID=j425ocg0dmnn3d25gskm1rs4ar; pgv_pvi=2115945472; pgv_si=s904845312; JSESSIONID=node0uluyewldaa1x16au077kt40zy0.node0; Phpstorm-d9cd1fc1=da28a0e8-9b78-4912-8442-4b8d2f3e014a',
)
[ info ] [ PARAM ] array (
)
[ info ] [ RUN ] app\index\controller\Index->index[ C:\Users\wcz\Documents\GitHub\thinkphp-dome\application\index\controller\Index.php ]
[ info ] [ VIEW ] C:\Users\wcz\Documents\GitHub\thinkphp-dome\public/../application/index\view\index\index.html [ array (
) ]
[ info ] [ LOG ] INIT File
---------------------------------------------------------------
[ 2020-04-09T15:50:12+08:00 ] 0.0.0.0 GET localhost/?
[运行时间：0.408205s] [吞吐率：2.45req/s] [内存消耗：252.70kb] [文件加载：43]
[ info ] [ LANG ] C:\Users\wcz\Documents\GitHub\thinkphp-dome\thinkphp\lang\zh-cn.php
[ info ] [ ROUTE ] array (
  'type' => 'module',
  'module' => 
  array (
    0 => '',
    1 => NULL,
    2 => NULL,
  ),
)
[ info ] [ HEADER ] array (
  'host' => 'localhost',
  'connection' => 'keep-alive',
  'upgrade-insecure-requests' => '1',
  'dnt' => '1',
  'user-agent' => 'Mozilla/5.0 (Windows NT 10.0; Win64; x64) AppleWebKit/537.36 (KHTML, like Gecko) Chrome/81.0.4044.92 Safari/537.36 Edg/81.0.416.45',
  'accept' => 'text/html,application/xhtml+xml,application/xml;q=0.9,image/webp,image/apng,*/*;q=0.8,application/signed-exchange;v=b3;q=0.9',
  'sec-fetch-site' => 'same-origin',
  'sec-fetch-mode' => 'navigate',
  'sec-fetch-user' => '?1',
  'sec-fetch-dest' => 'document',
  'referer' => 'http://localhost/',
  'accept-encoding' => 'gzip, deflate, br',
  'accept-language' => 'zh-CN,zh;q=0.9,en;q=0.8,en-GB;q=0.7,en-US;q=0.6',
  'cookie' => 'Webstorm-3bc4fa9d=8cb95208-01c4-486c-a7c7-8ff831483dbe; PHPSESSID=j425ocg0dmnn3d25gskm1rs4ar; pgv_pvi=2115945472; pgv_si=s904845312; JSESSIONID=node0uluyewldaa1x16au077kt40zy0.node0; Phpstorm-d9cd1fc1=da28a0e8-9b78-4912-8442-4b8d2f3e014a',
)
[ info ] [ PARAM ] array (
)
[ info ] [ RUN ] app\index\controller\Index->index[ C:\Users\wcz\Documents\GitHub\thinkphp-dome\application\index\controller\Index.php ]
[ info ] [ VIEW ] C:\Users\wcz\Documents\GitHub\thinkphp-dome\public/../application/index\view\index\index.html [ array (
) ]
[ info ] [ LOG ] INIT File
---------------------------------------------------------------
[ 2020-04-09T15:50:14+08:00 ] 0.0.0.0 GET localhost/?
[运行时间：0.406359s] [吞吐率：2.46req/s] [内存消耗：245.09kb] [文件加载：41]
[ info ] [ LANG ] C:\Users\wcz\Documents\GitHub\thinkphp-dome\thinkphp\lang\zh-cn.php
[ info ] [ ROUTE ] array (
  'type' => 'module',
  'module' => 
  array (
    0 => '',
    1 => NULL,
    2 => NULL,
  ),
)
[ info ] [ HEADER ] array (
  'host' => 'localhost',
  'connection' => 'keep-alive',
  'upgrade-insecure-requests' => '1',
  'dnt' => '1',
  'user-agent' => 'Mozilla/5.0 (Windows NT 10.0; Win64; x64) AppleWebKit/537.36 (KHTML, like Gecko) Chrome/81.0.4044.92 Safari/537.36 Edg/81.0.416.45',
  'accept' => 'text/html,application/xhtml+xml,application/xml;q=0.9,image/webp,image/apng,*/*;q=0.8,application/signed-exchange;v=b3;q=0.9',
  'sec-fetch-site' => 'same-origin',
  'sec-fetch-mode' => 'navigate',
  'sec-fetch-user' => '?1',
  'sec-fetch-dest' => 'document',
  'referer' => 'http://localhost/?',
  'accept-encoding' => 'gzip, deflate, br',
  'accept-language' => 'zh-CN,zh;q=0.9,en;q=0.8,en-GB;q=0.7,en-US;q=0.6',
  'cookie' => 'Webstorm-3bc4fa9d=8cb95208-01c4-486c-a7c7-8ff831483dbe; PHPSESSID=j425ocg0dmnn3d25gskm1rs4ar; pgv_pvi=2115945472; pgv_si=s904845312; JSESSIONID=node0uluyewldaa1x16au077kt40zy0.node0; Phpstorm-d9cd1fc1=da28a0e8-9b78-4912-8442-4b8d2f3e014a',
)
[ info ] [ PARAM ] array (
)
[ info ] [ RUN ] app\index\controller\Index->index[ C:\Users\wcz\Documents\GitHub\thinkphp-dome\application\index\controller\Index.php ]
[ info ] [ VIEW ] C:\Users\wcz\Documents\GitHub\thinkphp-dome\public/../application/index\view\index\index.html [ array (
) ]
[ info ] [ LOG ] INIT File
---------------------------------------------------------------
[ 2020-04-09T15:50:31+08:00 ] 0.0.0.0 GET localhost/?
[运行时间：0.411532s] [吞吐率：2.43req/s] [内存消耗：244.65kb] [文件加载：41]
[ info ] [ LANG ] C:\Users\wcz\Documents\GitHub\thinkphp-dome\thinkphp\lang\zh-cn.php
[ info ] [ ROUTE ] array (
  'type' => 'module',
  'module' => 
  array (
    0 => '',
    1 => NULL,
    2 => NULL,
  ),
)
[ info ] [ HEADER ] array (
  'host' => 'localhost',
  'connection' => 'keep-alive',
  'upgrade-insecure-requests' => '1',
  'dnt' => '1',
  'user-agent' => 'Mozilla/5.0 (Windows NT 10.0; Win64; x64) AppleWebKit/537.36 (KHTML, like Gecko) Chrome/81.0.4044.92 Safari/537.36 Edg/81.0.416.45',
  'accept' => 'text/html,application/xhtml+xml,application/xml;q=0.9,image/webp,image/apng,*/*;q=0.8,application/signed-exchange;v=b3;q=0.9',
  'sec-fetch-site' => 'same-origin',
  'sec-fetch-mode' => 'navigate',
  'sec-fetch-user' => '?1',
  'sec-fetch-dest' => 'document',
  'referer' => 'http://localhost/?',
  'accept-encoding' => 'gzip, deflate, br',
  'accept-language' => 'zh-CN,zh;q=0.9,en;q=0.8,en-GB;q=0.7,en-US;q=0.6',
  'cookie' => 'Webstorm-3bc4fa9d=8cb95208-01c4-486c-a7c7-8ff831483dbe; PHPSESSID=j425ocg0dmnn3d25gskm1rs4ar; pgv_pvi=2115945472; pgv_si=s904845312; JSESSIONID=node0uluyewldaa1x16au077kt40zy0.node0; Phpstorm-d9cd1fc1=da28a0e8-9b78-4912-8442-4b8d2f3e014a',
)
[ info ] [ PARAM ] array (
)
[ info ] [ RUN ] app\index\controller\Index->index[ C:\Users\wcz\Documents\GitHub\thinkphp-dome\application\index\controller\Index.php ]
[ info ] [ VIEW ] C:\Users\wcz\Documents\GitHub\thinkphp-dome\public/../application/index\view\index\index.html [ array (
) ]
[ info ] [ LOG ] INIT File
---------------------------------------------------------------
[ 2020-04-09T15:58:50+08:00 ] 0.0.0.0 GET localhost/?
[运行时间：0.412627s] [吞吐率：2.42req/s] [内存消耗：254.77kb] [文件加载：43]
[ info ] [ LANG ] C:\Users\wcz\Documents\GitHub\thinkphp-dome\thinkphp\lang\zh-cn.php
[ info ] [ ROUTE ] array (
  'type' => 'module',
  'module' => 
  array (
    0 => '',
    1 => NULL,
    2 => NULL,
  ),
)
[ info ] [ HEADER ] array (
  'host' => 'localhost',
  'connection' => 'keep-alive',
  'cache-control' => 'max-age=0',
  'dnt' => '1',
  'upgrade-insecure-requests' => '1',
  'user-agent' => 'Mozilla/5.0 (Windows NT 10.0; Win64; x64) AppleWebKit/537.36 (KHTML, like Gecko) Chrome/81.0.4044.92 Safari/537.36 Edg/81.0.416.45',
  'accept' => 'text/html,application/xhtml+xml,application/xml;q=0.9,image/webp,image/apng,*/*;q=0.8,application/signed-exchange;v=b3;q=0.9',
  'sec-fetch-site' => 'same-origin',
  'sec-fetch-mode' => 'navigate',
  'sec-fetch-user' => '?1',
  'sec-fetch-dest' => 'document',
  'referer' => 'http://localhost/?',
  'accept-encoding' => 'gzip, deflate, br',
  'accept-language' => 'zh-CN,zh;q=0.9,en;q=0.8,en-GB;q=0.7,en-US;q=0.6',
  'cookie' => 'Webstorm-3bc4fa9d=8cb95208-01c4-486c-a7c7-8ff831483dbe; PHPSESSID=j425ocg0dmnn3d25gskm1rs4ar; pgv_pvi=2115945472; pgv_si=s904845312; JSESSIONID=node0uluyewldaa1x16au077kt40zy0.node0; Phpstorm-d9cd1fc1=da28a0e8-9b78-4912-8442-4b8d2f3e014a',
)
[ info ] [ PARAM ] array (
)
[ info ] [ RUN ] app\index\controller\Index->index[ C:\Users\wcz\Documents\GitHub\thinkphp-dome\application\index\controller\Index.php ]
[ info ] [ VIEW ] C:\Users\wcz\Documents\GitHub\thinkphp-dome\public/../application/index\view\index\index.html [ array (
) ]
[ info ] [ LOG ] INIT File
---------------------------------------------------------------
[ 2020-04-09T15:59:31+08:00 ] 0.0.0.0 GET localhost/?
[运行时间：0.411280s] [吞吐率：2.43req/s] [内存消耗：254.77kb] [文件加载：43]
[ info ] [ LANG ] C:\Users\wcz\Documents\GitHub\thinkphp-dome\thinkphp\lang\zh-cn.php
[ info ] [ ROUTE ] array (
  'type' => 'module',
  'module' => 
  array (
    0 => '',
    1 => NULL,
    2 => NULL,
  ),
)
[ info ] [ HEADER ] array (
  'host' => 'localhost',
  'connection' => 'keep-alive',
  'cache-control' => 'max-age=0',
  'dnt' => '1',
  'upgrade-insecure-requests' => '1',
  'user-agent' => 'Mozilla/5.0 (Windows NT 10.0; Win64; x64) AppleWebKit/537.36 (KHTML, like Gecko) Chrome/81.0.4044.92 Safari/537.36 Edg/81.0.416.45',
  'accept' => 'text/html,application/xhtml+xml,application/xml;q=0.9,image/webp,image/apng,*/*;q=0.8,application/signed-exchange;v=b3;q=0.9',
  'sec-fetch-site' => 'same-origin',
  'sec-fetch-mode' => 'navigate',
  'sec-fetch-user' => '?1',
  'sec-fetch-dest' => 'document',
  'referer' => 'http://localhost/?',
  'accept-encoding' => 'gzip, deflate, br',
  'accept-language' => 'zh-CN,zh;q=0.9,en;q=0.8,en-GB;q=0.7,en-US;q=0.6',
  'cookie' => 'Webstorm-3bc4fa9d=8cb95208-01c4-486c-a7c7-8ff831483dbe; PHPSESSID=j425ocg0dmnn3d25gskm1rs4ar; pgv_pvi=2115945472; pgv_si=s904845312; JSESSIONID=node0uluyewldaa1x16au077kt40zy0.node0; Phpstorm-d9cd1fc1=da28a0e8-9b78-4912-8442-4b8d2f3e014a',
)
[ info ] [ PARAM ] array (
)
[ info ] [ RUN ] app\index\controller\Index->index[ C:\Users\wcz\Documents\GitHub\thinkphp-dome\application\index\controller\Index.php ]
[ info ] [ VIEW ] C:\Users\wcz\Documents\GitHub\thinkphp-dome\public/../application/index\view\index\index.html [ array (
) ]
[ info ] [ LOG ] INIT File
---------------------------------------------------------------
[ 2020-04-09T16:00:36+08:00 ] 0.0.0.0 GET localhost/?
[运行时间：0.407821s] [吞吐率：2.45req/s] [内存消耗：257.77kb] [文件加载：43]
[ info ] [ LANG ] C:\Users\wcz\Documents\GitHub\thinkphp-dome\thinkphp\lang\zh-cn.php
[ info ] [ ROUTE ] array (
  'type' => 'module',
  'module' => 
  array (
    0 => '',
    1 => NULL,
    2 => NULL,
  ),
)
[ info ] [ HEADER ] array (
  'host' => 'localhost',
  'connection' => 'keep-alive',
  'cache-control' => 'max-age=0',
  'dnt' => '1',
  'upgrade-insecure-requests' => '1',
  'user-agent' => 'Mozilla/5.0 (Windows NT 10.0; Win64; x64) AppleWebKit/537.36 (KHTML, like Gecko) Chrome/81.0.4044.92 Safari/537.36 Edg/81.0.416.45',
  'accept' => 'text/html,application/xhtml+xml,application/xml;q=0.9,image/webp,image/apng,*/*;q=0.8,application/signed-exchange;v=b3;q=0.9',
  'sec-fetch-site' => 'same-origin',
  'sec-fetch-mode' => 'navigate',
  'sec-fetch-user' => '?1',
  'sec-fetch-dest' => 'document',
  'referer' => 'http://localhost/?',
  'accept-encoding' => 'gzip, deflate, br',
  'accept-language' => 'zh-CN,zh;q=0.9,en;q=0.8,en-GB;q=0.7,en-US;q=0.6',
  'cookie' => 'Webstorm-3bc4fa9d=8cb95208-01c4-486c-a7c7-8ff831483dbe; PHPSESSID=j425ocg0dmnn3d25gskm1rs4ar; pgv_pvi=2115945472; pgv_si=s904845312; JSESSIONID=node0uluyewldaa1x16au077kt40zy0.node0; Phpstorm-d9cd1fc1=da28a0e8-9b78-4912-8442-4b8d2f3e014a',
)
[ info ] [ PARAM ] array (
)
[ info ] [ RUN ] app\index\controller\Index->index[ C:\Users\wcz\Documents\GitHub\thinkphp-dome\application\index\controller\Index.php ]
[ info ] [ VIEW ] C:\Users\wcz\Documents\GitHub\thinkphp-dome\public/../application/index\view\index\index.html [ array (
) ]
[ info ] [ LOG ] INIT File
---------------------------------------------------------------
[ 2020-04-09T16:15:31+08:00 ] 0.0.0.0 GET localhost/?
[运行时间：0.411723s] [吞吐率：2.43req/s] [内存消耗：245.66kb] [文件加载：41]
[ info ] [ LANG ] C:\Users\wcz\Documents\GitHub\thinkphp-dome\thinkphp\lang\zh-cn.php
[ info ] [ ROUTE ] array (
  'type' => 'module',
  'module' => 
  array (
    0 => '',
    1 => NULL,
    2 => NULL,
  ),
)
[ info ] [ HEADER ] array (
  'host' => 'localhost',
  'connection' => 'keep-alive',
  'cache-control' => 'max-age=0',
  'dnt' => '1',
  'upgrade-insecure-requests' => '1',
  'user-agent' => 'Mozilla/5.0 (Windows NT 10.0; Win64; x64) AppleWebKit/537.36 (KHTML, like Gecko) Chrome/81.0.4044.92 Safari/537.36 Edg/81.0.416.45',
  'accept' => 'text/html,application/xhtml+xml,application/xml;q=0.9,image/webp,image/apng,*/*;q=0.8,application/signed-exchange;v=b3;q=0.9',
  'sec-fetch-site' => 'same-origin',
  'sec-fetch-mode' => 'navigate',
  'sec-fetch-user' => '?1',
  'sec-fetch-dest' => 'document',
  'referer' => 'http://localhost/?',
  'accept-encoding' => 'gzip, deflate, br',
  'accept-language' => 'zh-CN,zh;q=0.9,en;q=0.8,en-GB;q=0.7,en-US;q=0.6',
  'cookie' => 'Webstorm-3bc4fa9d=8cb95208-01c4-486c-a7c7-8ff831483dbe; PHPSESSID=j425ocg0dmnn3d25gskm1rs4ar; pgv_pvi=2115945472; pgv_si=s904845312; JSESSIONID=node0uluyewldaa1x16au077kt40zy0.node0; Phpstorm-d9cd1fc1=da28a0e8-9b78-4912-8442-4b8d2f3e014a',
)
[ info ] [ PARAM ] array (
)
[ info ] [ RUN ] app\index\controller\Index->index[ C:\Users\wcz\Documents\GitHub\thinkphp-dome\application\index\controller\Index.php ]
[ info ] [ VIEW ] C:\Users\wcz\Documents\GitHub\thinkphp-dome\public/../application/index\view\index\index.html [ array (
) ]
[ info ] [ LOG ] INIT File
