---------------------------------------------------------------
[ 2020-04-10T20:26:32+08:00 ] 0.0.0.0 GET localhost/
[运行时间：0.831964s] [吞吐率：1.20req/s] [内存消耗：268.65kb] [文件加载：45]
[ info ] [ LANG ] C:\Users\wcz\Documents\GitHub\thinkphp-dome\thinkphp\lang\zh-cn.php
[ info ] [ ROUTE ] array (
  'type' => 'module',
  'module' => 
  array (
    0 => '',
    1 => NULL,
    2 => NULL,
  ),
)
[ info ] [ HEADER ] array (
  'host' => 'localhost',
  'connection' => 'keep-alive',
  'dnt' => '1',
  'upgrade-insecure-requests' => '1',
  'user-agent' => 'Mozilla/5.0 (Windows NT 10.0; Win64; x64) AppleWebKit/537.36 (KHTML, like Gecko) Chrome/81.0.4044.92 Safari/537.36',
  'accept' => 'text/html,application/xhtml+xml,application/xml;q=0.9,image/webp,image/apng,*/*;q=0.8,application/signed-exchange;v=b3;q=0.9',
  'sec-fetch-site' => 'none',
  'sec-fetch-mode' => 'navigate',
  'sec-fetch-user' => '?1',
  'sec-fetch-dest' => 'document',
  'accept-encoding' => 'gzip, deflate, br',
  'accept-language' => 'zh-CN,zh;q=0.9,ja-JP;q=0.8,ja;q=0.7,en-US;q=0.6,en;q=0.5',
  'cookie' => 'Phpstorm-d9cd1fc1=da28a0e8-9b78-4912-8442-4b8d2f3e014a',
)
[ info ] [ PARAM ] array (
)
[ info ] [ RUN ] app\index\controller\Index->index[ C:\Users\wcz\Documents\GitHub\thinkphp-dome\application\index\controller\Index.php ]
[ info ] [ VIEW ] C:\Users\wcz\Documents\GitHub\thinkphp-dome\public/../application/index\view\index\index.html [ array (
) ]
[ info ] [ LOG ] INIT File
[ error ] [0]语法解析错误: syntax error, unexpected '",' (T_CONSTANT_ENCAPSED_STRING), expecting ',' or ';'[C:\Users\wcz\Documents\GitHub\thinkphp-dome\runtime\temp\3b41b5a47c3911318a056f2f8627cdb4.php:215]
---------------------------------------------------------------
[ 2020-04-10T20:29:47+08:00 ] 0.0.0.0 GET localhost/
[运行时间：0.419052s] [吞吐率：2.39req/s] [内存消耗：281.92kb] [文件加载：44]
[ info ] [ LANG ] C:\Users\wcz\Documents\GitHub\thinkphp-dome\thinkphp\lang\zh-cn.php
[ info ] [ ROUTE ] array (
  'type' => 'module',
  'module' => 
  array (
    0 => '',
    1 => NULL,
    2 => NULL,
  ),
)
[ info ] [ HEADER ] array (
  'host' => 'localhost',
  'connection' => 'keep-alive',
  'cache-control' => 'max-age=0',
  'dnt' => '1',
  'upgrade-insecure-requests' => '1',
  'user-agent' => 'Mozilla/5.0 (Windows NT 10.0; Win64; x64) AppleWebKit/537.36 (KHTML, like Gecko) Chrome/81.0.4044.92 Safari/537.36',
  'accept' => 'text/html,application/xhtml+xml,application/xml;q=0.9,image/webp,image/apng,*/*;q=0.8,application/signed-exchange;v=b3;q=0.9',
  'sec-fetch-site' => 'none',
  'sec-fetch-mode' => 'navigate',
  'sec-fetch-user' => '?1',
  'sec-fetch-dest' => 'document',
  'accept-encoding' => 'gzip, deflate, br',
  'accept-language' => 'zh-CN,zh;q=0.9,ja-JP;q=0.8,ja;q=0.7,en-US;q=0.6,en;q=0.5',
  'cookie' => 'Phpstorm-d9cd1fc1=da28a0e8-9b78-4912-8442-4b8d2f3e014a',
)
[ info ] [ PARAM ] array (
)
[ info ] [ RUN ] app\index\controller\Index->index[ C:\Users\wcz\Documents\GitHub\thinkphp-dome\application\index\controller\Index.php ]
[ info ] [ VIEW ] C:\Users\wcz\Documents\GitHub\thinkphp-dome\public/../application/index\view\index\index.html [ array (
) ]
[ info ] [ LOG ] INIT File
---------------------------------------------------------------
[ 2020-04-10T20:30:01+08:00 ] 0.0.0.0 GET localhost/
[运行时间：0.411042s] [吞吐率：2.43req/s] [内存消耗：281.13kb] [文件加载：44]
[ info ] [ LANG ] C:\Users\wcz\Documents\GitHub\thinkphp-dome\thinkphp\lang\zh-cn.php
[ info ] [ ROUTE ] array (
  'type' => 'module',
  'module' => 
  array (
    0 => '',
    1 => NULL,
    2 => NULL,
  ),
)
[ info ] [ HEADER ] array (
  'host' => 'localhost',
  'connection' => 'keep-alive',
  'cache-control' => 'max-age=0',
  'dnt' => '1',
  'upgrade-insecure-requests' => '1',
  'user-agent' => 'Mozilla/5.0 (Windows NT 10.0; Win64; x64) AppleWebKit/537.36 (KHTML, like Gecko) Chrome/81.0.4044.92 Safari/537.36',
  'accept' => 'text/html,application/xhtml+xml,application/xml;q=0.9,image/webp,image/apng,*/*;q=0.8,application/signed-exchange;v=b3;q=0.9',
  'sec-fetch-site' => 'none',
  'sec-fetch-mode' => 'navigate',
  'sec-fetch-user' => '?1',
  'sec-fetch-dest' => 'document',
  'accept-encoding' => 'gzip, deflate, br',
  'accept-language' => 'zh-CN,zh;q=0.9,ja-JP;q=0.8,ja;q=0.7,en-US;q=0.6,en;q=0.5',
  'cookie' => 'Phpstorm-d9cd1fc1=da28a0e8-9b78-4912-8442-4b8d2f3e014a',
)
[ info ] [ PARAM ] array (
)
[ info ] [ RUN ] app\index\controller\Index->index[ C:\Users\wcz\Documents\GitHub\thinkphp-dome\application\index\controller\Index.php ]
[ info ] [ VIEW ] C:\Users\wcz\Documents\GitHub\thinkphp-dome\public/../application/index\view\index\index.html [ array (
) ]
[ info ] [ LOG ] INIT File
---------------------------------------------------------------
[ 2020-04-10T21:08:44+08:00 ] 0.0.0.0 GET localhost/
[运行时间：0.411288s] [吞吐率：2.43req/s] [内存消耗：245.02kb] [文件加载：42]
[ info ] [ LANG ] C:\Users\wcz\Documents\GitHub\thinkphp-dome\thinkphp\lang\zh-cn.php
[ info ] [ ROUTE ] array (
  'type' => 'module',
  'module' => 
  array (
    0 => '',
    1 => NULL,
    2 => NULL,
  ),
)
[ info ] [ HEADER ] array (
  'host' => 'localhost',
  'connection' => 'keep-alive',
  'cache-control' => 'max-age=0',
  'dnt' => '1',
  'upgrade-insecure-requests' => '1',
  'user-agent' => 'Mozilla/5.0 (Windows NT 10.0; Win64; x64) AppleWebKit/537.36 (KHTML, like Gecko) Chrome/81.0.4044.92 Safari/537.36',
  'accept' => 'text/html,application/xhtml+xml,application/xml;q=0.9,image/webp,image/apng,*/*;q=0.8,application/signed-exchange;v=b3;q=0.9',
  'sec-fetch-site' => 'none',
  'sec-fetch-mode' => 'navigate',
  'sec-fetch-user' => '?1',
  'sec-fetch-dest' => 'document',
  'accept-encoding' => 'gzip, deflate, br',
  'accept-language' => 'zh-CN,zh;q=0.9,ja-JP;q=0.8,ja;q=0.7,en-US;q=0.6,en;q=0.5',
  'cookie' => 'Phpstorm-d9cd1fc1=da28a0e8-9b78-4912-8442-4b8d2f3e014a',
)
[ info ] [ PARAM ] array (
)
[ info ] [ RUN ] app\index\controller\Index->index[ C:\Users\wcz\Documents\GitHub\thinkphp-dome\application\index\controller\Index.php ]
[ info ] [ VIEW ] C:\Users\wcz\Documents\GitHub\thinkphp-dome\public/../application/index\view\index\index.html [ array (
) ]
[ info ] [ LOG ] INIT File
---------------------------------------------------------------
[ 2020-04-10T21:10:34+08:00 ] 0.0.0.0 GET localhost/
[运行时间：0.411419s] [吞吐率：2.43req/s] [内存消耗：244.58kb] [文件加载：42]
[ info ] [ LANG ] C:\Users\wcz\Documents\GitHub\thinkphp-dome\thinkphp\lang\zh-cn.php
[ info ] [ ROUTE ] array (
  'type' => 'module',
  'module' => 
  array (
    0 => '',
    1 => NULL,
    2 => NULL,
  ),
)
[ info ] [ HEADER ] array (
  'host' => 'localhost',
  'connection' => 'keep-alive',
  'cache-control' => 'max-age=0',
  'dnt' => '1',
  'upgrade-insecure-requests' => '1',
  'user-agent' => 'Mozilla/5.0 (Windows NT 10.0; Win64; x64) AppleWebKit/537.36 (KHTML, like Gecko) Chrome/81.0.4044.92 Safari/537.36',
  'accept' => 'text/html,application/xhtml+xml,application/xml;q=0.9,image/webp,image/apng,*/*;q=0.8,application/signed-exchange;v=b3;q=0.9',
  'sec-fetch-site' => 'none',
  'sec-fetch-mode' => 'navigate',
  'sec-fetch-user' => '?1',
  'sec-fetch-dest' => 'document',
  'accept-encoding' => 'gzip, deflate, br',
  'accept-language' => 'zh-CN,zh;q=0.9,ja-JP;q=0.8,ja;q=0.7,en-US;q=0.6,en;q=0.5',
  'cookie' => 'Phpstorm-d9cd1fc1=da28a0e8-9b78-4912-8442-4b8d2f3e014a',
)
[ info ] [ PARAM ] array (
)
[ info ] [ RUN ] app\index\controller\Index->index[ C:\Users\wcz\Documents\GitHub\thinkphp-dome\application\index\controller\Index.php ]
[ info ] [ VIEW ] C:\Users\wcz\Documents\GitHub\thinkphp-dome\public/../application/index\view\index\index.html [ array (
) ]
[ info ] [ LOG ] INIT File
---------------------------------------------------------------
[ 2020-04-10T21:14:38+08:00 ] 0.0.0.0 GET localhost/
[运行时间：0.412616s] [吞吐率：2.42req/s] [内存消耗：281.13kb] [文件加载：44]
[ info ] [ LANG ] C:\Users\wcz\Documents\GitHub\thinkphp-dome\thinkphp\lang\zh-cn.php
[ info ] [ ROUTE ] array (
  'type' => 'module',
  'module' => 
  array (
    0 => '',
    1 => NULL,
    2 => NULL,
  ),
)
[ info ] [ HEADER ] array (
  'host' => 'localhost',
  'connection' => 'keep-alive',
  'cache-control' => 'max-age=0',
  'dnt' => '1',
  'upgrade-insecure-requests' => '1',
  'user-agent' => 'Mozilla/5.0 (Windows NT 10.0; Win64; x64) AppleWebKit/537.36 (KHTML, like Gecko) Chrome/81.0.4044.92 Safari/537.36',
  'accept' => 'text/html,application/xhtml+xml,application/xml;q=0.9,image/webp,image/apng,*/*;q=0.8,application/signed-exchange;v=b3;q=0.9',
  'sec-fetch-site' => 'none',
  'sec-fetch-mode' => 'navigate',
  'sec-fetch-user' => '?1',
  'sec-fetch-dest' => 'document',
  'accept-encoding' => 'gzip, deflate, br',
  'accept-language' => 'zh-CN,zh;q=0.9,ja-JP;q=0.8,ja;q=0.7,en-US;q=0.6,en;q=0.5',
  'cookie' => 'Phpstorm-d9cd1fc1=da28a0e8-9b78-4912-8442-4b8d2f3e014a',
)
[ info ] [ PARAM ] array (
)
[ info ] [ RUN ] app\index\controller\Index->index[ C:\Users\wcz\Documents\GitHub\thinkphp-dome\application\index\controller\Index.php ]
[ info ] [ VIEW ] C:\Users\wcz\Documents\GitHub\thinkphp-dome\public/../application/index\view\index\index.html [ array (
) ]
[ info ] [ LOG ] INIT File
---------------------------------------------------------------
[ 2020-04-10T21:15:01+08:00 ] 0.0.0.0 GET localhost/
[运行时间：0.412222s] [吞吐率：2.43req/s] [内存消耗：281.13kb] [文件加载：44]
[ info ] [ LANG ] C:\Users\wcz\Documents\GitHub\thinkphp-dome\thinkphp\lang\zh-cn.php
[ info ] [ ROUTE ] array (
  'type' => 'module',
  'module' => 
  array (
    0 => '',
    1 => NULL,
    2 => NULL,
  ),
)
[ info ] [ HEADER ] array (
  'host' => 'localhost',
  'connection' => 'keep-alive',
  'cache-control' => 'max-age=0',
  'dnt' => '1',
  'upgrade-insecure-requests' => '1',
  'user-agent' => 'Mozilla/5.0 (Windows NT 10.0; Win64; x64) AppleWebKit/537.36 (KHTML, like Gecko) Chrome/81.0.4044.92 Safari/537.36',
  'accept' => 'text/html,application/xhtml+xml,application/xml;q=0.9,image/webp,image/apng,*/*;q=0.8,application/signed-exchange;v=b3;q=0.9',
  'sec-fetch-site' => 'none',
  'sec-fetch-mode' => 'navigate',
  'sec-fetch-user' => '?1',
  'sec-fetch-dest' => 'document',
  'accept-encoding' => 'gzip, deflate, br',
  'accept-language' => 'zh-CN,zh;q=0.9,ja-JP;q=0.8,ja;q=0.7,en-US;q=0.6,en;q=0.5',
  'cookie' => 'Phpstorm-d9cd1fc1=da28a0e8-9b78-4912-8442-4b8d2f3e014a',
)
[ info ] [ PARAM ] array (
)
[ info ] [ RUN ] app\index\controller\Index->index[ C:\Users\wcz\Documents\GitHub\thinkphp-dome\application\index\controller\Index.php ]
[ info ] [ VIEW ] C:\Users\wcz\Documents\GitHub\thinkphp-dome\public/../application/index\view\index\index.html [ array (
) ]
[ info ] [ LOG ] INIT File
---------------------------------------------------------------
[ 2020-04-10T21:15:15+08:00 ] 0.0.0.0 GET localhost/
[运行时间：0.407900s] [吞吐率：2.45req/s] [内存消耗：281.13kb] [文件加载：44]
[ info ] [ LANG ] C:\Users\wcz\Documents\GitHub\thinkphp-dome\thinkphp\lang\zh-cn.php
[ info ] [ ROUTE ] array (
  'type' => 'module',
  'module' => 
  array (
    0 => '',
    1 => NULL,
    2 => NULL,
  ),
)
[ info ] [ HEADER ] array (
  'host' => 'localhost',
  'connection' => 'keep-alive',
  'cache-control' => 'max-age=0',
  'dnt' => '1',
  'upgrade-insecure-requests' => '1',
  'user-agent' => 'Mozilla/5.0 (Windows NT 10.0; Win64; x64) AppleWebKit/537.36 (KHTML, like Gecko) Chrome/81.0.4044.92 Safari/537.36',
  'accept' => 'text/html,application/xhtml+xml,application/xml;q=0.9,image/webp,image/apng,*/*;q=0.8,application/signed-exchange;v=b3;q=0.9',
  'sec-fetch-site' => 'none',
  'sec-fetch-mode' => 'navigate',
  'sec-fetch-user' => '?1',
  'sec-fetch-dest' => 'document',
  'accept-encoding' => 'gzip, deflate, br',
  'accept-language' => 'zh-CN,zh;q=0.9,ja-JP;q=0.8,ja;q=0.7,en-US;q=0.6,en;q=0.5',
  'cookie' => 'Phpstorm-d9cd1fc1=da28a0e8-9b78-4912-8442-4b8d2f3e014a',
)
[ info ] [ PARAM ] array (
)
[ info ] [ RUN ] app\index\controller\Index->index[ C:\Users\wcz\Documents\GitHub\thinkphp-dome\application\index\controller\Index.php ]
[ info ] [ VIEW ] C:\Users\wcz\Documents\GitHub\thinkphp-dome\public/../application/index\view\index\index.html [ array (
) ]
[ info ] [ LOG ] INIT File
---------------------------------------------------------------
[ 2020-04-10T21:16:31+08:00 ] 0.0.0.0 GET localhost/
[运行时间：0.408197s] [吞吐率：2.45req/s] [内存消耗：281.13kb] [文件加载：44]
[ info ] [ LANG ] C:\Users\wcz\Documents\GitHub\thinkphp-dome\thinkphp\lang\zh-cn.php
[ info ] [ ROUTE ] array (
  'type' => 'module',
  'module' => 
  array (
    0 => '',
    1 => NULL,
    2 => NULL,
  ),
)
[ info ] [ HEADER ] array (
  'host' => 'localhost',
  'connection' => 'keep-alive',
  'cache-control' => 'max-age=0',
  'dnt' => '1',
  'upgrade-insecure-requests' => '1',
  'user-agent' => 'Mozilla/5.0 (Windows NT 10.0; Win64; x64) AppleWebKit/537.36 (KHTML, like Gecko) Chrome/81.0.4044.92 Safari/537.36',
  'accept' => 'text/html,application/xhtml+xml,application/xml;q=0.9,image/webp,image/apng,*/*;q=0.8,application/signed-exchange;v=b3;q=0.9',
  'sec-fetch-site' => 'none',
  'sec-fetch-mode' => 'navigate',
  'sec-fetch-user' => '?1',
  'sec-fetch-dest' => 'document',
  'accept-encoding' => 'gzip, deflate, br',
  'accept-language' => 'zh-CN,zh;q=0.9,ja-JP;q=0.8,ja;q=0.7,en-US;q=0.6,en;q=0.5',
  'cookie' => 'Phpstorm-d9cd1fc1=da28a0e8-9b78-4912-8442-4b8d2f3e014a',
)
[ info ] [ PARAM ] array (
)
[ info ] [ RUN ] app\index\controller\Index->index[ C:\Users\wcz\Documents\GitHub\thinkphp-dome\application\index\controller\Index.php ]
[ info ] [ VIEW ] C:\Users\wcz\Documents\GitHub\thinkphp-dome\public/../application/index\view\index\index.html [ array (
) ]
[ info ] [ LOG ] INIT File
---------------------------------------------------------------
[ 2020-04-10T21:17:23+08:00 ] 0.0.0.0 GET localhost/
[运行时间：0.412478s] [吞吐率：2.42req/s] [内存消耗：281.13kb] [文件加载：44]
[ info ] [ LANG ] C:\Users\wcz\Documents\GitHub\thinkphp-dome\thinkphp\lang\zh-cn.php
[ info ] [ ROUTE ] array (
  'type' => 'module',
  'module' => 
  array (
    0 => '',
    1 => NULL,
    2 => NULL,
  ),
)
[ info ] [ HEADER ] array (
  'host' => 'localhost',
  'connection' => 'keep-alive',
  'cache-control' => 'max-age=0',
  'dnt' => '1',
  'upgrade-insecure-requests' => '1',
  'user-agent' => 'Mozilla/5.0 (Windows NT 10.0; Win64; x64) AppleWebKit/537.36 (KHTML, like Gecko) Chrome/81.0.4044.92 Safari/537.36',
  'accept' => 'text/html,application/xhtml+xml,application/xml;q=0.9,image/webp,image/apng,*/*;q=0.8,application/signed-exchange;v=b3;q=0.9',
  'sec-fetch-site' => 'none',
  'sec-fetch-mode' => 'navigate',
  'sec-fetch-user' => '?1',
  'sec-fetch-dest' => 'document',
  'accept-encoding' => 'gzip, deflate, br',
  'accept-language' => 'zh-CN,zh;q=0.9,ja-JP;q=0.8,ja;q=0.7,en-US;q=0.6,en;q=0.5',
  'cookie' => 'Phpstorm-d9cd1fc1=da28a0e8-9b78-4912-8442-4b8d2f3e014a',
)
[ info ] [ PARAM ] array (
)
[ info ] [ RUN ] app\index\controller\Index->index[ C:\Users\wcz\Documents\GitHub\thinkphp-dome\application\index\controller\Index.php ]
[ info ] [ VIEW ] C:\Users\wcz\Documents\GitHub\thinkphp-dome\public/../application/index\view\index\index.html [ array (
) ]
[ info ] [ LOG ] INIT File
---------------------------------------------------------------
[ 2020-04-10T21:34:47+08:00 ] 0.0.0.0 GET localhost/
[运行时间：0.412592s] [吞吐率：2.42req/s] [内存消耗：281.23kb] [文件加载：44]
[ info ] [ LANG ] C:\Users\wcz\Documents\GitHub\thinkphp-dome\thinkphp\lang\zh-cn.php
[ info ] [ ROUTE ] array (
  'type' => 'module',
  'module' => 
  array (
    0 => '',
    1 => NULL,
    2 => NULL,
  ),
)
[ info ] [ HEADER ] array (
  'host' => 'localhost',
  'connection' => 'keep-alive',
  'cache-control' => 'max-age=0',
  'dnt' => '1',
  'upgrade-insecure-requests' => '1',
  'user-agent' => 'Mozilla/5.0 (Windows NT 10.0; Win64; x64) AppleWebKit/537.36 (KHTML, like Gecko) Chrome/81.0.4044.92 Safari/537.36',
  'accept' => 'text/html,application/xhtml+xml,application/xml;q=0.9,image/webp,image/apng,*/*;q=0.8,application/signed-exchange;v=b3;q=0.9',
  'sec-fetch-site' => 'none',
  'sec-fetch-mode' => 'navigate',
  'sec-fetch-user' => '?1',
  'sec-fetch-dest' => 'document',
  'accept-encoding' => 'gzip, deflate, br',
  'accept-language' => 'zh-CN,zh;q=0.9,ja-JP;q=0.8,ja;q=0.7,en-US;q=0.6,en;q=0.5',
  'cookie' => 'Phpstorm-d9cd1fc1=da28a0e8-9b78-4912-8442-4b8d2f3e014a',
)
[ info ] [ PARAM ] array (
)
[ info ] [ RUN ] app\index\controller\Index->index[ C:\Users\wcz\Documents\GitHub\thinkphp-dome\application\index\controller\Index.php ]
[ info ] [ VIEW ] C:\Users\wcz\Documents\GitHub\thinkphp-dome\public/../application/index\view\index\index.html [ array (
) ]
[ info ] [ LOG ] INIT File
---------------------------------------------------------------
[ 2020-04-10T21:34:53+08:00 ] 0.0.0.0 GET localhost/
[运行时间：0.410946s] [吞吐率：2.43req/s] [内存消耗：245.02kb] [文件加载：42]
[ info ] [ LANG ] C:\Users\wcz\Documents\GitHub\thinkphp-dome\thinkphp\lang\zh-cn.php
[ info ] [ ROUTE ] array (
  'type' => 'module',
  'module' => 
  array (
    0 => '',
    1 => NULL,
    2 => NULL,
  ),
)
[ info ] [ HEADER ] array (
  'host' => 'localhost',
  'connection' => 'keep-alive',
  'cache-control' => 'max-age=0',
  'dnt' => '1',
  'upgrade-insecure-requests' => '1',
  'user-agent' => 'Mozilla/5.0 (Windows NT 10.0; Win64; x64) AppleWebKit/537.36 (KHTML, like Gecko) Chrome/81.0.4044.92 Safari/537.36',
  'accept' => 'text/html,application/xhtml+xml,application/xml;q=0.9,image/webp,image/apng,*/*;q=0.8,application/signed-exchange;v=b3;q=0.9',
  'sec-fetch-site' => 'none',
  'sec-fetch-mode' => 'navigate',
  'sec-fetch-user' => '?1',
  'sec-fetch-dest' => 'document',
  'accept-encoding' => 'gzip, deflate, br',
  'accept-language' => 'zh-CN,zh;q=0.9,ja-JP;q=0.8,ja;q=0.7,en-US;q=0.6,en;q=0.5',
  'cookie' => 'Phpstorm-d9cd1fc1=da28a0e8-9b78-4912-8442-4b8d2f3e014a',
)
[ info ] [ PARAM ] array (
)
[ info ] [ RUN ] app\index\controller\Index->index[ C:\Users\wcz\Documents\GitHub\thinkphp-dome\application\index\controller\Index.php ]
[ info ] [ VIEW ] C:\Users\wcz\Documents\GitHub\thinkphp-dome\public/../application/index\view\index\index.html [ array (
) ]
[ info ] [ LOG ] INIT File
---------------------------------------------------------------
[ 2020-04-10T23:20:59+08:00 ] 0.0.0.0 GET localhost/
[运行时间：0.412964s] [吞吐率：2.42req/s] [内存消耗：281.13kb] [文件加载：44]
[ info ] [ LANG ] C:\Users\wcz\Documents\GitHub\thinkphp-dome\thinkphp\lang\zh-cn.php
[ info ] [ ROUTE ] array (
  'type' => 'module',
  'module' => 
  array (
    0 => '',
    1 => NULL,
    2 => NULL,
  ),
)
[ info ] [ HEADER ] array (
  'host' => 'localhost',
  'connection' => 'keep-alive',
  'cache-control' => 'max-age=0',
  'dnt' => '1',
  'upgrade-insecure-requests' => '1',
  'user-agent' => 'Mozilla/5.0 (Windows NT 10.0; Win64; x64) AppleWebKit/537.36 (KHTML, like Gecko) Chrome/81.0.4044.92 Safari/537.36',
  'accept' => 'text/html,application/xhtml+xml,application/xml;q=0.9,image/webp,image/apng,*/*;q=0.8,application/signed-exchange;v=b3;q=0.9',
  'sec-fetch-site' => 'none',
  'sec-fetch-mode' => 'navigate',
  'sec-fetch-user' => '?1',
  'sec-fetch-dest' => 'document',
  'accept-encoding' => 'gzip, deflate, br',
  'accept-language' => 'zh-CN,zh;q=0.9,ja-JP;q=0.8,ja;q=0.7,en-US;q=0.6,en;q=0.5',
  'cookie' => 'Phpstorm-d9cd1fc1=da28a0e8-9b78-4912-8442-4b8d2f3e014a',
)
[ info ] [ PARAM ] array (
)
[ info ] [ RUN ] app\index\controller\Index->index[ C:\Users\wcz\Documents\GitHub\thinkphp-dome\application\index\controller\Index.php ]
[ info ] [ VIEW ] C:\Users\wcz\Documents\GitHub\thinkphp-dome\public/../application/index\view\index\index.html [ array (
) ]
[ info ] [ LOG ] INIT File
---------------------------------------------------------------
[ 2020-04-10T23:22:34+08:00 ] 0.0.0.0 GET localhost/
[运行时间：0.412389s] [吞吐率：2.42req/s] [内存消耗：281.13kb] [文件加载：44]
[ info ] [ LANG ] C:\Users\wcz\Documents\GitHub\thinkphp-dome\thinkphp\lang\zh-cn.php
[ info ] [ ROUTE ] array (
  'type' => 'module',
  'module' => 
  array (
    0 => '',
    1 => NULL,
    2 => NULL,
  ),
)
[ info ] [ HEADER ] array (
  'host' => 'localhost',
  'connection' => 'keep-alive',
  'cache-control' => 'max-age=0',
  'dnt' => '1',
  'upgrade-insecure-requests' => '1',
  'user-agent' => 'Mozilla/5.0 (Windows NT 10.0; Win64; x64) AppleWebKit/537.36 (KHTML, like Gecko) Chrome/81.0.4044.92 Safari/537.36',
  'accept' => 'text/html,application/xhtml+xml,application/xml;q=0.9,image/webp,image/apng,*/*;q=0.8,application/signed-exchange;v=b3;q=0.9',
  'sec-fetch-site' => 'none',
  'sec-fetch-mode' => 'navigate',
  'sec-fetch-user' => '?1',
  'sec-fetch-dest' => 'document',
  'accept-encoding' => 'gzip, deflate, br',
  'accept-language' => 'zh-CN,zh;q=0.9,ja-JP;q=0.8,ja;q=0.7,en-US;q=0.6,en;q=0.5',
  'cookie' => 'Phpstorm-d9cd1fc1=da28a0e8-9b78-4912-8442-4b8d2f3e014a',
)
[ info ] [ PARAM ] array (
)
[ info ] [ RUN ] app\index\controller\Index->index[ C:\Users\wcz\Documents\GitHub\thinkphp-dome\application\index\controller\Index.php ]
[ info ] [ VIEW ] C:\Users\wcz\Documents\GitHub\thinkphp-dome\public/../application/index\view\index\index.html [ array (
) ]
[ info ] [ LOG ] INIT File
---------------------------------------------------------------
[ 2020-04-10T23:22:47+08:00 ] 0.0.0.0 POST localhost/index/index/register.html
[运行时间：0.808926s] [吞吐率：1.24req/s] [内存消耗：217.72kb] [文件加载：38]
[ info ] [ LANG ] C:\Users\wcz\Documents\GitHub\thinkphp-dome\thinkphp\lang\zh-cn.php
[ info ] [ ROUTE ] array (
  'type' => 'module',
  'module' => 
  array (
    0 => 'index',
    1 => 'index',
    2 => 'register',
  ),
)
[ info ] [ HEADER ] array (
  'host' => 'localhost',
  'connection' => 'keep-alive',
  'content-length' => '17',
  'accept' => '*/*',
  'dnt' => '1',
  'x-requested-with' => 'XMLHttpRequest',
  'user-agent' => 'Mozilla/5.0 (Windows NT 10.0; Win64; x64) AppleWebKit/537.36 (KHTML, like Gecko) Chrome/81.0.4044.92 Safari/537.36',
  'content-type' => 'application/x-www-form-urlencoded; charset=UTF-8',
  'origin' => 'http://localhost',
  'sec-fetch-site' => 'same-origin',
  'sec-fetch-mode' => 'cors',
  'sec-fetch-dest' => 'empty',
  'referer' => 'http://localhost/',
  'accept-encoding' => 'gzip, deflate, br',
  'accept-language' => 'zh-CN,zh;q=0.9,ja-JP;q=0.8,ja;q=0.7,en-US;q=0.6,en;q=0.5',
  'cookie' => 'Phpstorm-d9cd1fc1=da28a0e8-9b78-4912-8442-4b8d2f3e014a',
)
[ info ] [ PARAM ] array (
  'value' => '0',
  'code' => '1231',
)
[ info ] [ LOG ] INIT File
---------------------------------------------------------------
[ 2020-04-10T23:37:14+08:00 ] 0.0.0.0 GET localhost/
[运行时间：0.413072s] [吞吐率：2.42req/s] [内存消耗：281.13kb] [文件加载：44]
[ info ] [ LANG ] C:\Users\wcz\Documents\GitHub\thinkphp-dome\thinkphp\lang\zh-cn.php
[ info ] [ ROUTE ] array (
  'type' => 'module',
  'module' => 
  array (
    0 => '',
    1 => NULL,
    2 => NULL,
  ),
)
[ info ] [ HEADER ] array (
  'host' => 'localhost',
  'connection' => 'keep-alive',
  'cache-control' => 'max-age=0',
  'dnt' => '1',
  'upgrade-insecure-requests' => '1',
  'user-agent' => 'Mozilla/5.0 (Windows NT 10.0; Win64; x64) AppleWebKit/537.36 (KHTML, like Gecko) Chrome/81.0.4044.92 Safari/537.36',
  'accept' => 'text/html,application/xhtml+xml,application/xml;q=0.9,image/webp,image/apng,*/*;q=0.8,application/signed-exchange;v=b3;q=0.9',
  'sec-fetch-site' => 'none',
  'sec-fetch-mode' => 'navigate',
  'sec-fetch-user' => '?1',
  'sec-fetch-dest' => 'document',
  'accept-encoding' => 'gzip, deflate, br',
  'accept-language' => 'zh-CN,zh;q=0.9,ja-JP;q=0.8,ja;q=0.7,en-US;q=0.6,en;q=0.5',
  'cookie' => 'Phpstorm-d9cd1fc1=da28a0e8-9b78-4912-8442-4b8d2f3e014a',
)
[ info ] [ PARAM ] array (
)
[ info ] [ RUN ] app\index\controller\Index->index[ C:\Users\wcz\Documents\GitHub\thinkphp-dome\application\index\controller\Index.php ]
[ info ] [ VIEW ] C:\Users\wcz\Documents\GitHub\thinkphp-dome\public/../application/index\view\index\index.html [ array (
) ]
[ info ] [ LOG ] INIT File
---------------------------------------------------------------
[ 2020-04-10T23:39:16+08:00 ] 0.0.0.0 GET localhost/
[运行时间：0.412923s] [吞吐率：2.42req/s] [内存消耗：281.13kb] [文件加载：44]
[ info ] [ LANG ] C:\Users\wcz\Documents\GitHub\thinkphp-dome\thinkphp\lang\zh-cn.php
[ info ] [ ROUTE ] array (
  'type' => 'module',
  'module' => 
  array (
    0 => '',
    1 => NULL,
    2 => NULL,
  ),
)
[ info ] [ HEADER ] array (
  'host' => 'localhost',
  'connection' => 'keep-alive',
  'cache-control' => 'max-age=0',
  'dnt' => '1',
  'upgrade-insecure-requests' => '1',
  'user-agent' => 'Mozilla/5.0 (Windows NT 10.0; Win64; x64) AppleWebKit/537.36 (KHTML, like Gecko) Chrome/81.0.4044.92 Safari/537.36',
  'accept' => 'text/html,application/xhtml+xml,application/xml;q=0.9,image/webp,image/apng,*/*;q=0.8,application/signed-exchange;v=b3;q=0.9',
  'sec-fetch-site' => 'none',
  'sec-fetch-mode' => 'navigate',
  'sec-fetch-user' => '?1',
  'sec-fetch-dest' => 'document',
  'accept-encoding' => 'gzip, deflate, br',
  'accept-language' => 'zh-CN,zh;q=0.9,ja-JP;q=0.8,ja;q=0.7,en-US;q=0.6,en;q=0.5',
  'cookie' => 'Phpstorm-d9cd1fc1=da28a0e8-9b78-4912-8442-4b8d2f3e014a',
)
[ info ] [ PARAM ] array (
)
[ info ] [ RUN ] app\index\controller\Index->index[ C:\Users\wcz\Documents\GitHub\thinkphp-dome\application\index\controller\Index.php ]
[ info ] [ VIEW ] C:\Users\wcz\Documents\GitHub\thinkphp-dome\public/../application/index\view\index\index.html [ array (
) ]
[ info ] [ LOG ] INIT File
---------------------------------------------------------------
[ 2020-04-10T23:40:03+08:00 ] 0.0.0.0 GET localhost/
[运行时间：0.413529s] [吞吐率：2.42req/s] [内存消耗：281.13kb] [文件加载：44]
[ info ] [ LANG ] C:\Users\wcz\Documents\GitHub\thinkphp-dome\thinkphp\lang\zh-cn.php
[ info ] [ ROUTE ] array (
  'type' => 'module',
  'module' => 
  array (
    0 => '',
    1 => NULL,
    2 => NULL,
  ),
)
[ info ] [ HEADER ] array (
  'host' => 'localhost',
  'connection' => 'keep-alive',
  'cache-control' => 'max-age=0',
  'dnt' => '1',
  'upgrade-insecure-requests' => '1',
  'user-agent' => 'Mozilla/5.0 (Windows NT 10.0; Win64; x64) AppleWebKit/537.36 (KHTML, like Gecko) Chrome/81.0.4044.92 Safari/537.36',
  'accept' => 'text/html,application/xhtml+xml,application/xml;q=0.9,image/webp,image/apng,*/*;q=0.8,application/signed-exchange;v=b3;q=0.9',
  'sec-fetch-site' => 'none',
  'sec-fetch-mode' => 'navigate',
  'sec-fetch-user' => '?1',
  'sec-fetch-dest' => 'document',
  'accept-encoding' => 'gzip, deflate, br',
  'accept-language' => 'zh-CN,zh;q=0.9,ja-JP;q=0.8,ja;q=0.7,en-US;q=0.6,en;q=0.5',
  'cookie' => 'Phpstorm-d9cd1fc1=da28a0e8-9b78-4912-8442-4b8d2f3e014a',
)
[ info ] [ PARAM ] array (
)
[ info ] [ RUN ] app\index\controller\Index->index[ C:\Users\wcz\Documents\GitHub\thinkphp-dome\application\index\controller\Index.php ]
[ info ] [ VIEW ] C:\Users\wcz\Documents\GitHub\thinkphp-dome\public/../application/index\view\index\index.html [ array (
) ]
[ info ] [ LOG ] INIT File
---------------------------------------------------------------
[ 2020-04-10T23:40:49+08:00 ] 0.0.0.0 GET localhost/
[运行时间：0.408770s] [吞吐率：2.45req/s] [内存消耗：281.13kb] [文件加载：44]
[ info ] [ LANG ] C:\Users\wcz\Documents\GitHub\thinkphp-dome\thinkphp\lang\zh-cn.php
[ info ] [ ROUTE ] array (
  'type' => 'module',
  'module' => 
  array (
    0 => '',
    1 => NULL,
    2 => NULL,
  ),
)
[ info ] [ HEADER ] array (
  'host' => 'localhost',
  'connection' => 'keep-alive',
  'cache-control' => 'max-age=0',
  'dnt' => '1',
  'upgrade-insecure-requests' => '1',
  'user-agent' => 'Mozilla/5.0 (Windows NT 10.0; Win64; x64) AppleWebKit/537.36 (KHTML, like Gecko) Chrome/81.0.4044.92 Safari/537.36',
  'accept' => 'text/html,application/xhtml+xml,application/xml;q=0.9,image/webp,image/apng,*/*;q=0.8,application/signed-exchange;v=b3;q=0.9',
  'sec-fetch-site' => 'none',
  'sec-fetch-mode' => 'navigate',
  'sec-fetch-user' => '?1',
  'sec-fetch-dest' => 'document',
  'accept-encoding' => 'gzip, deflate, br',
  'accept-language' => 'zh-CN,zh;q=0.9,ja-JP;q=0.8,ja;q=0.7,en-US;q=0.6,en;q=0.5',
  'cookie' => 'Phpstorm-d9cd1fc1=da28a0e8-9b78-4912-8442-4b8d2f3e014a',
)
[ info ] [ PARAM ] array (
)
[ info ] [ RUN ] app\index\controller\Index->index[ C:\Users\wcz\Documents\GitHub\thinkphp-dome\application\index\controller\Index.php ]
[ info ] [ VIEW ] C:\Users\wcz\Documents\GitHub\thinkphp-dome\public/../application/index\view\index\index.html [ array (
) ]
[ info ] [ LOG ] INIT File
