---------------------------------------------------------------
[ 2020-04-24T16:35:47+08:00 ] 0.0.0.0 GET localhost/
[运行时间：0.062823s] [吞吐率：15.92req/s] [内存消耗：378.39kb] [文件加载：56]
[ info ] [ LANG ] C:\Users\wcz\Documents\GitHub\thinkphp-dome\thinkphp\lang\zh-cn.php
[ info ] [ ROUTE ] array (
  'type' => 'module',
  'module' => 
  array (
    0 => '',
    1 => NULL,
    2 => NULL,
  ),
)
[ info ] [ HEADER ] array (
  'host' => 'localhost',
  'connection' => 'keep-alive',
  'dnt' => '1',
  'upgrade-insecure-requests' => '1',
  'user-agent' => 'Mozilla/5.0 (Windows NT 10.0; Win64; x64) AppleWebKit/537.36 (KHTML, like Gecko) Chrome/81.0.4044.92 Safari/537.36',
  'accept' => 'text/html,application/xhtml+xml,application/xml;q=0.9,image/webp,image/apng,*/*;q=0.8,application/signed-exchange;v=b3;q=0.9',
  'sec-fetch-site' => 'none',
  'sec-fetch-mode' => 'navigate',
  'sec-fetch-user' => '?1',
  'sec-fetch-dest' => 'document',
  'accept-encoding' => 'gzip, deflate, br',
  'accept-language' => 'zh-CN,zh;q=0.9,en-US;q=0.8,en;q=0.7',
  'cookie' => 'Phpstorm-d9cd1fc1=da28a0e8-9b78-4912-8442-4b8d2f3e014a; PHPSESSID=19rhabgud72bvv8det5l7mvecm; _csrf=88d0370eabd971619f49e386f87d445db5d99cc95575758811ca213d115f8936a%3A2%3A%7Bi%3A0%3Bs%3A5%3A%22_csrf%22%3Bi%3A1%3Bs%3A32%3A%22pIWPKU7f9dBvo9-7p5kkydOYCxNsvUPQ%22%3B%7D',
)
[ info ] [ PARAM ] array (
)
[ info ] [ RUN ] app\index\controller\Index->index[ C:\Users\wcz\Documents\GitHub\thinkphp-dome\application\index\controller\Index.php ]
[ info ] [ VIEW ] C:\Users\wcz\Documents\GitHub\thinkphp-dome\public/../application/index\view\index\index.html [ array (
) ]
[ info ] [ LOG ] INIT File
---------------------------------------------------------------
[ 2020-04-24T16:35:47+08:00 ] 0.0.0.0 GET localhost/index/index/verify.html
[运行时间：0.013393s] [吞吐率：74.66req/s] [内存消耗：253.84kb] [文件加载：53]
[ info ] [ LANG ] C:\Users\wcz\Documents\GitHub\thinkphp-dome\thinkphp\lang\zh-cn.php
[ info ] [ ROUTE ] array (
  'type' => 'module',
  'module' => 
  array (
    0 => 'index',
    1 => 'index',
    2 => 'verify',
  ),
)
[ info ] [ HEADER ] array (
  'host' => 'localhost',
  'connection' => 'keep-alive',
  'user-agent' => 'Mozilla/5.0 (Windows NT 10.0; Win64; x64) AppleWebKit/537.36 (KHTML, like Gecko) Chrome/81.0.4044.92 Safari/537.36',
  'dnt' => '1',
  'accept' => 'image/webp,image/apng,image/*,*/*;q=0.8',
  'sec-fetch-site' => 'same-origin',
  'sec-fetch-mode' => 'no-cors',
  'sec-fetch-dest' => 'image',
  'referer' => 'http://localhost/',
  'accept-encoding' => 'gzip, deflate, br',
  'accept-language' => 'zh-CN,zh;q=0.9,en-US;q=0.8,en;q=0.7',
  'cookie' => 'Phpstorm-d9cd1fc1=da28a0e8-9b78-4912-8442-4b8d2f3e014a; PHPSESSID=19rhabgud72bvv8det5l7mvecm; _csrf=88d0370eabd971619f49e386f87d445db5d99cc95575758811ca213d115f8936a%3A2%3A%7Bi%3A0%3Bs%3A5%3A%22_csrf%22%3Bi%3A1%3Bs%3A32%3A%22pIWPKU7f9dBvo9-7p5kkydOYCxNsvUPQ%22%3B%7D',
)
[ info ] [ PARAM ] array (
)
[ info ] [ RUN ] app\index\controller\Index->verify[ C:\Users\wcz\Documents\GitHub\thinkphp-dome\application\index\controller\Index.php ]
[ info ] [ SESSION ] INIT array (
  'id' => '',
  'var_session_id' => '',
  'prefix' => 'think',
  'type' => '',
  'auto_start' => true,
)
[ info ] [ LOG ] INIT File
---------------------------------------------------------------
[ 2020-04-24T16:36:01+08:00 ] 0.0.0.0 GET localhost/index/index/test
[运行时间：0.009833s] [吞吐率：101.70req/s] [内存消耗：257.15kb] [文件加载：57]
[ info ] [ LANG ] C:\Users\wcz\Documents\GitHub\thinkphp-dome\thinkphp\lang\zh-cn.php
[ info ] [ ROUTE ] array (
  'type' => 'module',
  'module' => 
  array (
    0 => 'index',
    1 => 'index',
    2 => 'test',
  ),
)
[ info ] [ HEADER ] array (
  'host' => 'localhost',
  'connection' => 'keep-alive',
  'dnt' => '1',
  'upgrade-insecure-requests' => '1',
  'user-agent' => 'Mozilla/5.0 (Windows NT 10.0; Win64; x64) AppleWebKit/537.36 (KHTML, like Gecko) Chrome/81.0.4044.92 Safari/537.36',
  'accept' => 'text/html,application/xhtml+xml,application/xml;q=0.9,image/webp,image/apng,*/*;q=0.8,application/signed-exchange;v=b3;q=0.9',
  'purpose' => 'prefetch',
  'sec-fetch-site' => 'none',
  'sec-fetch-mode' => 'navigate',
  'sec-fetch-user' => '?1',
  'sec-fetch-dest' => 'document',
  'accept-encoding' => 'gzip, deflate, br',
  'accept-language' => 'zh-CN,zh;q=0.9,en-US;q=0.8,en;q=0.7',
  'cookie' => 'Phpstorm-d9cd1fc1=da28a0e8-9b78-4912-8442-4b8d2f3e014a; PHPSESSID=19rhabgud72bvv8det5l7mvecm; _csrf=88d0370eabd971619f49e386f87d445db5d99cc95575758811ca213d115f8936a%3A2%3A%7Bi%3A0%3Bs%3A5%3A%22_csrf%22%3Bi%3A1%3Bs%3A32%3A%22pIWPKU7f9dBvo9-7p5kkydOYCxNsvUPQ%22%3B%7D',
)
[ info ] [ PARAM ] array (
)
[ info ] [ RUN ] app\index\controller\Index->test[ C:\Users\wcz\Documents\GitHub\thinkphp-dome\application\index\controller\Index.php ]
[ info ] [ DB ] INIT mysql
[ info ] [ LOG ] INIT File
---------------------------------------------------------------
[ 2020-04-24T16:48:55+08:00 ] 0.0.0.0 GET localhost/index/index/test
[运行时间：0.037120s] [吞吐率：26.94req/s] [内存消耗：384.59kb] [文件加载：61]
[ info ] [ LANG ] C:\Users\wcz\Documents\GitHub\thinkphp-dome\thinkphp\lang\zh-cn.php
[ info ] [ ROUTE ] array (
  'type' => 'module',
  'module' => 
  array (
    0 => 'index',
    1 => 'index',
    2 => 'test',
  ),
)
[ info ] [ HEADER ] array (
  'host' => 'localhost',
  'connection' => 'keep-alive',
  'cache-control' => 'max-age=0',
  'dnt' => '1',
  'upgrade-insecure-requests' => '1',
  'user-agent' => 'Mozilla/5.0 (Windows NT 10.0; Win64; x64) AppleWebKit/537.36 (KHTML, like Gecko) Chrome/81.0.4044.92 Safari/537.36',
  'accept' => 'text/html,application/xhtml+xml,application/xml;q=0.9,image/webp,image/apng,*/*;q=0.8,application/signed-exchange;v=b3;q=0.9',
  'sec-fetch-site' => 'none',
  'sec-fetch-mode' => 'navigate',
  'sec-fetch-user' => '?1',
  'sec-fetch-dest' => 'document',
  'accept-encoding' => 'gzip, deflate, br',
  'accept-language' => 'zh-CN,zh;q=0.9,en-US;q=0.8,en;q=0.7',
  'cookie' => 'Phpstorm-d9cd1fc1=da28a0e8-9b78-4912-8442-4b8d2f3e014a; PHPSESSID=19rhabgud72bvv8det5l7mvecm; _csrf=88d0370eabd971619f49e386f87d445db5d99cc95575758811ca213d115f8936a%3A2%3A%7Bi%3A0%3Bs%3A5%3A%22_csrf%22%3Bi%3A1%3Bs%3A32%3A%22pIWPKU7f9dBvo9-7p5kkydOYCxNsvUPQ%22%3B%7D',
)
[ info ] [ PARAM ] array (
)
[ info ] [ RUN ] app\index\controller\Index->test[ C:\Users\wcz\Documents\GitHub\thinkphp-dome\application\index\controller\Index.php ]
[ info ] [ DB ] INIT mysql
[ info ] [ LOG ] INIT File
[ error ] [1045]SQLSTATE[HY000] [1045] Access denied for user 'root'@'localhost' (using password: YES)[C:\Users\wcz\Documents\GitHub\thinkphp-dome\thinkphp\library\think\db\Connection.php:295]
---------------------------------------------------------------
[ 2020-04-24T16:52:03+08:00 ] 0.0.0.0 GET localhost/index/index/test
[运行时间：0.031194s] [吞吐率：32.06req/s] [内存消耗：393.05kb] [文件加载：65]
[ info ] [ LANG ] C:\Users\wcz\Documents\GitHub\thinkphp-dome\thinkphp\lang\zh-cn.php
[ info ] [ ROUTE ] array (
  'type' => 'module',
  'module' => 
  array (
    0 => 'index',
    1 => 'index',
    2 => 'test',
  ),
)
[ info ] [ HEADER ] array (
  'host' => 'localhost',
  'connection' => 'keep-alive',
  'cache-control' => 'max-age=0',
  'dnt' => '1',
  'upgrade-insecure-requests' => '1',
  'user-agent' => 'Mozilla/5.0 (Windows NT 10.0; Win64; x64) AppleWebKit/537.36 (KHTML, like Gecko) Chrome/81.0.4044.92 Safari/537.36',
  'accept' => 'text/html,application/xhtml+xml,application/xml;q=0.9,image/webp,image/apng,*/*;q=0.8,application/signed-exchange;v=b3;q=0.9',
  'sec-fetch-site' => 'none',
  'sec-fetch-mode' => 'navigate',
  'sec-fetch-user' => '?1',
  'sec-fetch-dest' => 'document',
  'accept-encoding' => 'gzip, deflate, br',
  'accept-language' => 'zh-CN,zh;q=0.9,en-US;q=0.8,en;q=0.7',
  'cookie' => 'Phpstorm-d9cd1fc1=da28a0e8-9b78-4912-8442-4b8d2f3e014a; PHPSESSID=19rhabgud72bvv8det5l7mvecm; _csrf=88d0370eabd971619f49e386f87d445db5d99cc95575758811ca213d115f8936a%3A2%3A%7Bi%3A0%3Bs%3A5%3A%22_csrf%22%3Bi%3A1%3Bs%3A32%3A%22pIWPKU7f9dBvo9-7p5kkydOYCxNsvUPQ%22%3B%7D',
)
[ info ] [ PARAM ] array (
)
[ info ] [ RUN ] app\index\controller\Index->test[ C:\Users\wcz\Documents\GitHub\thinkphp-dome\application\index\controller\Index.php ]
[ info ] [ DB ] INIT mysql
[ info ] [ LOG ] INIT File
[ sql ] [ DB ] CONNECT:[ UseTime:0.010639s ] mysql:host=127.0.0.1;port=3306;dbname=grizzlycore;charset=utf8
[ sql ] [ SQL ] SHOW COLUMNS FROM `grizzly_web` [ RunTime:0.004468s ]
[ error ] [10501]SQLSTATE[HY000]: General error: 1364 Field 'create_time' doesn't have a default value[C:\Users\wcz\Documents\GitHub\thinkphp-dome\thinkphp\library\think\db\Connection.php:453]
---------------------------------------------------------------
[ 2020-04-24T16:53:36+08:00 ] 0.0.0.0 GET localhost/index/index/test
[运行时间：0.032102s] [吞吐率：31.15req/s] [内存消耗：391.70kb] [文件加载：65]
[ info ] [ LANG ] C:\Users\wcz\Documents\GitHub\thinkphp-dome\thinkphp\lang\zh-cn.php
[ info ] [ ROUTE ] array (
  'type' => 'module',
  'module' => 
  array (
    0 => 'index',
    1 => 'index',
    2 => 'test',
  ),
)
[ info ] [ HEADER ] array (
  'host' => 'localhost',
  'connection' => 'keep-alive',
  'cache-control' => 'max-age=0',
  'dnt' => '1',
  'upgrade-insecure-requests' => '1',
  'user-agent' => 'Mozilla/5.0 (Windows NT 10.0; Win64; x64) AppleWebKit/537.36 (KHTML, like Gecko) Chrome/81.0.4044.92 Safari/537.36',
  'accept' => 'text/html,application/xhtml+xml,application/xml;q=0.9,image/webp,image/apng,*/*;q=0.8,application/signed-exchange;v=b3;q=0.9',
  'sec-fetch-site' => 'none',
  'sec-fetch-mode' => 'navigate',
  'sec-fetch-user' => '?1',
  'sec-fetch-dest' => 'document',
  'accept-encoding' => 'gzip, deflate, br',
  'accept-language' => 'zh-CN,zh;q=0.9,en-US;q=0.8,en;q=0.7',
  'cookie' => 'Phpstorm-d9cd1fc1=da28a0e8-9b78-4912-8442-4b8d2f3e014a; PHPSESSID=19rhabgud72bvv8det5l7mvecm; _csrf=88d0370eabd971619f49e386f87d445db5d99cc95575758811ca213d115f8936a%3A2%3A%7Bi%3A0%3Bs%3A5%3A%22_csrf%22%3Bi%3A1%3Bs%3A32%3A%22pIWPKU7f9dBvo9-7p5kkydOYCxNsvUPQ%22%3B%7D',
)
[ info ] [ PARAM ] array (
)
[ info ] [ RUN ] app\index\controller\Index->test[ C:\Users\wcz\Documents\GitHub\thinkphp-dome\application\index\controller\Index.php ]
[ info ] [ DB ] INIT mysql
[ info ] [ LOG ] INIT File
[ sql ] [ DB ] CONNECT:[ UseTime:0.000603s ] mysql:host=127.0.0.1;port=3306;dbname=grizzlycore;charset=utf8
[ sql ] [ SQL ] SHOW COLUMNS FROM `grizzly_web` [ RunTime:0.015387s ]
[ error ] [10501]SQLSTATE[HY000]: General error: 1364 Field 'create_time' doesn't have a default value[C:\Users\wcz\Documents\GitHub\thinkphp-dome\thinkphp\library\think\db\Connection.php:453]
---------------------------------------------------------------
[ 2020-04-24T16:53:38+08:00 ] 0.0.0.0 GET localhost/index/index/test
[运行时间：0.015366s] [吞吐率：65.08req/s] [内存消耗：391.70kb] [文件加载：65]
[ info ] [ LANG ] C:\Users\wcz\Documents\GitHub\thinkphp-dome\thinkphp\lang\zh-cn.php
[ info ] [ ROUTE ] array (
  'type' => 'module',
  'module' => 
  array (
    0 => 'index',
    1 => 'index',
    2 => 'test',
  ),
)
[ info ] [ HEADER ] array (
  'host' => 'localhost',
  'connection' => 'keep-alive',
  'cache-control' => 'max-age=0',
  'dnt' => '1',
  'upgrade-insecure-requests' => '1',
  'user-agent' => 'Mozilla/5.0 (Windows NT 10.0; Win64; x64) AppleWebKit/537.36 (KHTML, like Gecko) Chrome/81.0.4044.92 Safari/537.36',
  'accept' => 'text/html,application/xhtml+xml,application/xml;q=0.9,image/webp,image/apng,*/*;q=0.8,application/signed-exchange;v=b3;q=0.9',
  'sec-fetch-site' => 'none',
  'sec-fetch-mode' => 'navigate',
  'sec-fetch-user' => '?1',
  'sec-fetch-dest' => 'document',
  'accept-encoding' => 'gzip, deflate, br',
  'accept-language' => 'zh-CN,zh;q=0.9,en-US;q=0.8,en;q=0.7',
  'cookie' => 'Phpstorm-d9cd1fc1=da28a0e8-9b78-4912-8442-4b8d2f3e014a; PHPSESSID=19rhabgud72bvv8det5l7mvecm; _csrf=88d0370eabd971619f49e386f87d445db5d99cc95575758811ca213d115f8936a%3A2%3A%7Bi%3A0%3Bs%3A5%3A%22_csrf%22%3Bi%3A1%3Bs%3A32%3A%22pIWPKU7f9dBvo9-7p5kkydOYCxNsvUPQ%22%3B%7D',
)
[ info ] [ PARAM ] array (
)
[ info ] [ RUN ] app\index\controller\Index->test[ C:\Users\wcz\Documents\GitHub\thinkphp-dome\application\index\controller\Index.php ]
[ info ] [ DB ] INIT mysql
[ info ] [ LOG ] INIT File
[ sql ] [ DB ] CONNECT:[ UseTime:0.000987s ] mysql:host=127.0.0.1;port=3306;dbname=grizzlycore;charset=utf8
[ sql ] [ SQL ] SHOW COLUMNS FROM `grizzly_web` [ RunTime:0.006070s ]
[ error ] [10501]SQLSTATE[HY000]: General error: 1364 Field 'create_time' doesn't have a default value[C:\Users\wcz\Documents\GitHub\thinkphp-dome\thinkphp\library\think\db\Connection.php:453]
---------------------------------------------------------------
[ 2020-04-24T16:54:24+08:00 ] 0.0.0.0 GET localhost/index/index/test
[运行时间：0.025482s] [吞吐率：39.24req/s] [内存消耗：391.71kb] [文件加载：65]
[ info ] [ LANG ] C:\Users\wcz\Documents\GitHub\thinkphp-dome\thinkphp\lang\zh-cn.php
[ info ] [ ROUTE ] array (
  'type' => 'module',
  'module' => 
  array (
    0 => 'index',
    1 => 'index',
    2 => 'test',
  ),
)
[ info ] [ HEADER ] array (
  'host' => 'localhost',
  'connection' => 'keep-alive',
  'cache-control' => 'max-age=0',
  'dnt' => '1',
  'upgrade-insecure-requests' => '1',
  'user-agent' => 'Mozilla/5.0 (Windows NT 10.0; Win64; x64) AppleWebKit/537.36 (KHTML, like Gecko) Chrome/81.0.4044.92 Safari/537.36',
  'accept' => 'text/html,application/xhtml+xml,application/xml;q=0.9,image/webp,image/apng,*/*;q=0.8,application/signed-exchange;v=b3;q=0.9',
  'sec-fetch-site' => 'none',
  'sec-fetch-mode' => 'navigate',
  'sec-fetch-user' => '?1',
  'sec-fetch-dest' => 'document',
  'accept-encoding' => 'gzip, deflate, br',
  'accept-language' => 'zh-CN,zh;q=0.9,en-US;q=0.8,en;q=0.7',
  'cookie' => 'Phpstorm-d9cd1fc1=da28a0e8-9b78-4912-8442-4b8d2f3e014a; PHPSESSID=19rhabgud72bvv8det5l7mvecm; _csrf=88d0370eabd971619f49e386f87d445db5d99cc95575758811ca213d115f8936a%3A2%3A%7Bi%3A0%3Bs%3A5%3A%22_csrf%22%3Bi%3A1%3Bs%3A32%3A%22pIWPKU7f9dBvo9-7p5kkydOYCxNsvUPQ%22%3B%7D',
)
[ info ] [ PARAM ] array (
)
[ info ] [ RUN ] app\index\controller\Index->test[ C:\Users\wcz\Documents\GitHub\thinkphp-dome\application\index\controller\Index.php ]
[ info ] [ DB ] INIT mysql
[ info ] [ LOG ] INIT File
[ sql ] [ DB ] CONNECT:[ UseTime:0.000479s ] mysql:host=127.0.0.1;port=3306;dbname=grizzlycore;charset=utf8
[ sql ] [ SQL ] SHOW COLUMNS FROM `grizzly_web` [ RunTime:0.014651s ]
[ error ] [10501]SQLSTATE[HY000]: General error: 1364 Field 'delete_time' doesn't have a default value[C:\Users\wcz\Documents\GitHub\thinkphp-dome\thinkphp\library\think\db\Connection.php:453]
---------------------------------------------------------------
[ 2020-04-24T16:55:04+08:00 ] 0.0.0.0 GET localhost/index/index/test
[运行时间：0.041605s] [吞吐率：24.04req/s] [内存消耗：396.95kb] [文件加载：60]
[ info ] [ LANG ] C:\Users\wcz\Documents\GitHub\thinkphp-dome\thinkphp\lang\zh-cn.php
[ info ] [ ROUTE ] array (
  'type' => 'module',
  'module' => 
  array (
    0 => 'index',
    1 => 'index',
    2 => 'test',
  ),
)
[ info ] [ HEADER ] array (
  'host' => 'localhost',
  'connection' => 'keep-alive',
  'cache-control' => 'max-age=0',
  'dnt' => '1',
  'upgrade-insecure-requests' => '1',
  'user-agent' => 'Mozilla/5.0 (Windows NT 10.0; Win64; x64) AppleWebKit/537.36 (KHTML, like Gecko) Chrome/81.0.4044.92 Safari/537.36',
  'accept' => 'text/html,application/xhtml+xml,application/xml;q=0.9,image/webp,image/apng,*/*;q=0.8,application/signed-exchange;v=b3;q=0.9',
  'sec-fetch-site' => 'none',
  'sec-fetch-mode' => 'navigate',
  'sec-fetch-user' => '?1',
  'sec-fetch-dest' => 'document',
  'accept-encoding' => 'gzip, deflate, br',
  'accept-language' => 'zh-CN,zh;q=0.9,en-US;q=0.8,en;q=0.7',
  'cookie' => 'Phpstorm-d9cd1fc1=da28a0e8-9b78-4912-8442-4b8d2f3e014a; PHPSESSID=19rhabgud72bvv8det5l7mvecm; _csrf=88d0370eabd971619f49e386f87d445db5d99cc95575758811ca213d115f8936a%3A2%3A%7Bi%3A0%3Bs%3A5%3A%22_csrf%22%3Bi%3A1%3Bs%3A32%3A%22pIWPKU7f9dBvo9-7p5kkydOYCxNsvUPQ%22%3B%7D',
)
[ info ] [ PARAM ] array (
)
[ info ] [ RUN ] app\index\controller\Index->test[ C:\Users\wcz\Documents\GitHub\thinkphp-dome\application\index\controller\Index.php ]
[ info ] [ DB ] INIT mysql
[ info ] [ LOG ] INIT File
[ sql ] [ DB ] CONNECT:[ UseTime:0.010740s ] mysql:host=127.0.0.1;port=3306;dbname=grizzlycore;charset=utf8
[ sql ] [ SQL ] SHOW COLUMNS FROM `grizzly_web` [ RunTime:0.015716s ]
[ sql ] [ SQL ] INSERT INTO `grizzly_web` (`username` , `password` , `phone`) VALUES ( '007','123456789','18889288054' ) , ( 'wcz','123qwe!@#','18889288888' ) , ( 'cqq','qwe123qwe123','18889288012' ) [ RunTime:0.000710s ]
---------------------------------------------------------------
[ 2020-04-24T19:55:41+08:00 ] 0.0.0.0 GET localhost/index/index/test
[运行时间：0.020962s] [吞吐率：47.71req/s] [内存消耗：420.65kb] [文件加载：63]
[ info ] [ LANG ] C:\Users\wcz\Documents\GitHub\thinkphp-dome\thinkphp\lang\zh-cn.php
[ info ] [ ROUTE ] array (
  'type' => 'module',
  'module' => 
  array (
    0 => 'index',
    1 => 'index',
    2 => 'test',
  ),
)
[ info ] [ HEADER ] array (
  'host' => 'localhost',
  'connection' => 'keep-alive',
  'cache-control' => 'max-age=0',
  'dnt' => '1',
  'upgrade-insecure-requests' => '1',
  'user-agent' => 'Mozilla/5.0 (Windows NT 10.0; Win64; x64) AppleWebKit/537.36 (KHTML, like Gecko) Chrome/81.0.4044.92 Safari/537.36',
  'accept' => 'text/html,application/xhtml+xml,application/xml;q=0.9,image/webp,image/apng,*/*;q=0.8,application/signed-exchange;v=b3;q=0.9',
  'sec-fetch-site' => 'none',
  'sec-fetch-mode' => 'navigate',
  'sec-fetch-user' => '?1',
  'sec-fetch-dest' => 'document',
  'accept-encoding' => 'gzip, deflate, br',
  'accept-language' => 'zh-CN,zh;q=0.9,en-US;q=0.8,en;q=0.7',
  'cookie' => 'Phpstorm-d9cd1fc1=da28a0e8-9b78-4912-8442-4b8d2f3e014a; PHPSESSID=19rhabgud72bvv8det5l7mvecm; _csrf=88d0370eabd971619f49e386f87d445db5d99cc95575758811ca213d115f8936a%3A2%3A%7Bi%3A0%3Bs%3A5%3A%22_csrf%22%3Bi%3A1%3Bs%3A32%3A%22pIWPKU7f9dBvo9-7p5kkydOYCxNsvUPQ%22%3B%7D',
)
[ info ] [ PARAM ] array (
)
[ info ] [ RUN ] app\index\controller\Index->test[ C:\Users\wcz\Documents\GitHub\thinkphp-dome\application\index\controller\Index.php ]
[ info ] [ DB ] INIT mysql
[ info ] [ LOG ] INIT File
[ sql ] [ DB ] CONNECT:[ UseTime:0.000733s ] mysql:host=127.0.0.1;port=3306;dbname=grizzlycore;charset=utf8
[ sql ] [ SQL ] SHOW COLUMNS FROM `grizzly_web` [ RunTime:0.004863s ]
[ error ] [0]数据表字段不存在:[name][C:\Users\wcz\Documents\GitHub\thinkphp-dome\thinkphp\library\think\db\Builder.php:115]
---------------------------------------------------------------
[ 2020-04-24T19:55:57+08:00 ] 0.0.0.0 GET localhost/index/index/test
[运行时间：0.031807s] [吞吐率：31.44req/s] [内存消耗：405.92kb] [文件加载：63]
[ info ] [ LANG ] C:\Users\wcz\Documents\GitHub\thinkphp-dome\thinkphp\lang\zh-cn.php
[ info ] [ ROUTE ] array (
  'type' => 'module',
  'module' => 
  array (
    0 => 'index',
    1 => 'index',
    2 => 'test',
  ),
)
[ info ] [ HEADER ] array (
  'host' => 'localhost',
  'connection' => 'keep-alive',
  'cache-control' => 'max-age=0',
  'dnt' => '1',
  'upgrade-insecure-requests' => '1',
  'user-agent' => 'Mozilla/5.0 (Windows NT 10.0; Win64; x64) AppleWebKit/537.36 (KHTML, like Gecko) Chrome/81.0.4044.92 Safari/537.36',
  'accept' => 'text/html,application/xhtml+xml,application/xml;q=0.9,image/webp,image/apng,*/*;q=0.8,application/signed-exchange;v=b3;q=0.9',
  'sec-fetch-site' => 'none',
  'sec-fetch-mode' => 'navigate',
  'sec-fetch-user' => '?1',
  'sec-fetch-dest' => 'document',
  'accept-encoding' => 'gzip, deflate, br',
  'accept-language' => 'zh-CN,zh;q=0.9,en-US;q=0.8,en;q=0.7',
  'cookie' => 'Phpstorm-d9cd1fc1=da28a0e8-9b78-4912-8442-4b8d2f3e014a; PHPSESSID=19rhabgud72bvv8det5l7mvecm; _csrf=88d0370eabd971619f49e386f87d445db5d99cc95575758811ca213d115f8936a%3A2%3A%7Bi%3A0%3Bs%3A5%3A%22_csrf%22%3Bi%3A1%3Bs%3A32%3A%22pIWPKU7f9dBvo9-7p5kkydOYCxNsvUPQ%22%3B%7D',
)
[ info ] [ PARAM ] array (
)
[ info ] [ RUN ] app\index\controller\Index->test[ C:\Users\wcz\Documents\GitHub\thinkphp-dome\application\index\controller\Index.php ]
[ info ] [ DB ] INIT mysql
[ info ] [ CACHE ] INIT File
[ info ] [ LOG ] INIT File
[ sql ] [ DB ] CONNECT:[ UseTime:0.010000s ] mysql:host=127.0.0.1;port=3306;dbname=grizzlycore;charset=utf8
[ sql ] [ SQL ] SHOW COLUMNS FROM `grizzly_web` [ RunTime:0.004286s ]
[ sql ] [ SQL ] UPDATE `grizzly_web`  SET `username`='thinkphp'  WHERE  `id` = 1 [ RunTime:0.000593s ]
---------------------------------------------------------------
[ 2020-04-24T20:00:30+08:00 ] 0.0.0.0 GET localhost/index/index/test
[运行时间：0.031214s] [吞吐率：32.04req/s] [内存消耗：433.84kb] [文件加载：60]
[ info ] [ LANG ] C:\Users\wcz\Documents\GitHub\thinkphp-dome\thinkphp\lang\zh-cn.php
[ info ] [ ROUTE ] array (
  'type' => 'module',
  'module' => 
  array (
    0 => 'index',
    1 => 'index',
    2 => 'test',
  ),
)
[ info ] [ HEADER ] array (
  'host' => 'localhost',
  'connection' => 'keep-alive',
  'cache-control' => 'max-age=0',
  'dnt' => '1',
  'upgrade-insecure-requests' => '1',
  'user-agent' => 'Mozilla/5.0 (Windows NT 10.0; Win64; x64) AppleWebKit/537.36 (KHTML, like Gecko) Chrome/81.0.4044.92 Safari/537.36',
  'accept' => 'text/html,application/xhtml+xml,application/xml;q=0.9,image/webp,image/apng,*/*;q=0.8,application/signed-exchange;v=b3;q=0.9',
  'sec-fetch-site' => 'none',
  'sec-fetch-mode' => 'navigate',
  'sec-fetch-user' => '?1',
  'sec-fetch-dest' => 'document',
  'accept-encoding' => 'gzip, deflate, br',
  'accept-language' => 'zh-CN,zh;q=0.9,en-US;q=0.8,en;q=0.7',
  'cookie' => 'Phpstorm-d9cd1fc1=da28a0e8-9b78-4912-8442-4b8d2f3e014a; PHPSESSID=19rhabgud72bvv8det5l7mvecm; _csrf=88d0370eabd971619f49e386f87d445db5d99cc95575758811ca213d115f8936a%3A2%3A%7Bi%3A0%3Bs%3A5%3A%22_csrf%22%3Bi%3A1%3Bs%3A32%3A%22pIWPKU7f9dBvo9-7p5kkydOYCxNsvUPQ%22%3B%7D',
)
[ info ] [ PARAM ] array (
)
[ info ] [ RUN ] app\index\controller\Index->test[ C:\Users\wcz\Documents\GitHub\thinkphp-dome\application\index\controller\Index.php ]
[ info ] [ DB ] INIT mysql
[ info ] [ LOG ] INIT File
[ sql ] [ DB ] CONNECT:[ UseTime:0.000627s ] mysql:host=127.0.0.1;port=3306;dbname=grizzlycore;charset=utf8
[ sql ] [ SQL ] SHOW COLUMNS FROM `grizzly_web` [ RunTime:0.015598s ]
[ sql ] [ SQL ] SELECT * FROM `grizzly_web` WHERE  `id` = 1 LIMIT 1 [ RunTime:0.000359s ]
---------------------------------------------------------------
[ 2020-04-24T20:05:42+08:00 ] 0.0.0.0 GET localhost/index/index/test
[运行时间：0.022822s] [吞吐率：43.82req/s] [内存消耗：404.86kb] [文件加载：63]
[ info ] [ LANG ] C:\Users\wcz\Documents\GitHub\thinkphp-dome\thinkphp\lang\zh-cn.php
[ info ] [ ROUTE ] array (
  'type' => 'module',
  'module' => 
  array (
    0 => 'index',
    1 => 'index',
    2 => 'test',
  ),
)
[ info ] [ HEADER ] array (
  'host' => 'localhost',
  'connection' => 'keep-alive',
  'cache-control' => 'max-age=0',
  'dnt' => '1',
  'upgrade-insecure-requests' => '1',
  'user-agent' => 'Mozilla/5.0 (Windows NT 10.0; Win64; x64) AppleWebKit/537.36 (KHTML, like Gecko) Chrome/81.0.4044.92 Safari/537.36',
  'accept' => 'text/html,application/xhtml+xml,application/xml;q=0.9,image/webp,image/apng,*/*;q=0.8,application/signed-exchange;v=b3;q=0.9',
  'sec-fetch-site' => 'none',
  'sec-fetch-mode' => 'navigate',
  'sec-fetch-user' => '?1',
  'sec-fetch-dest' => 'document',
  'accept-encoding' => 'gzip, deflate, br',
  'accept-language' => 'zh-CN,zh;q=0.9,en-US;q=0.8,en;q=0.7',
  'cookie' => 'Phpstorm-d9cd1fc1=da28a0e8-9b78-4912-8442-4b8d2f3e014a; PHPSESSID=19rhabgud72bvv8det5l7mvecm; _csrf=88d0370eabd971619f49e386f87d445db5d99cc95575758811ca213d115f8936a%3A2%3A%7Bi%3A0%3Bs%3A5%3A%22_csrf%22%3Bi%3A1%3Bs%3A32%3A%22pIWPKU7f9dBvo9-7p5kkydOYCxNsvUPQ%22%3B%7D',
)
[ info ] [ PARAM ] array (
)
[ info ] [ RUN ] app\index\controller\Index->test[ C:\Users\wcz\Documents\GitHub\thinkphp-dome\application\index\controller\Index.php ]
[ info ] [ DB ] INIT mysql
[ info ] [ CACHE ] INIT File
[ info ] [ LOG ] INIT File
[ sql ] [ DB ] CONNECT:[ UseTime:0.000663s ] mysql:host=127.0.0.1;port=3306;dbname=grizzlycore;charset=utf8
[ sql ] [ SQL ] SHOW COLUMNS FROM `grizzly_web` [ RunTime:0.006371s ]
[ sql ] [ SQL ] DELETE FROM `grizzly_web`    WHERE  `id` = 1 [ RunTime:0.000481s ]
---------------------------------------------------------------
[ 2020-04-24T20:13:33+08:00 ] 0.0.0.0 GET localhost/index/index/test
[运行时间：0.027777s] [吞吐率：36.00req/s] [内存消耗：398.06kb] [文件加载：60]
[ info ] [ LANG ] C:\Users\wcz\Documents\GitHub\thinkphp-dome\thinkphp\lang\zh-cn.php
[ info ] [ ROUTE ] array (
  'type' => 'module',
  'module' => 
  array (
    0 => 'index',
    1 => 'index',
    2 => 'test',
  ),
)
[ info ] [ HEADER ] array (
  'host' => 'localhost',
  'connection' => 'keep-alive',
  'cache-control' => 'max-age=0',
  'dnt' => '1',
  'upgrade-insecure-requests' => '1',
  'user-agent' => 'Mozilla/5.0 (Windows NT 10.0; Win64; x64) AppleWebKit/537.36 (KHTML, like Gecko) Chrome/81.0.4044.92 Safari/537.36',
  'accept' => 'text/html,application/xhtml+xml,application/xml;q=0.9,image/webp,image/apng,*/*;q=0.8,application/signed-exchange;v=b3;q=0.9',
  'sec-fetch-site' => 'none',
  'sec-fetch-mode' => 'navigate',
  'sec-fetch-user' => '?1',
  'sec-fetch-dest' => 'document',
  'accept-encoding' => 'gzip, deflate, br',
  'accept-language' => 'zh-CN,zh;q=0.9,en-US;q=0.8,en;q=0.7',
  'cookie' => 'Phpstorm-d9cd1fc1=da28a0e8-9b78-4912-8442-4b8d2f3e014a; PHPSESSID=19rhabgud72bvv8det5l7mvecm; _csrf=88d0370eabd971619f49e386f87d445db5d99cc95575758811ca213d115f8936a%3A2%3A%7Bi%3A0%3Bs%3A5%3A%22_csrf%22%3Bi%3A1%3Bs%3A32%3A%22pIWPKU7f9dBvo9-7p5kkydOYCxNsvUPQ%22%3B%7D',
)
[ info ] [ PARAM ] array (
)
[ info ] [ RUN ] app\index\controller\Index->test[ C:\Users\wcz\Documents\GitHub\thinkphp-dome\application\index\controller\Index.php ]
[ info ] [ DB ] INIT mysql
[ info ] [ LOG ] INIT File
[ sql ] [ DB ] CONNECT:[ UseTime:0.000708s ] mysql:host=127.0.0.1;port=3306;dbname=grizzlycore;charset=utf8
[ sql ] [ SQL ] SHOW COLUMNS FROM `grizzly_web` [ RunTime:0.012824s ]
[ sql ] [ SQL ] INSERT INTO `grizzly_web` (`username` , `password` , `phone`) VALUES ( '007','12345sds6789','18889888054' ) , ( 'wcz1','123qwe!@#','18889988888' ) , ( 'cqq2','qwe123cvqwe123','18889280012' ) [ RunTime:0.000384s ]
---------------------------------------------------------------
[ 2020-04-24T20:26:05+08:00 ] 0.0.0.0 GET localhost/index/index/test
[运行时间：0.028354s] [吞吐率：35.27req/s] [内存消耗：433.05kb] [文件加载：60]
[ info ] [ LANG ] C:\Users\wcz\Documents\GitHub\thinkphp-dome\thinkphp\lang\zh-cn.php
[ info ] [ ROUTE ] array (
  'type' => 'module',
  'module' => 
  array (
    0 => 'index',
    1 => 'index',
    2 => 'test',
  ),
)
[ info ] [ HEADER ] array (
  'host' => 'localhost',
  'connection' => 'keep-alive',
  'cache-control' => 'max-age=0',
  'dnt' => '1',
  'upgrade-insecure-requests' => '1',
  'user-agent' => 'Mozilla/5.0 (Windows NT 10.0; Win64; x64) AppleWebKit/537.36 (KHTML, like Gecko) Chrome/81.0.4044.92 Safari/537.36',
  'accept' => 'text/html,application/xhtml+xml,application/xml;q=0.9,image/webp,image/apng,*/*;q=0.8,application/signed-exchange;v=b3;q=0.9',
  'sec-fetch-site' => 'none',
  'sec-fetch-mode' => 'navigate',
  'sec-fetch-user' => '?1',
  'sec-fetch-dest' => 'document',
  'accept-encoding' => 'gzip, deflate, br',
  'accept-language' => 'zh-CN,zh;q=0.9,en-US;q=0.8,en;q=0.7',
  'cookie' => 'Phpstorm-d9cd1fc1=da28a0e8-9b78-4912-8442-4b8d2f3e014a; PHPSESSID=19rhabgud72bvv8det5l7mvecm; _csrf=88d0370eabd971619f49e386f87d445db5d99cc95575758811ca213d115f8936a%3A2%3A%7Bi%3A0%3Bs%3A5%3A%22_csrf%22%3Bi%3A1%3Bs%3A32%3A%22pIWPKU7f9dBvo9-7p5kkydOYCxNsvUPQ%22%3B%7D',
)
[ info ] [ PARAM ] array (
)
[ info ] [ RUN ] app\index\controller\Index->test[ C:\Users\wcz\Documents\GitHub\thinkphp-dome\application\index\controller\Index.php ]
[ info ] [ DB ] INIT mysql
[ info ] [ LOG ] INIT File
[ sql ] [ DB ] CONNECT:[ UseTime:0.000696s ] mysql:host=127.0.0.1;port=3306;dbname=grizzlycore;charset=utf8
[ sql ] [ SQL ] SHOW COLUMNS FROM `grizzly_web` [ RunTime:0.013340s ]
[ sql ] [ SQL ] SELECT * FROM `grizzly_web` [ RunTime:0.000301s ]
---------------------------------------------------------------
[ 2020-04-24T20:26:44+08:00 ] 0.0.0.0 GET localhost/index/index/test
[运行时间：0.041080s] [吞吐率：24.34req/s] [内存消耗：422.21kb] [文件加载：64]
[ info ] [ LANG ] C:\Users\wcz\Documents\GitHub\thinkphp-dome\thinkphp\lang\zh-cn.php
[ info ] [ ROUTE ] array (
  'type' => 'module',
  'module' => 
  array (
    0 => 'index',
    1 => 'index',
    2 => 'test',
  ),
)
[ info ] [ HEADER ] array (
  'host' => 'localhost',
  'connection' => 'keep-alive',
  'cache-control' => 'max-age=0',
  'dnt' => '1',
  'upgrade-insecure-requests' => '1',
  'user-agent' => 'Mozilla/5.0 (Windows NT 10.0; Win64; x64) AppleWebKit/537.36 (KHTML, like Gecko) Chrome/81.0.4044.92 Safari/537.36',
  'accept' => 'text/html,application/xhtml+xml,application/xml;q=0.9,image/webp,image/apng,*/*;q=0.8,application/signed-exchange;v=b3;q=0.9',
  'sec-fetch-site' => 'none',
  'sec-fetch-mode' => 'navigate',
  'sec-fetch-user' => '?1',
  'sec-fetch-dest' => 'document',
  'accept-encoding' => 'gzip, deflate, br',
  'accept-language' => 'zh-CN,zh;q=0.9,en-US;q=0.8,en;q=0.7',
  'cookie' => 'Phpstorm-d9cd1fc1=da28a0e8-9b78-4912-8442-4b8d2f3e014a; PHPSESSID=19rhabgud72bvv8det5l7mvecm; _csrf=88d0370eabd971619f49e386f87d445db5d99cc95575758811ca213d115f8936a%3A2%3A%7Bi%3A0%3Bs%3A5%3A%22_csrf%22%3Bi%3A1%3Bs%3A32%3A%22pIWPKU7f9dBvo9-7p5kkydOYCxNsvUPQ%22%3B%7D',
)
[ info ] [ PARAM ] array (
)
[ info ] [ RUN ] app\index\controller\Index->test[ C:\Users\wcz\Documents\GitHub\thinkphp-dome\application\index\controller\Index.php ]
[ info ] [ DB ] INIT mysql
[ info ] [ LOG ] INIT File
[ sql ] [ DB ] CONNECT:[ UseTime:0.011230s ] mysql:host=127.0.0.1;port=3306;dbname=grizzlycore;charset=utf8
[ sql ] [ SQL ] SHOW COLUMNS FROM `grizzly_web` [ RunTime:0.013591s ]
[ sql ] [ SQL ] SELECT * FROM `grizzly_web` [ RunTime:0.000416s ]
[ error ] [8]Array to string conversion[C:\Users\wcz\Documents\GitHub\thinkphp-dome\application\index\controller\Index.php:160]
---------------------------------------------------------------
[ 2020-04-24T20:26:56+08:00 ] 0.0.0.0 GET localhost/index/index/test
[运行时间：0.034077s] [吞吐率：29.35req/s] [内存消耗：420.86kb] [文件加载：63]
[ info ] [ LANG ] C:\Users\wcz\Documents\GitHub\thinkphp-dome\thinkphp\lang\zh-cn.php
[ info ] [ ROUTE ] array (
  'type' => 'module',
  'module' => 
  array (
    0 => 'index',
    1 => 'index',
    2 => 'test',
  ),
)
[ info ] [ HEADER ] array (
  'host' => 'localhost',
  'connection' => 'keep-alive',
  'cache-control' => 'max-age=0',
  'dnt' => '1',
  'upgrade-insecure-requests' => '1',
  'user-agent' => 'Mozilla/5.0 (Windows NT 10.0; Win64; x64) AppleWebKit/537.36 (KHTML, like Gecko) Chrome/81.0.4044.92 Safari/537.36',
  'accept' => 'text/html,application/xhtml+xml,application/xml;q=0.9,image/webp,image/apng,*/*;q=0.8,application/signed-exchange;v=b3;q=0.9',
  'sec-fetch-site' => 'none',
  'sec-fetch-mode' => 'navigate',
  'sec-fetch-user' => '?1',
  'sec-fetch-dest' => 'document',
  'accept-encoding' => 'gzip, deflate, br',
  'accept-language' => 'zh-CN,zh;q=0.9,en-US;q=0.8,en;q=0.7',
  'cookie' => 'Phpstorm-d9cd1fc1=da28a0e8-9b78-4912-8442-4b8d2f3e014a; PHPSESSID=19rhabgud72bvv8det5l7mvecm; _csrf=88d0370eabd971619f49e386f87d445db5d99cc95575758811ca213d115f8936a%3A2%3A%7Bi%3A0%3Bs%3A5%3A%22_csrf%22%3Bi%3A1%3Bs%3A32%3A%22pIWPKU7f9dBvo9-7p5kkydOYCxNsvUPQ%22%3B%7D',
)
[ info ] [ PARAM ] array (
)
[ info ] [ RUN ] app\index\controller\Index->test[ C:\Users\wcz\Documents\GitHub\thinkphp-dome\application\index\controller\Index.php ]
[ info ] [ DB ] INIT mysql
[ info ] [ LOG ] INIT File
[ sql ] [ DB ] CONNECT:[ UseTime:0.010993s ] mysql:host=127.0.0.1;port=3306;dbname=grizzlycore;charset=utf8
[ sql ] [ SQL ] SHOW COLUMNS FROM `grizzly_web` [ RunTime:0.012602s ]
[ sql ] [ SQL ] SELECT * FROM `grizzly_web` [ RunTime:0.000401s ]
[ error ] [0]致命错误: Call to a member function toArray() on array[C:\Users\wcz\Documents\GitHub\thinkphp-dome\application\index\controller\Index.php:160]
---------------------------------------------------------------
[ 2020-04-24T20:27:46+08:00 ] 0.0.0.0 GET localhost/index/index/test
[运行时间：0.033249s] [吞吐率：30.08req/s] [内存消耗：433.05kb] [文件加载：60]
[ info ] [ LANG ] C:\Users\wcz\Documents\GitHub\thinkphp-dome\thinkphp\lang\zh-cn.php
[ info ] [ ROUTE ] array (
  'type' => 'module',
  'module' => 
  array (
    0 => 'index',
    1 => 'index',
    2 => 'test',
  ),
)
[ info ] [ HEADER ] array (
  'host' => 'localhost',
  'connection' => 'keep-alive',
  'cache-control' => 'max-age=0',
  'dnt' => '1',
  'upgrade-insecure-requests' => '1',
  'user-agent' => 'Mozilla/5.0 (Windows NT 10.0; Win64; x64) AppleWebKit/537.36 (KHTML, like Gecko) Chrome/81.0.4044.92 Safari/537.36',
  'accept' => 'text/html,application/xhtml+xml,application/xml;q=0.9,image/webp,image/apng,*/*;q=0.8,application/signed-exchange;v=b3;q=0.9',
  'sec-fetch-site' => 'none',
  'sec-fetch-mode' => 'navigate',
  'sec-fetch-user' => '?1',
  'sec-fetch-dest' => 'document',
  'accept-encoding' => 'gzip, deflate, br',
  'accept-language' => 'zh-CN,zh;q=0.9,en-US;q=0.8,en;q=0.7',
  'cookie' => 'Phpstorm-d9cd1fc1=da28a0e8-9b78-4912-8442-4b8d2f3e014a; PHPSESSID=19rhabgud72bvv8det5l7mvecm; _csrf=88d0370eabd971619f49e386f87d445db5d99cc95575758811ca213d115f8936a%3A2%3A%7Bi%3A0%3Bs%3A5%3A%22_csrf%22%3Bi%3A1%3Bs%3A32%3A%22pIWPKU7f9dBvo9-7p5kkydOYCxNsvUPQ%22%3B%7D',
)
[ info ] [ PARAM ] array (
)
[ info ] [ RUN ] app\index\controller\Index->test[ C:\Users\wcz\Documents\GitHub\thinkphp-dome\application\index\controller\Index.php ]
[ info ] [ DB ] INIT mysql
[ info ] [ LOG ] INIT File
[ sql ] [ DB ] CONNECT:[ UseTime:0.010804s ] mysql:host=127.0.0.1;port=3306;dbname=grizzlycore;charset=utf8
[ sql ] [ SQL ] SHOW COLUMNS FROM `grizzly_web` [ RunTime:0.012744s ]
[ sql ] [ SQL ] SELECT * FROM `grizzly_web` [ RunTime:0.000351s ]
---------------------------------------------------------------
[ 2020-04-24T20:37:55+08:00 ] 0.0.0.0 GET localhost/index/index/test
[运行时间：0.027530s] [吞吐率：36.32req/s] [内存消耗：431.95kb] [文件加载：60]
[ info ] [ LANG ] C:\Users\wcz\Documents\GitHub\thinkphp-dome\thinkphp\lang\zh-cn.php
[ info ] [ ROUTE ] array (
  'type' => 'module',
  'module' => 
  array (
    0 => 'index',
    1 => 'index',
    2 => 'test',
  ),
)
[ info ] [ HEADER ] array (
  'host' => 'localhost',
  'connection' => 'keep-alive',
  'cache-control' => 'max-age=0',
  'dnt' => '1',
  'upgrade-insecure-requests' => '1',
  'user-agent' => 'Mozilla/5.0 (Windows NT 10.0; Win64; x64) AppleWebKit/537.36 (KHTML, like Gecko) Chrome/81.0.4044.92 Safari/537.36',
  'accept' => 'text/html,application/xhtml+xml,application/xml;q=0.9,image/webp,image/apng,*/*;q=0.8,application/signed-exchange;v=b3;q=0.9',
  'sec-fetch-site' => 'none',
  'sec-fetch-mode' => 'navigate',
  'sec-fetch-user' => '?1',
  'sec-fetch-dest' => 'document',
  'accept-encoding' => 'gzip, deflate, br',
  'accept-language' => 'zh-CN,zh;q=0.9,en-US;q=0.8,en;q=0.7',
  'cookie' => 'Phpstorm-d9cd1fc1=da28a0e8-9b78-4912-8442-4b8d2f3e014a; PHPSESSID=19rhabgud72bvv8det5l7mvecm; _csrf=88d0370eabd971619f49e386f87d445db5d99cc95575758811ca213d115f8936a%3A2%3A%7Bi%3A0%3Bs%3A5%3A%22_csrf%22%3Bi%3A1%3Bs%3A32%3A%22pIWPKU7f9dBvo9-7p5kkydOYCxNsvUPQ%22%3B%7D',
)
[ info ] [ PARAM ] array (
)
[ info ] [ RUN ] app\index\controller\Index->test[ C:\Users\wcz\Documents\GitHub\thinkphp-dome\application\index\controller\Index.php ]
[ info ] [ DB ] INIT mysql
[ info ] [ LOG ] INIT File
[ sql ] [ DB ] CONNECT:[ UseTime:0.000681s ] mysql:host=127.0.0.1;port=3306;dbname=grizzlycore;charset=utf8
[ sql ] [ SQL ] SHOW COLUMNS FROM `grizzly_web` [ RunTime:0.013346s ]
[ sql ] [ SQL ] SELECT * FROM `grizzly_web` [ RunTime:0.000450s ]
---------------------------------------------------------------
[ 2020-04-24T20:42:24+08:00 ] 0.0.0.0 GET localhost/index/index/test
[运行时间：0.032403s] [吞吐率：30.86req/s] [内存消耗：433.31kb] [文件加载：60]
[ info ] [ LANG ] C:\Users\wcz\Documents\GitHub\thinkphp-dome\thinkphp\lang\zh-cn.php
[ info ] [ ROUTE ] array (
  'type' => 'module',
  'module' => 
  array (
    0 => 'index',
    1 => 'index',
    2 => 'test',
  ),
)
[ info ] [ HEADER ] array (
  'host' => 'localhost',
  'connection' => 'keep-alive',
  'cache-control' => 'max-age=0',
  'dnt' => '1',
  'upgrade-insecure-requests' => '1',
  'user-agent' => 'Mozilla/5.0 (Windows NT 10.0; Win64; x64) AppleWebKit/537.36 (KHTML, like Gecko) Chrome/81.0.4044.92 Safari/537.36',
  'accept' => 'text/html,application/xhtml+xml,application/xml;q=0.9,image/webp,image/apng,*/*;q=0.8,application/signed-exchange;v=b3;q=0.9',
  'sec-fetch-site' => 'none',
  'sec-fetch-mode' => 'navigate',
  'sec-fetch-user' => '?1',
  'sec-fetch-dest' => 'document',
  'accept-encoding' => 'gzip, deflate, br',
  'accept-language' => 'zh-CN,zh;q=0.9,en-US;q=0.8,en;q=0.7',
  'cookie' => 'Phpstorm-d9cd1fc1=da28a0e8-9b78-4912-8442-4b8d2f3e014a; PHPSESSID=19rhabgud72bvv8det5l7mvecm; _csrf=88d0370eabd971619f49e386f87d445db5d99cc95575758811ca213d115f8936a%3A2%3A%7Bi%3A0%3Bs%3A5%3A%22_csrf%22%3Bi%3A1%3Bs%3A32%3A%22pIWPKU7f9dBvo9-7p5kkydOYCxNsvUPQ%22%3B%7D',
)
[ info ] [ PARAM ] array (
)
[ info ] [ RUN ] app\index\controller\Index->test[ C:\Users\wcz\Documents\GitHub\thinkphp-dome\application\index\controller\Index.php ]
[ info ] [ DB ] INIT mysql
[ info ] [ LOG ] INIT File
[ sql ] [ DB ] CONNECT:[ UseTime:0.010863s ] mysql:host=127.0.0.1;port=3306;dbname=grizzlycore;charset=utf8
[ sql ] [ SQL ] SHOW COLUMNS FROM `grizzly_web` [ RunTime:0.004897s ]
[ sql ] [ SQL ] SELECT * FROM `grizzly_web` WHERE  `id` = 1 [ RunTime:0.000443s ]
---------------------------------------------------------------
[ 2020-04-24T20:42:31+08:00 ] 0.0.0.0 GET localhost/index/index/test
[运行时间：0.036838s] [吞吐率：27.15req/s] [内存消耗：457.34kb] [文件加载：60]
[ info ] [ LANG ] C:\Users\wcz\Documents\GitHub\thinkphp-dome\thinkphp\lang\zh-cn.php
[ info ] [ ROUTE ] array (
  'type' => 'module',
  'module' => 
  array (
    0 => 'index',
    1 => 'index',
    2 => 'test',
  ),
)
[ info ] [ HEADER ] array (
  'host' => 'localhost',
  'connection' => 'keep-alive',
  'cache-control' => 'max-age=0',
  'dnt' => '1',
  'upgrade-insecure-requests' => '1',
  'user-agent' => 'Mozilla/5.0 (Windows NT 10.0; Win64; x64) AppleWebKit/537.36 (KHTML, like Gecko) Chrome/81.0.4044.92 Safari/537.36',
  'accept' => 'text/html,application/xhtml+xml,application/xml;q=0.9,image/webp,image/apng,*/*;q=0.8,application/signed-exchange;v=b3;q=0.9',
  'sec-fetch-site' => 'none',
  'sec-fetch-mode' => 'navigate',
  'sec-fetch-user' => '?1',
  'sec-fetch-dest' => 'document',
  'accept-encoding' => 'gzip, deflate, br',
  'accept-language' => 'zh-CN,zh;q=0.9,en-US;q=0.8,en;q=0.7',
  'cookie' => 'Phpstorm-d9cd1fc1=da28a0e8-9b78-4912-8442-4b8d2f3e014a; PHPSESSID=19rhabgud72bvv8det5l7mvecm; _csrf=88d0370eabd971619f49e386f87d445db5d99cc95575758811ca213d115f8936a%3A2%3A%7Bi%3A0%3Bs%3A5%3A%22_csrf%22%3Bi%3A1%3Bs%3A32%3A%22pIWPKU7f9dBvo9-7p5kkydOYCxNsvUPQ%22%3B%7D',
)
[ info ] [ PARAM ] array (
)
[ info ] [ RUN ] app\index\controller\Index->test[ C:\Users\wcz\Documents\GitHub\thinkphp-dome\application\index\controller\Index.php ]
[ info ] [ DB ] INIT mysql
[ info ] [ LOG ] INIT File
[ sql ] [ DB ] CONNECT:[ UseTime:0.009651s ] mysql:host=127.0.0.1;port=3306;dbname=grizzlycore;charset=utf8
[ sql ] [ SQL ] SHOW COLUMNS FROM `grizzly_web` [ RunTime:0.013358s ]
[ sql ] [ SQL ] SELECT * FROM `grizzly_web` WHERE  `id` = 2 [ RunTime:0.000399s ]
---------------------------------------------------------------
[ 2020-04-24T20:44:14+08:00 ] 0.0.0.0 GET localhost/index/index/test
[运行时间：0.023326s] [吞吐率：42.87req/s] [内存消耗：431.84kb] [文件加载：60]
[ info ] [ LANG ] C:\Users\wcz\Documents\GitHub\thinkphp-dome\thinkphp\lang\zh-cn.php
[ info ] [ ROUTE ] array (
  'type' => 'module',
  'module' => 
  array (
    0 => 'index',
    1 => 'index',
    2 => 'test',
  ),
)
[ info ] [ HEADER ] array (
  'host' => 'localhost',
  'connection' => 'keep-alive',
  'cache-control' => 'max-age=0',
  'dnt' => '1',
  'upgrade-insecure-requests' => '1',
  'user-agent' => 'Mozilla/5.0 (Windows NT 10.0; Win64; x64) AppleWebKit/537.36 (KHTML, like Gecko) Chrome/81.0.4044.92 Safari/537.36',
  'accept' => 'text/html,application/xhtml+xml,application/xml;q=0.9,image/webp,image/apng,*/*;q=0.8,application/signed-exchange;v=b3;q=0.9',
  'sec-fetch-site' => 'none',
  'sec-fetch-mode' => 'navigate',
  'sec-fetch-user' => '?1',
  'sec-fetch-dest' => 'document',
  'accept-encoding' => 'gzip, deflate, br',
  'accept-language' => 'zh-CN,zh;q=0.9,en-US;q=0.8,en;q=0.7',
  'cookie' => 'Phpstorm-d9cd1fc1=da28a0e8-9b78-4912-8442-4b8d2f3e014a; PHPSESSID=19rhabgud72bvv8det5l7mvecm; _csrf=88d0370eabd971619f49e386f87d445db5d99cc95575758811ca213d115f8936a%3A2%3A%7Bi%3A0%3Bs%3A5%3A%22_csrf%22%3Bi%3A1%3Bs%3A32%3A%22pIWPKU7f9dBvo9-7p5kkydOYCxNsvUPQ%22%3B%7D',
)
[ info ] [ PARAM ] array (
)
[ info ] [ RUN ] app\index\controller\Index->test[ C:\Users\wcz\Documents\GitHub\thinkphp-dome\application\index\controller\Index.php ]
[ info ] [ DB ] INIT mysql
[ info ] [ LOG ] INIT File
[ sql ] [ DB ] CONNECT:[ UseTime:0.009679s ] mysql:host=127.0.0.1;port=3306;dbname=grizzlycore;charset=utf8
[ sql ] [ SQL ] SHOW COLUMNS FROM `grizzly_web` [ RunTime:0.004675s ]
[ sql ] [ SQL ] SELECT `username`,`id` FROM `grizzly_web` WHERE  `id` = 2 [ RunTime:0.000308s ]
---------------------------------------------------------------
[ 2020-04-24T20:44:27+08:00 ] 0.0.0.0 GET localhost/index/index/test
[运行时间：0.023176s] [吞吐率：43.15req/s] [内存消耗：431.70kb] [文件加载：60]
[ info ] [ LANG ] C:\Users\wcz\Documents\GitHub\thinkphp-dome\thinkphp\lang\zh-cn.php
[ info ] [ ROUTE ] array (
  'type' => 'module',
  'module' => 
  array (
    0 => 'index',
    1 => 'index',
    2 => 'test',
  ),
)
[ info ] [ HEADER ] array (
  'host' => 'localhost',
  'connection' => 'keep-alive',
  'cache-control' => 'max-age=0',
  'dnt' => '1',
  'upgrade-insecure-requests' => '1',
  'user-agent' => 'Mozilla/5.0 (Windows NT 10.0; Win64; x64) AppleWebKit/537.36 (KHTML, like Gecko) Chrome/81.0.4044.92 Safari/537.36',
  'accept' => 'text/html,application/xhtml+xml,application/xml;q=0.9,image/webp,image/apng,*/*;q=0.8,application/signed-exchange;v=b3;q=0.9',
  'sec-fetch-site' => 'none',
  'sec-fetch-mode' => 'navigate',
  'sec-fetch-user' => '?1',
  'sec-fetch-dest' => 'document',
  'accept-encoding' => 'gzip, deflate, br',
  'accept-language' => 'zh-CN,zh;q=0.9,en-US;q=0.8,en;q=0.7',
  'cookie' => 'Phpstorm-d9cd1fc1=da28a0e8-9b78-4912-8442-4b8d2f3e014a; PHPSESSID=19rhabgud72bvv8det5l7mvecm; _csrf=88d0370eabd971619f49e386f87d445db5d99cc95575758811ca213d115f8936a%3A2%3A%7Bi%3A0%3Bs%3A5%3A%22_csrf%22%3Bi%3A1%3Bs%3A32%3A%22pIWPKU7f9dBvo9-7p5kkydOYCxNsvUPQ%22%3B%7D',
)
[ info ] [ PARAM ] array (
)
[ info ] [ RUN ] app\index\controller\Index->test[ C:\Users\wcz\Documents\GitHub\thinkphp-dome\application\index\controller\Index.php ]
[ info ] [ DB ] INIT mysql
[ info ] [ LOG ] INIT File
[ sql ] [ DB ] CONNECT:[ UseTime:0.009735s ] mysql:host=127.0.0.1;port=3306;dbname=grizzlycore;charset=utf8
[ sql ] [ SQL ] SHOW COLUMNS FROM `grizzly_web` [ RunTime:0.004616s ]
[ sql ] [ SQL ] SELECT `id` FROM `grizzly_web` WHERE  `id` = 2 LIMIT 1 [ RunTime:0.000365s ]
---------------------------------------------------------------
[ 2020-04-24T20:46:57+08:00 ] 0.0.0.0 GET localhost/index/index/test
[运行时间：0.021003s] [吞吐率：47.61req/s] [内存消耗：433.31kb] [文件加载：60]
[ info ] [ LANG ] C:\Users\wcz\Documents\GitHub\thinkphp-dome\thinkphp\lang\zh-cn.php
[ info ] [ ROUTE ] array (
  'type' => 'module',
  'module' => 
  array (
    0 => 'index',
    1 => 'index',
    2 => 'test',
  ),
)
[ info ] [ HEADER ] array (
  'host' => 'localhost',
  'connection' => 'keep-alive',
  'cache-control' => 'max-age=0',
  'dnt' => '1',
  'upgrade-insecure-requests' => '1',
  'user-agent' => 'Mozilla/5.0 (Windows NT 10.0; Win64; x64) AppleWebKit/537.36 (KHTML, like Gecko) Chrome/81.0.4044.92 Safari/537.36',
  'accept' => 'text/html,application/xhtml+xml,application/xml;q=0.9,image/webp,image/apng,*/*;q=0.8,application/signed-exchange;v=b3;q=0.9',
  'sec-fetch-site' => 'none',
  'sec-fetch-mode' => 'navigate',
  'sec-fetch-user' => '?1',
  'sec-fetch-dest' => 'document',
  'accept-encoding' => 'gzip, deflate, br',
  'accept-language' => 'zh-CN,zh;q=0.9,en-US;q=0.8,en;q=0.7',
  'cookie' => 'Phpstorm-d9cd1fc1=da28a0e8-9b78-4912-8442-4b8d2f3e014a; PHPSESSID=19rhabgud72bvv8det5l7mvecm; _csrf=88d0370eabd971619f49e386f87d445db5d99cc95575758811ca213d115f8936a%3A2%3A%7Bi%3A0%3Bs%3A5%3A%22_csrf%22%3Bi%3A1%3Bs%3A32%3A%22pIWPKU7f9dBvo9-7p5kkydOYCxNsvUPQ%22%3B%7D',
)
[ info ] [ PARAM ] array (
)
[ info ] [ RUN ] app\index\controller\Index->test[ C:\Users\wcz\Documents\GitHub\thinkphp-dome\application\index\controller\Index.php ]
[ info ] [ DB ] INIT mysql
[ info ] [ LOG ] INIT File
[ sql ] [ DB ] CONNECT:[ UseTime:0.000679s ] mysql:host=127.0.0.1;port=3306;dbname=grizzlycore;charset=utf8
[ sql ] [ SQL ] SHOW COLUMNS FROM `grizzly_web` [ RunTime:0.004994s ]
[ sql ] [ SQL ] SELECT * FROM `grizzly_web` WHERE  `id` = 0 [ RunTime:0.000392s ]
---------------------------------------------------------------
[ 2020-04-24T20:47:05+08:00 ] 0.0.0.0 GET localhost/index/index/test
[运行时间：0.029462s] [吞吐率：33.94req/s] [内存消耗：457.34kb] [文件加载：60]
[ info ] [ LANG ] C:\Users\wcz\Documents\GitHub\thinkphp-dome\thinkphp\lang\zh-cn.php
[ info ] [ ROUTE ] array (
  'type' => 'module',
  'module' => 
  array (
    0 => 'index',
    1 => 'index',
    2 => 'test',
  ),
)
[ info ] [ HEADER ] array (
  'host' => 'localhost',
  'connection' => 'keep-alive',
  'cache-control' => 'max-age=0',
  'dnt' => '1',
  'upgrade-insecure-requests' => '1',
  'user-agent' => 'Mozilla/5.0 (Windows NT 10.0; Win64; x64) AppleWebKit/537.36 (KHTML, like Gecko) Chrome/81.0.4044.92 Safari/537.36',
  'accept' => 'text/html,application/xhtml+xml,application/xml;q=0.9,image/webp,image/apng,*/*;q=0.8,application/signed-exchange;v=b3;q=0.9',
  'sec-fetch-site' => 'none',
  'sec-fetch-mode' => 'navigate',
  'sec-fetch-user' => '?1',
  'sec-fetch-dest' => 'document',
  'accept-encoding' => 'gzip, deflate, br',
  'accept-language' => 'zh-CN,zh;q=0.9,en-US;q=0.8,en;q=0.7',
  'cookie' => 'Phpstorm-d9cd1fc1=da28a0e8-9b78-4912-8442-4b8d2f3e014a; PHPSESSID=19rhabgud72bvv8det5l7mvecm; _csrf=88d0370eabd971619f49e386f87d445db5d99cc95575758811ca213d115f8936a%3A2%3A%7Bi%3A0%3Bs%3A5%3A%22_csrf%22%3Bi%3A1%3Bs%3A32%3A%22pIWPKU7f9dBvo9-7p5kkydOYCxNsvUPQ%22%3B%7D',
)
[ info ] [ PARAM ] array (
)
[ info ] [ RUN ] app\index\controller\Index->test[ C:\Users\wcz\Documents\GitHub\thinkphp-dome\application\index\controller\Index.php ]
[ info ] [ DB ] INIT mysql
[ info ] [ LOG ] INIT File
[ sql ] [ DB ] CONNECT:[ UseTime:0.009876s ] mysql:host=127.0.0.1;port=3306;dbname=grizzlycore;charset=utf8
[ sql ] [ SQL ] SHOW COLUMNS FROM `grizzly_web` [ RunTime:0.004289s ]
[ sql ] [ SQL ] SELECT * FROM `grizzly_web` WHERE  `id` = 2 [ RunTime:0.000403s ]
---------------------------------------------------------------
[ 2020-04-24T21:04:19+08:00 ] 0.0.0.0 GET localhost/index/index/test
[运行时间：0.030727s] [吞吐率：32.54req/s] [内存消耗：435.27kb] [文件加载：62]
[ info ] [ LANG ] C:\Users\wcz\Documents\GitHub\thinkphp-dome\thinkphp\lang\zh-cn.php
[ info ] [ ROUTE ] array (
  'type' => 'module',
  'module' => 
  array (
    0 => 'index',
    1 => 'index',
    2 => 'test',
  ),
)
[ info ] [ HEADER ] array (
  'host' => 'localhost',
  'connection' => 'keep-alive',
  'cache-control' => 'max-age=0',
  'dnt' => '1',
  'upgrade-insecure-requests' => '1',
  'user-agent' => 'Mozilla/5.0 (Windows NT 10.0; Win64; x64) AppleWebKit/537.36 (KHTML, like Gecko) Chrome/81.0.4044.92 Safari/537.36',
  'accept' => 'text/html,application/xhtml+xml,application/xml;q=0.9,image/webp,image/apng,*/*;q=0.8,application/signed-exchange;v=b3;q=0.9',
  'sec-fetch-site' => 'none',
  'sec-fetch-mode' => 'navigate',
  'sec-fetch-user' => '?1',
  'sec-fetch-dest' => 'document',
  'accept-encoding' => 'gzip, deflate, br',
  'accept-language' => 'zh-CN,zh;q=0.9,en-US;q=0.8,en;q=0.7',
  'cookie' => 'Phpstorm-d9cd1fc1=da28a0e8-9b78-4912-8442-4b8d2f3e014a; PHPSESSID=19rhabgud72bvv8det5l7mvecm; _csrf=88d0370eabd971619f49e386f87d445db5d99cc95575758811ca213d115f8936a%3A2%3A%7Bi%3A0%3Bs%3A5%3A%22_csrf%22%3Bi%3A1%3Bs%3A32%3A%22pIWPKU7f9dBvo9-7p5kkydOYCxNsvUPQ%22%3B%7D',
)
[ info ] [ PARAM ] array (
)
[ info ] [ RUN ] app\index\controller\Index->test[ C:\Users\wcz\Documents\GitHub\thinkphp-dome\application\index\controller\Index.php ]
[ info ] [ DB ] INIT mysql
[ info ] [ VIEW ] C:\Users\wcz\Documents\GitHub\thinkphp-dome\public/../application/index\view\index\index.html [ array (
) ]
[ info ] [ LOG ] INIT File
[ sql ] [ DB ] CONNECT:[ UseTime:0.000981s ] mysql:host=127.0.0.1;port=3306;dbname=grizzlycore;charset=utf8
[ sql ] [ SQL ] SHOW COLUMNS FROM `grizzly_web` [ RunTime:0.014262s ]
[ sql ] [ SQL ] SELECT * FROM `grizzly_web` [ RunTime:0.000349s ]
---------------------------------------------------------------
[ 2020-04-24T21:04:19+08:00 ] 0.0.0.0 GET localhost/index/index/verify.html
[运行时间：0.019288s] [吞吐率：51.85req/s] [内存消耗：252.74kb] [文件加载：53]
[ info ] [ LANG ] C:\Users\wcz\Documents\GitHub\thinkphp-dome\thinkphp\lang\zh-cn.php
[ info ] [ ROUTE ] array (
  'type' => 'module',
  'module' => 
  array (
    0 => 'index',
    1 => 'index',
    2 => 'verify',
  ),
)
[ info ] [ HEADER ] array (
  'host' => 'localhost',
  'connection' => 'keep-alive',
  'user-agent' => 'Mozilla/5.0 (Windows NT 10.0; Win64; x64) AppleWebKit/537.36 (KHTML, like Gecko) Chrome/81.0.4044.92 Safari/537.36',
  'dnt' => '1',
  'accept' => 'image/webp,image/apng,image/*,*/*;q=0.8',
  'sec-fetch-site' => 'same-origin',
  'sec-fetch-mode' => 'no-cors',
  'sec-fetch-dest' => 'image',
  'referer' => 'http://localhost/index/index/test',
  'accept-encoding' => 'gzip, deflate, br',
  'accept-language' => 'zh-CN,zh;q=0.9,en-US;q=0.8,en;q=0.7',
  'cookie' => 'Phpstorm-d9cd1fc1=da28a0e8-9b78-4912-8442-4b8d2f3e014a; PHPSESSID=19rhabgud72bvv8det5l7mvecm; _csrf=88d0370eabd971619f49e386f87d445db5d99cc95575758811ca213d115f8936a%3A2%3A%7Bi%3A0%3Bs%3A5%3A%22_csrf%22%3Bi%3A1%3Bs%3A32%3A%22pIWPKU7f9dBvo9-7p5kkydOYCxNsvUPQ%22%3B%7D',
)
[ info ] [ PARAM ] array (
)
[ info ] [ RUN ] app\index\controller\Index->verify[ C:\Users\wcz\Documents\GitHub\thinkphp-dome\application\index\controller\Index.php ]
[ info ] [ SESSION ] INIT array (
  'id' => '',
  'var_session_id' => '',
  'prefix' => 'think',
  'type' => '',
  'auto_start' => true,
)
[ info ] [ LOG ] INIT File
---------------------------------------------------------------
[ 2020-04-24T21:04:56+08:00 ] 0.0.0.0 GET localhost/index/index/test
[运行时间：0.018966s] [吞吐率：52.73req/s] [内存消耗：433.05kb] [文件加载：60]
[ info ] [ LANG ] C:\Users\wcz\Documents\GitHub\thinkphp-dome\thinkphp\lang\zh-cn.php
[ info ] [ ROUTE ] array (
  'type' => 'module',
  'module' => 
  array (
    0 => 'index',
    1 => 'index',
    2 => 'test',
  ),
)
[ info ] [ HEADER ] array (
  'host' => 'localhost',
  'connection' => 'keep-alive',
  'cache-control' => 'max-age=0',
  'dnt' => '1',
  'upgrade-insecure-requests' => '1',
  'user-agent' => 'Mozilla/5.0 (Windows NT 10.0; Win64; x64) AppleWebKit/537.36 (KHTML, like Gecko) Chrome/81.0.4044.92 Safari/537.36',
  'accept' => 'text/html,application/xhtml+xml,application/xml;q=0.9,image/webp,image/apng,*/*;q=0.8,application/signed-exchange;v=b3;q=0.9',
  'sec-fetch-site' => 'none',
  'sec-fetch-mode' => 'navigate',
  'sec-fetch-user' => '?1',
  'sec-fetch-dest' => 'document',
  'accept-encoding' => 'gzip, deflate, br',
  'accept-language' => 'zh-CN,zh;q=0.9,en-US;q=0.8,en;q=0.7',
  'cookie' => 'Phpstorm-d9cd1fc1=da28a0e8-9b78-4912-8442-4b8d2f3e014a; PHPSESSID=19rhabgud72bvv8det5l7mvecm; _csrf=88d0370eabd971619f49e386f87d445db5d99cc95575758811ca213d115f8936a%3A2%3A%7Bi%3A0%3Bs%3A5%3A%22_csrf%22%3Bi%3A1%3Bs%3A32%3A%22pIWPKU7f9dBvo9-7p5kkydOYCxNsvUPQ%22%3B%7D',
)
[ info ] [ PARAM ] array (
)
[ info ] [ RUN ] app\index\controller\Index->test[ C:\Users\wcz\Documents\GitHub\thinkphp-dome\application\index\controller\Index.php ]
[ info ] [ DB ] INIT mysql
[ info ] [ LOG ] INIT File
[ sql ] [ DB ] CONNECT:[ UseTime:0.001152s ] mysql:host=127.0.0.1;port=3306;dbname=grizzlycore;charset=utf8
[ sql ] [ SQL ] SHOW COLUMNS FROM `grizzly_web` [ RunTime:0.004168s ]
[ sql ] [ SQL ] SELECT * FROM `grizzly_web` [ RunTime:0.000488s ]
---------------------------------------------------------------
[ 2020-04-24T21:08:32+08:00 ] 0.0.0.0 GET localhost/index/index/test
[运行时间：0.047372s] [吞吐率：21.11req/s] [内存消耗：476.27kb] [文件加载：64]
[ info ] [ LANG ] C:\Users\wcz\Documents\GitHub\thinkphp-dome\thinkphp\lang\zh-cn.php
[ info ] [ ROUTE ] array (
  'type' => 'module',
  'module' => 
  array (
    0 => 'index',
    1 => 'index',
    2 => 'test',
  ),
)
[ info ] [ HEADER ] array (
  'host' => 'localhost',
  'connection' => 'keep-alive',
  'cache-control' => 'max-age=0',
  'dnt' => '1',
  'upgrade-insecure-requests' => '1',
  'user-agent' => 'Mozilla/5.0 (Windows NT 10.0; Win64; x64) AppleWebKit/537.36 (KHTML, like Gecko) Chrome/81.0.4044.92 Safari/537.36',
  'accept' => 'text/html,application/xhtml+xml,application/xml;q=0.9,image/webp,image/apng,*/*;q=0.8,application/signed-exchange;v=b3;q=0.9',
  'sec-fetch-site' => 'none',
  'sec-fetch-mode' => 'navigate',
  'sec-fetch-user' => '?1',
  'sec-fetch-dest' => 'document',
  'accept-encoding' => 'gzip, deflate, br',
  'accept-language' => 'zh-CN,zh;q=0.9,en-US;q=0.8,en;q=0.7',
  'cookie' => 'Phpstorm-d9cd1fc1=da28a0e8-9b78-4912-8442-4b8d2f3e014a; PHPSESSID=19rhabgud72bvv8det5l7mvecm; _csrf=88d0370eabd971619f49e386f87d445db5d99cc95575758811ca213d115f8936a%3A2%3A%7Bi%3A0%3Bs%3A5%3A%22_csrf%22%3Bi%3A1%3Bs%3A32%3A%22pIWPKU7f9dBvo9-7p5kkydOYCxNsvUPQ%22%3B%7D',
)
[ info ] [ PARAM ] array (
)
[ info ] [ RUN ] app\index\controller\Index->test[ C:\Users\wcz\Documents\GitHub\thinkphp-dome\application\index\controller\Index.php ]
[ info ] [ DB ] INIT mysql
[ info ] [ VIEW ] C:\Users\wcz\Documents\GitHub\thinkphp-dome\public/../application/index\view\index\index.html [ array (
  0 => 'array',
) ]
[ info ] [ LOG ] INIT File
[ sql ] [ DB ] CONNECT:[ UseTime:0.010641s ] mysql:host=127.0.0.1;port=3306;dbname=grizzlycore;charset=utf8
[ sql ] [ SQL ] SHOW COLUMNS FROM `grizzly_web` [ RunTime:0.015153s ]
[ sql ] [ SQL ] SELECT * FROM `grizzly_web` [ RunTime:0.000524s ]
---------------------------------------------------------------
[ 2020-04-24T21:08:33+08:00 ] 0.0.0.0 GET localhost/index/index/verify.html
[运行时间：0.015095s] [吞吐率：66.25req/s] [内存消耗：252.74kb] [文件加载：53]
[ info ] [ LANG ] C:\Users\wcz\Documents\GitHub\thinkphp-dome\thinkphp\lang\zh-cn.php
[ info ] [ ROUTE ] array (
  'type' => 'module',
  'module' => 
  array (
    0 => 'index',
    1 => 'index',
    2 => 'verify',
  ),
)
[ info ] [ HEADER ] array (
  'host' => 'localhost',
  'connection' => 'keep-alive',
  'user-agent' => 'Mozilla/5.0 (Windows NT 10.0; Win64; x64) AppleWebKit/537.36 (KHTML, like Gecko) Chrome/81.0.4044.92 Safari/537.36',
  'dnt' => '1',
  'accept' => 'image/webp,image/apng,image/*,*/*;q=0.8',
  'sec-fetch-site' => 'same-origin',
  'sec-fetch-mode' => 'no-cors',
  'sec-fetch-dest' => 'image',
  'referer' => 'http://localhost/index/index/test',
  'accept-encoding' => 'gzip, deflate, br',
  'accept-language' => 'zh-CN,zh;q=0.9,en-US;q=0.8,en;q=0.7',
  'cookie' => 'Phpstorm-d9cd1fc1=da28a0e8-9b78-4912-8442-4b8d2f3e014a; PHPSESSID=19rhabgud72bvv8det5l7mvecm; _csrf=88d0370eabd971619f49e386f87d445db5d99cc95575758811ca213d115f8936a%3A2%3A%7Bi%3A0%3Bs%3A5%3A%22_csrf%22%3Bi%3A1%3Bs%3A32%3A%22pIWPKU7f9dBvo9-7p5kkydOYCxNsvUPQ%22%3B%7D',
)
[ info ] [ PARAM ] array (
)
[ info ] [ RUN ] app\index\controller\Index->verify[ C:\Users\wcz\Documents\GitHub\thinkphp-dome\application\index\controller\Index.php ]
[ info ] [ SESSION ] INIT array (
  'id' => '',
  'var_session_id' => '',
  'prefix' => 'think',
  'type' => '',
  'auto_start' => true,
)
[ info ] [ LOG ] INIT File
---------------------------------------------------------------
[ 2020-04-24T21:09:14+08:00 ] 0.0.0.0 GET localhost/index/index/test
[运行时间：0.030399s] [吞吐率：32.90req/s] [内存消耗：436.16kb] [文件加载：62]
[ info ] [ LANG ] C:\Users\wcz\Documents\GitHub\thinkphp-dome\thinkphp\lang\zh-cn.php
[ info ] [ ROUTE ] array (
  'type' => 'module',
  'module' => 
  array (
    0 => 'index',
    1 => 'index',
    2 => 'test',
  ),
)
[ info ] [ HEADER ] array (
  'host' => 'localhost',
  'connection' => 'keep-alive',
  'cache-control' => 'max-age=0',
  'dnt' => '1',
  'upgrade-insecure-requests' => '1',
  'user-agent' => 'Mozilla/5.0 (Windows NT 10.0; Win64; x64) AppleWebKit/537.36 (KHTML, like Gecko) Chrome/81.0.4044.92 Safari/537.36',
  'accept' => 'text/html,application/xhtml+xml,application/xml;q=0.9,image/webp,image/apng,*/*;q=0.8,application/signed-exchange;v=b3;q=0.9',
  'sec-fetch-site' => 'none',
  'sec-fetch-mode' => 'navigate',
  'sec-fetch-user' => '?1',
  'sec-fetch-dest' => 'document',
  'accept-encoding' => 'gzip, deflate, br',
  'accept-language' => 'zh-CN,zh;q=0.9,en-US;q=0.8,en;q=0.7',
  'cookie' => 'Phpstorm-d9cd1fc1=da28a0e8-9b78-4912-8442-4b8d2f3e014a; PHPSESSID=19rhabgud72bvv8det5l7mvecm; _csrf=88d0370eabd971619f49e386f87d445db5d99cc95575758811ca213d115f8936a%3A2%3A%7Bi%3A0%3Bs%3A5%3A%22_csrf%22%3Bi%3A1%3Bs%3A32%3A%22pIWPKU7f9dBvo9-7p5kkydOYCxNsvUPQ%22%3B%7D',
)
[ info ] [ PARAM ] array (
)
[ info ] [ RUN ] app\index\controller\Index->test[ C:\Users\wcz\Documents\GitHub\thinkphp-dome\application\index\controller\Index.php ]
[ info ] [ DB ] INIT mysql
[ info ] [ VIEW ] C:\Users\wcz\Documents\GitHub\thinkphp-dome\public/../application/index\view\index\index.html [ array (
  0 => 'array',
) ]
[ info ] [ LOG ] INIT File
[ sql ] [ DB ] CONNECT:[ UseTime:0.011095s ] mysql:host=127.0.0.1;port=3306;dbname=grizzlycore;charset=utf8
[ sql ] [ SQL ] SHOW COLUMNS FROM `grizzly_web` [ RunTime:0.004281s ]
[ sql ] [ SQL ] SELECT * FROM `grizzly_web` [ RunTime:0.000439s ]
---------------------------------------------------------------
[ 2020-04-24T21:09:14+08:00 ] 0.0.0.0 GET localhost/index/index/verify.html
[运行时间：0.009763s] [吞吐率：102.43req/s] [内存消耗：252.74kb] [文件加载：53]
[ info ] [ LANG ] C:\Users\wcz\Documents\GitHub\thinkphp-dome\thinkphp\lang\zh-cn.php
[ info ] [ ROUTE ] array (
  'type' => 'module',
  'module' => 
  array (
    0 => 'index',
    1 => 'index',
    2 => 'verify',
  ),
)
[ info ] [ HEADER ] array (
  'host' => 'localhost',
  'connection' => 'keep-alive',
  'user-agent' => 'Mozilla/5.0 (Windows NT 10.0; Win64; x64) AppleWebKit/537.36 (KHTML, like Gecko) Chrome/81.0.4044.92 Safari/537.36',
  'dnt' => '1',
  'accept' => 'image/webp,image/apng,image/*,*/*;q=0.8',
  'sec-fetch-site' => 'same-origin',
  'sec-fetch-mode' => 'no-cors',
  'sec-fetch-dest' => 'image',
  'referer' => 'http://localhost/index/index/test',
  'accept-encoding' => 'gzip, deflate, br',
  'accept-language' => 'zh-CN,zh;q=0.9,en-US;q=0.8,en;q=0.7',
  'cookie' => 'Phpstorm-d9cd1fc1=da28a0e8-9b78-4912-8442-4b8d2f3e014a; PHPSESSID=19rhabgud72bvv8det5l7mvecm; _csrf=88d0370eabd971619f49e386f87d445db5d99cc95575758811ca213d115f8936a%3A2%3A%7Bi%3A0%3Bs%3A5%3A%22_csrf%22%3Bi%3A1%3Bs%3A32%3A%22pIWPKU7f9dBvo9-7p5kkydOYCxNsvUPQ%22%3B%7D',
)
[ info ] [ PARAM ] array (
)
[ info ] [ RUN ] app\index\controller\Index->verify[ C:\Users\wcz\Documents\GitHub\thinkphp-dome\application\index\controller\Index.php ]
[ info ] [ SESSION ] INIT array (
  'id' => '',
  'var_session_id' => '',
  'prefix' => 'think',
  'type' => '',
  'auto_start' => true,
)
[ info ] [ LOG ] INIT File
---------------------------------------------------------------
[ 2020-04-24T21:12:27+08:00 ] 0.0.0.0 GET localhost/index/index/test
[运行时间：0.042220s] [吞吐率：23.69req/s] [内存消耗：472.27kb] [文件加载：64]
[ info ] [ LANG ] C:\Users\wcz\Documents\GitHub\thinkphp-dome\thinkphp\lang\zh-cn.php
[ info ] [ ROUTE ] array (
  'type' => 'module',
  'module' => 
  array (
    0 => 'index',
    1 => 'index',
    2 => 'test',
  ),
)
[ info ] [ HEADER ] array (
  'host' => 'localhost',
  'connection' => 'keep-alive',
  'cache-control' => 'max-age=0',
  'dnt' => '1',
  'upgrade-insecure-requests' => '1',
  'user-agent' => 'Mozilla/5.0 (Windows NT 10.0; Win64; x64) AppleWebKit/537.36 (KHTML, like Gecko) Chrome/81.0.4044.92 Safari/537.36',
  'accept' => 'text/html,application/xhtml+xml,application/xml;q=0.9,image/webp,image/apng,*/*;q=0.8,application/signed-exchange;v=b3;q=0.9',
  'sec-fetch-site' => 'none',
  'sec-fetch-mode' => 'navigate',
  'sec-fetch-user' => '?1',
  'sec-fetch-dest' => 'document',
  'accept-encoding' => 'gzip, deflate, br',
  'accept-language' => 'zh-CN,zh;q=0.9,en-US;q=0.8,en;q=0.7',
  'cookie' => 'Phpstorm-d9cd1fc1=da28a0e8-9b78-4912-8442-4b8d2f3e014a; PHPSESSID=19rhabgud72bvv8det5l7mvecm; _csrf=88d0370eabd971619f49e386f87d445db5d99cc95575758811ca213d115f8936a%3A2%3A%7Bi%3A0%3Bs%3A5%3A%22_csrf%22%3Bi%3A1%3Bs%3A32%3A%22pIWPKU7f9dBvo9-7p5kkydOYCxNsvUPQ%22%3B%7D',
)
[ info ] [ PARAM ] array (
)
[ info ] [ RUN ] app\index\controller\Index->test[ C:\Users\wcz\Documents\GitHub\thinkphp-dome\application\index\controller\Index.php ]
[ info ] [ DB ] INIT mysql
[ info ] [ VIEW ] C:\Users\wcz\Documents\GitHub\thinkphp-dome\public/../application/index\view\index\index.html [ array (
  0 => 'array',
) ]
[ info ] [ LOG ] INIT File
[ sql ] [ DB ] CONNECT:[ UseTime:0.010813s ] mysql:host=127.0.0.1;port=3306;dbname=grizzlycore;charset=utf8
[ sql ] [ SQL ] SHOW COLUMNS FROM `grizzly_web` [ RunTime:0.014004s ]
[ sql ] [ SQL ] SELECT * FROM `grizzly_web` [ RunTime:0.000290s ]
---------------------------------------------------------------
[ 2020-04-24T21:12:27+08:00 ] 0.0.0.0 GET localhost/index/index/verify.html
[运行时间：0.010716s] [吞吐率：93.32req/s] [内存消耗：252.74kb] [文件加载：53]
[ info ] [ LANG ] C:\Users\wcz\Documents\GitHub\thinkphp-dome\thinkphp\lang\zh-cn.php
[ info ] [ ROUTE ] array (
  'type' => 'module',
  'module' => 
  array (
    0 => 'index',
    1 => 'index',
    2 => 'verify',
  ),
)
[ info ] [ HEADER ] array (
  'host' => 'localhost',
  'connection' => 'keep-alive',
  'user-agent' => 'Mozilla/5.0 (Windows NT 10.0; Win64; x64) AppleWebKit/537.36 (KHTML, like Gecko) Chrome/81.0.4044.92 Safari/537.36',
  'dnt' => '1',
  'accept' => 'image/webp,image/apng,image/*,*/*;q=0.8',
  'sec-fetch-site' => 'same-origin',
  'sec-fetch-mode' => 'no-cors',
  'sec-fetch-dest' => 'image',
  'referer' => 'http://localhost/index/index/test',
  'accept-encoding' => 'gzip, deflate, br',
  'accept-language' => 'zh-CN,zh;q=0.9,en-US;q=0.8,en;q=0.7',
  'cookie' => 'Phpstorm-d9cd1fc1=da28a0e8-9b78-4912-8442-4b8d2f3e014a; PHPSESSID=19rhabgud72bvv8det5l7mvecm; _csrf=88d0370eabd971619f49e386f87d445db5d99cc95575758811ca213d115f8936a%3A2%3A%7Bi%3A0%3Bs%3A5%3A%22_csrf%22%3Bi%3A1%3Bs%3A32%3A%22pIWPKU7f9dBvo9-7p5kkydOYCxNsvUPQ%22%3B%7D',
)
[ info ] [ PARAM ] array (
)
[ info ] [ RUN ] app\index\controller\Index->verify[ C:\Users\wcz\Documents\GitHub\thinkphp-dome\application\index\controller\Index.php ]
[ info ] [ SESSION ] INIT array (
  'id' => '',
  'var_session_id' => '',
  'prefix' => 'think',
  'type' => '',
  'auto_start' => true,
)
[ info ] [ LOG ] INIT File
---------------------------------------------------------------
[ 2020-04-24T21:12:41+08:00 ] 0.0.0.0 GET localhost/index/index/test
[运行时间：0.034043s] [吞吐率：29.37req/s] [内存消耗：434.48kb] [文件加载：66]
[ info ] [ LANG ] C:\Users\wcz\Documents\GitHub\thinkphp-dome\thinkphp\lang\zh-cn.php
[ info ] [ ROUTE ] array (
  'type' => 'module',
  'module' => 
  array (
    0 => 'index',
    1 => 'index',
    2 => 'test',
  ),
)
[ info ] [ HEADER ] array (
  'host' => 'localhost',
  'connection' => 'keep-alive',
  'cache-control' => 'max-age=0',
  'dnt' => '1',
  'upgrade-insecure-requests' => '1',
  'user-agent' => 'Mozilla/5.0 (Windows NT 10.0; Win64; x64) AppleWebKit/537.36 (KHTML, like Gecko) Chrome/81.0.4044.92 Safari/537.36',
  'accept' => 'text/html,application/xhtml+xml,application/xml;q=0.9,image/webp,image/apng,*/*;q=0.8,application/signed-exchange;v=b3;q=0.9',
  'sec-fetch-site' => 'none',
  'sec-fetch-mode' => 'navigate',
  'sec-fetch-user' => '?1',
  'sec-fetch-dest' => 'document',
  'accept-encoding' => 'gzip, deflate, br',
  'accept-language' => 'zh-CN,zh;q=0.9,en-US;q=0.8,en;q=0.7',
  'cookie' => 'Phpstorm-d9cd1fc1=da28a0e8-9b78-4912-8442-4b8d2f3e014a; PHPSESSID=19rhabgud72bvv8det5l7mvecm; _csrf=88d0370eabd971619f49e386f87d445db5d99cc95575758811ca213d115f8936a%3A2%3A%7Bi%3A0%3Bs%3A5%3A%22_csrf%22%3Bi%3A1%3Bs%3A32%3A%22pIWPKU7f9dBvo9-7p5kkydOYCxNsvUPQ%22%3B%7D',
)
[ info ] [ PARAM ] array (
)
[ info ] [ RUN ] app\index\controller\Index->test[ C:\Users\wcz\Documents\GitHub\thinkphp-dome\application\index\controller\Index.php ]
[ info ] [ DB ] INIT mysql
[ info ] [ VIEW ] C:\Users\wcz\Documents\GitHub\thinkphp-dome\public/../application/index\view\index\index.html [ array (
  0 => 'array',
) ]
[ info ] [ LOG ] INIT File
[ sql ] [ DB ] CONNECT:[ UseTime:0.010791s ] mysql:host=127.0.0.1;port=3306;dbname=grizzlycore;charset=utf8
[ sql ] [ SQL ] SHOW COLUMNS FROM `grizzly_web` [ RunTime:0.006001s ]
[ sql ] [ SQL ] SELECT * FROM `grizzly_web` [ RunTime:0.000416s ]
[ error ] [8]Array to string conversion[C:\Users\wcz\Documents\GitHub\thinkphp-dome\runtime\temp\3b41b5a47c3911318a056f2f8627cdb4.php:181]
---------------------------------------------------------------
[ 2020-04-24T21:29:30+08:00 ] 0.0.0.0 GET localhost/index/index/test
[运行时间：0.032971s] [吞吐率：30.33req/s] [内存消耗：471.38kb] [文件加载：68]
[ info ] [ LANG ] C:\Users\wcz\Documents\GitHub\thinkphp-dome\thinkphp\lang\zh-cn.php
[ info ] [ ROUTE ] array (
  'type' => 'module',
  'module' => 
  array (
    0 => 'index',
    1 => 'index',
    2 => 'test',
  ),
)
[ info ] [ HEADER ] array (
  'host' => 'localhost',
  'connection' => 'keep-alive',
  'cache-control' => 'max-age=0',
  'dnt' => '1',
  'upgrade-insecure-requests' => '1',
  'user-agent' => 'Mozilla/5.0 (Windows NT 10.0; Win64; x64) AppleWebKit/537.36 (KHTML, like Gecko) Chrome/81.0.4044.92 Safari/537.36',
  'accept' => 'text/html,application/xhtml+xml,application/xml;q=0.9,image/webp,image/apng,*/*;q=0.8,application/signed-exchange;v=b3;q=0.9',
  'sec-fetch-site' => 'none',
  'sec-fetch-mode' => 'navigate',
  'sec-fetch-user' => '?1',
  'sec-fetch-dest' => 'document',
  'accept-encoding' => 'gzip, deflate, br',
  'accept-language' => 'zh-CN,zh;q=0.9,en-US;q=0.8,en;q=0.7',
  'cookie' => 'Phpstorm-d9cd1fc1=da28a0e8-9b78-4912-8442-4b8d2f3e014a; PHPSESSID=19rhabgud72bvv8det5l7mvecm; _csrf=88d0370eabd971619f49e386f87d445db5d99cc95575758811ca213d115f8936a%3A2%3A%7Bi%3A0%3Bs%3A5%3A%22_csrf%22%3Bi%3A1%3Bs%3A32%3A%22pIWPKU7f9dBvo9-7p5kkydOYCxNsvUPQ%22%3B%7D',
)
[ info ] [ PARAM ] array (
)
[ info ] [ RUN ] app\index\controller\Index->test[ C:\Users\wcz\Documents\GitHub\thinkphp-dome\application\index\controller\Index.php ]
[ info ] [ DB ] INIT mysql
[ info ] [ VIEW ] C:\Users\wcz\Documents\GitHub\thinkphp-dome\public/../application/index\view\index\index.html [ array (
  0 => 'array',
) ]
[ info ] [ LOG ] INIT File
[ sql ] [ DB ] CONNECT:[ UseTime:0.000651s ] mysql:host=127.0.0.1;port=3306;dbname=grizzlycore;charset=utf8
[ sql ] [ SQL ] SHOW COLUMNS FROM `grizzly_web` [ RunTime:0.013818s ]
[ sql ] [ SQL ] SELECT * FROM `grizzly_web` [ RunTime:0.000289s ]
[ error ] [8]Array to string conversion[C:\Users\wcz\Documents\GitHub\thinkphp-dome\runtime\temp\3b41b5a47c3911318a056f2f8627cdb4.php:181]
---------------------------------------------------------------
[ 2020-04-24T21:33:37+08:00 ] 0.0.0.0 GET localhost/index/index/test
[运行时间：0.043271s] [吞吐率：23.11req/s] [内存消耗：471.46kb] [文件加载：68]
[ info ] [ LANG ] C:\Users\wcz\Documents\GitHub\thinkphp-dome\thinkphp\lang\zh-cn.php
[ info ] [ ROUTE ] array (
  'type' => 'module',
  'module' => 
  array (
    0 => 'index',
    1 => 'index',
    2 => 'test',
  ),
)
[ info ] [ HEADER ] array (
  'host' => 'localhost',
  'connection' => 'keep-alive',
  'cache-control' => 'max-age=0',
  'dnt' => '1',
  'upgrade-insecure-requests' => '1',
  'user-agent' => 'Mozilla/5.0 (Windows NT 10.0; Win64; x64) AppleWebKit/537.36 (KHTML, like Gecko) Chrome/81.0.4044.92 Safari/537.36',
  'accept' => 'text/html,application/xhtml+xml,application/xml;q=0.9,image/webp,image/apng,*/*;q=0.8,application/signed-exchange;v=b3;q=0.9',
  'sec-fetch-site' => 'none',
  'sec-fetch-mode' => 'navigate',
  'sec-fetch-user' => '?1',
  'sec-fetch-dest' => 'document',
  'accept-encoding' => 'gzip, deflate, br',
  'accept-language' => 'zh-CN,zh;q=0.9,en-US;q=0.8,en;q=0.7',
  'cookie' => 'Phpstorm-d9cd1fc1=da28a0e8-9b78-4912-8442-4b8d2f3e014a; PHPSESSID=19rhabgud72bvv8det5l7mvecm; _csrf=88d0370eabd971619f49e386f87d445db5d99cc95575758811ca213d115f8936a%3A2%3A%7Bi%3A0%3Bs%3A5%3A%22_csrf%22%3Bi%3A1%3Bs%3A32%3A%22pIWPKU7f9dBvo9-7p5kkydOYCxNsvUPQ%22%3B%7D',
)
[ info ] [ PARAM ] array (
)
[ info ] [ RUN ] app\index\controller\Index->test[ C:\Users\wcz\Documents\GitHub\thinkphp-dome\application\index\controller\Index.php ]
[ info ] [ DB ] INIT mysql
[ info ] [ VIEW ] C:\Users\wcz\Documents\GitHub\thinkphp-dome\public/../application/index\view\index\index.html [ array (
  0 => 'array',
) ]
[ info ] [ LOG ] INIT File
[ sql ] [ DB ] CONNECT:[ UseTime:0.011625s ] mysql:host=127.0.0.1;port=3306;dbname=grizzlycore;charset=utf8
[ sql ] [ SQL ] SHOW COLUMNS FROM `grizzly_web` [ RunTime:0.013415s ]
[ sql ] [ SQL ] SELECT * FROM `grizzly_web` [ RunTime:0.000337s ]
[ error ] [8]Array to string conversion[C:\Users\wcz\Documents\GitHub\thinkphp-dome\runtime\temp\3b41b5a47c3911318a056f2f8627cdb4.php:181]
---------------------------------------------------------------
[ 2020-04-24T21:34:17+08:00 ] 0.0.0.0 GET localhost/index/index/test
[运行时间：0.026935s] [吞吐率：37.13req/s] [内存消耗：433.05kb] [文件加载：60]
[ info ] [ LANG ] C:\Users\wcz\Documents\GitHub\thinkphp-dome\thinkphp\lang\zh-cn.php
[ info ] [ ROUTE ] array (
  'type' => 'module',
  'module' => 
  array (
    0 => 'index',
    1 => 'index',
    2 => 'test',
  ),
)
[ info ] [ HEADER ] array (
  'host' => 'localhost',
  'connection' => 'keep-alive',
  'cache-control' => 'max-age=0',
  'dnt' => '1',
  'upgrade-insecure-requests' => '1',
  'user-agent' => 'Mozilla/5.0 (Windows NT 10.0; Win64; x64) AppleWebKit/537.36 (KHTML, like Gecko) Chrome/81.0.4044.92 Safari/537.36',
  'accept' => 'text/html,application/xhtml+xml,application/xml;q=0.9,image/webp,image/apng,*/*;q=0.8,application/signed-exchange;v=b3;q=0.9',
  'sec-fetch-site' => 'none',
  'sec-fetch-mode' => 'navigate',
  'sec-fetch-user' => '?1',
  'sec-fetch-dest' => 'document',
  'accept-encoding' => 'gzip, deflate, br',
  'accept-language' => 'zh-CN,zh;q=0.9,en-US;q=0.8,en;q=0.7',
  'cookie' => 'Phpstorm-d9cd1fc1=da28a0e8-9b78-4912-8442-4b8d2f3e014a; PHPSESSID=19rhabgud72bvv8det5l7mvecm; _csrf=88d0370eabd971619f49e386f87d445db5d99cc95575758811ca213d115f8936a%3A2%3A%7Bi%3A0%3Bs%3A5%3A%22_csrf%22%3Bi%3A1%3Bs%3A32%3A%22pIWPKU7f9dBvo9-7p5kkydOYCxNsvUPQ%22%3B%7D',
)
[ info ] [ PARAM ] array (
)
[ info ] [ RUN ] app\index\controller\Index->test[ C:\Users\wcz\Documents\GitHub\thinkphp-dome\application\index\controller\Index.php ]
[ info ] [ DB ] INIT mysql
[ info ] [ LOG ] INIT File
[ sql ] [ DB ] CONNECT:[ UseTime:0.000592s ] mysql:host=127.0.0.1;port=3306;dbname=grizzlycore;charset=utf8
[ sql ] [ SQL ] SHOW COLUMNS FROM `grizzly_web` [ RunTime:0.012920s ]
[ sql ] [ SQL ] SELECT * FROM `grizzly_web` [ RunTime:0.000367s ]
---------------------------------------------------------------
[ 2020-04-24T21:35:05+08:00 ] 0.0.0.0 GET localhost/index/index/test
[运行时间：0.014644s] [吞吐率：68.29req/s] [内存消耗：456.41kb] [文件加载：60]
[ info ] [ LANG ] C:\Users\wcz\Documents\GitHub\thinkphp-dome\thinkphp\lang\zh-cn.php
[ info ] [ ROUTE ] array (
  'type' => 'module',
  'module' => 
  array (
    0 => 'index',
    1 => 'index',
    2 => 'test',
  ),
)
[ info ] [ HEADER ] array (
  'host' => 'localhost',
  'connection' => 'keep-alive',
  'cache-control' => 'max-age=0',
  'dnt' => '1',
  'upgrade-insecure-requests' => '1',
  'user-agent' => 'Mozilla/5.0 (Windows NT 10.0; Win64; x64) AppleWebKit/537.36 (KHTML, like Gecko) Chrome/81.0.4044.92 Safari/537.36',
  'accept' => 'text/html,application/xhtml+xml,application/xml;q=0.9,image/webp,image/apng,*/*;q=0.8,application/signed-exchange;v=b3;q=0.9',
  'sec-fetch-site' => 'none',
  'sec-fetch-mode' => 'navigate',
  'sec-fetch-user' => '?1',
  'sec-fetch-dest' => 'document',
  'accept-encoding' => 'gzip, deflate, br',
  'accept-language' => 'zh-CN,zh;q=0.9,en-US;q=0.8,en;q=0.7',
  'cookie' => 'Phpstorm-d9cd1fc1=da28a0e8-9b78-4912-8442-4b8d2f3e014a; PHPSESSID=19rhabgud72bvv8det5l7mvecm; _csrf=88d0370eabd971619f49e386f87d445db5d99cc95575758811ca213d115f8936a%3A2%3A%7Bi%3A0%3Bs%3A5%3A%22_csrf%22%3Bi%3A1%3Bs%3A32%3A%22pIWPKU7f9dBvo9-7p5kkydOYCxNsvUPQ%22%3B%7D',
)
[ info ] [ PARAM ] array (
)
[ info ] [ RUN ] app\index\controller\Index->test[ C:\Users\wcz\Documents\GitHub\thinkphp-dome\application\index\controller\Index.php ]
[ info ] [ DB ] INIT mysql
[ info ] [ LOG ] INIT File
[ sql ] [ DB ] CONNECT:[ UseTime:0.000531s ] mysql:host=127.0.0.1;port=3306;dbname=grizzlycore;charset=utf8
[ sql ] [ SQL ] SHOW COLUMNS FROM `grizzly_web` [ RunTime:0.005134s ]
[ sql ] [ SQL ] SELECT * FROM `grizzly_web` [ RunTime:0.000357s ]
---------------------------------------------------------------
[ 2020-04-24T21:35:21+08:00 ] 0.0.0.0 GET localhost/index/index/test
[运行时间：0.023143s] [吞吐率：43.21req/s] [内存消耗：433.05kb] [文件加载：60]
[ info ] [ LANG ] C:\Users\wcz\Documents\GitHub\thinkphp-dome\thinkphp\lang\zh-cn.php
[ info ] [ ROUTE ] array (
  'type' => 'module',
  'module' => 
  array (
    0 => 'index',
    1 => 'index',
    2 => 'test',
  ),
)
[ info ] [ HEADER ] array (
  'host' => 'localhost',
  'connection' => 'keep-alive',
  'cache-control' => 'max-age=0',
  'dnt' => '1',
  'upgrade-insecure-requests' => '1',
  'user-agent' => 'Mozilla/5.0 (Windows NT 10.0; Win64; x64) AppleWebKit/537.36 (KHTML, like Gecko) Chrome/81.0.4044.92 Safari/537.36',
  'accept' => 'text/html,application/xhtml+xml,application/xml;q=0.9,image/webp,image/apng,*/*;q=0.8,application/signed-exchange;v=b3;q=0.9',
  'sec-fetch-site' => 'none',
  'sec-fetch-mode' => 'navigate',
  'sec-fetch-user' => '?1',
  'sec-fetch-dest' => 'document',
  'accept-encoding' => 'gzip, deflate, br',
  'accept-language' => 'zh-CN,zh;q=0.9,en-US;q=0.8,en;q=0.7',
  'cookie' => 'Phpstorm-d9cd1fc1=da28a0e8-9b78-4912-8442-4b8d2f3e014a; PHPSESSID=19rhabgud72bvv8det5l7mvecm; _csrf=88d0370eabd971619f49e386f87d445db5d99cc95575758811ca213d115f8936a%3A2%3A%7Bi%3A0%3Bs%3A5%3A%22_csrf%22%3Bi%3A1%3Bs%3A32%3A%22pIWPKU7f9dBvo9-7p5kkydOYCxNsvUPQ%22%3B%7D',
)
[ info ] [ PARAM ] array (
)
[ info ] [ RUN ] app\index\controller\Index->test[ C:\Users\wcz\Documents\GitHub\thinkphp-dome\application\index\controller\Index.php ]
[ info ] [ DB ] INIT mysql
[ info ] [ LOG ] INIT File
[ sql ] [ DB ] CONNECT:[ UseTime:0.009558s ] mysql:host=127.0.0.1;port=3306;dbname=grizzlycore;charset=utf8
[ sql ] [ SQL ] SHOW COLUMNS FROM `grizzly_web` [ RunTime:0.004770s ]
[ sql ] [ SQL ] SELECT * FROM `grizzly_web` [ RunTime:0.000292s ]
---------------------------------------------------------------
[ 2020-04-24T21:38:57+08:00 ] 0.0.0.0 GET localhost/index/index/test
[运行时间：0.043453s] [吞吐率：23.01req/s] [内存消耗：471.56kb] [文件加载：68]
[ info ] [ LANG ] C:\Users\wcz\Documents\GitHub\thinkphp-dome\thinkphp\lang\zh-cn.php
[ info ] [ ROUTE ] array (
  'type' => 'module',
  'module' => 
  array (
    0 => 'index',
    1 => 'index',
    2 => 'test',
  ),
)
[ info ] [ HEADER ] array (
  'host' => 'localhost',
  'connection' => 'keep-alive',
  'cache-control' => 'max-age=0',
  'dnt' => '1',
  'upgrade-insecure-requests' => '1',
  'user-agent' => 'Mozilla/5.0 (Windows NT 10.0; Win64; x64) AppleWebKit/537.36 (KHTML, like Gecko) Chrome/81.0.4044.92 Safari/537.36',
  'accept' => 'text/html,application/xhtml+xml,application/xml;q=0.9,image/webp,image/apng,*/*;q=0.8,application/signed-exchange;v=b3;q=0.9',
  'sec-fetch-site' => 'none',
  'sec-fetch-mode' => 'navigate',
  'sec-fetch-user' => '?1',
  'sec-fetch-dest' => 'document',
  'accept-encoding' => 'gzip, deflate, br',
  'accept-language' => 'zh-CN,zh;q=0.9,en-US;q=0.8,en;q=0.7',
  'cookie' => 'Phpstorm-d9cd1fc1=da28a0e8-9b78-4912-8442-4b8d2f3e014a; PHPSESSID=19rhabgud72bvv8det5l7mvecm; _csrf=88d0370eabd971619f49e386f87d445db5d99cc95575758811ca213d115f8936a%3A2%3A%7Bi%3A0%3Bs%3A5%3A%22_csrf%22%3Bi%3A1%3Bs%3A32%3A%22pIWPKU7f9dBvo9-7p5kkydOYCxNsvUPQ%22%3B%7D',
)
[ info ] [ PARAM ] array (
)
[ info ] [ RUN ] app\index\controller\Index->test[ C:\Users\wcz\Documents\GitHub\thinkphp-dome\application\index\controller\Index.php ]
[ info ] [ DB ] INIT mysql
[ info ] [ VIEW ] C:\Users\wcz\Documents\GitHub\thinkphp-dome\public/../application/index\view\index\index.html [ array (
  0 => 'array',
) ]
[ info ] [ LOG ] INIT File
[ sql ] [ DB ] CONNECT:[ UseTime:0.011096s ] mysql:host=127.0.0.1;port=3306;dbname=grizzlycore;charset=utf8
[ sql ] [ SQL ] SHOW COLUMNS FROM `grizzly_web` [ RunTime:0.012691s ]
[ sql ] [ SQL ] SELECT * FROM `grizzly_web` [ RunTime:0.000482s ]
[ error ] [8]Array to string conversion[C:\Users\wcz\Documents\GitHub\thinkphp-dome\runtime\temp\3b41b5a47c3911318a056f2f8627cdb4.php:181]
---------------------------------------------------------------
[ 2020-04-24T21:40:29+08:00 ] 0.0.0.0 GET localhost/index/index/test
[运行时间：0.042133s] [吞吐率：23.73req/s] [内存消耗：471.46kb] [文件加载：68]
[ info ] [ LANG ] C:\Users\wcz\Documents\GitHub\thinkphp-dome\thinkphp\lang\zh-cn.php
[ info ] [ ROUTE ] array (
  'type' => 'module',
  'module' => 
  array (
    0 => 'index',
    1 => 'index',
    2 => 'test',
  ),
)
[ info ] [ HEADER ] array (
  'host' => 'localhost',
  'connection' => 'keep-alive',
  'cache-control' => 'max-age=0',
  'dnt' => '1',
  'upgrade-insecure-requests' => '1',
  'user-agent' => 'Mozilla/5.0 (Windows NT 10.0; Win64; x64) AppleWebKit/537.36 (KHTML, like Gecko) Chrome/81.0.4044.92 Safari/537.36',
  'accept' => 'text/html,application/xhtml+xml,application/xml;q=0.9,image/webp,image/apng,*/*;q=0.8,application/signed-exchange;v=b3;q=0.9',
  'sec-fetch-site' => 'none',
  'sec-fetch-mode' => 'navigate',
  'sec-fetch-user' => '?1',
  'sec-fetch-dest' => 'document',
  'accept-encoding' => 'gzip, deflate, br',
  'accept-language' => 'zh-CN,zh;q=0.9,en-US;q=0.8,en;q=0.7',
  'cookie' => 'Phpstorm-d9cd1fc1=da28a0e8-9b78-4912-8442-4b8d2f3e014a; PHPSESSID=19rhabgud72bvv8det5l7mvecm; _csrf=88d0370eabd971619f49e386f87d445db5d99cc95575758811ca213d115f8936a%3A2%3A%7Bi%3A0%3Bs%3A5%3A%22_csrf%22%3Bi%3A1%3Bs%3A32%3A%22pIWPKU7f9dBvo9-7p5kkydOYCxNsvUPQ%22%3B%7D',
)
[ info ] [ PARAM ] array (
)
[ info ] [ RUN ] app\index\controller\Index->test[ C:\Users\wcz\Documents\GitHub\thinkphp-dome\application\index\controller\Index.php ]
[ info ] [ DB ] INIT mysql
[ info ] [ VIEW ] C:\Users\wcz\Documents\GitHub\thinkphp-dome\public/../application/index\view\index\index.html [ array (
  0 => 'list',
) ]
[ info ] [ LOG ] INIT File
[ sql ] [ DB ] CONNECT:[ UseTime:0.011328s ] mysql:host=127.0.0.1;port=3306;dbname=grizzlycore;charset=utf8
[ sql ] [ SQL ] SHOW COLUMNS FROM `grizzly_web` [ RunTime:0.013328s ]
[ sql ] [ SQL ] SELECT * FROM `grizzly_web` [ RunTime:0.000346s ]
[ error ] [8]未定义变量: array[C:\Users\wcz\Documents\GitHub\thinkphp-dome\runtime\temp\3b41b5a47c3911318a056f2f8627cdb4.php:181]
---------------------------------------------------------------
[ 2020-04-24T21:40:45+08:00 ] 0.0.0.0 GET localhost/index/index/test
[运行时间：0.035890s] [吞吐率：27.86req/s] [内存消耗：471.46kb] [文件加载：68]
[ info ] [ LANG ] C:\Users\wcz\Documents\GitHub\thinkphp-dome\thinkphp\lang\zh-cn.php
[ info ] [ ROUTE ] array (
  'type' => 'module',
  'module' => 
  array (
    0 => 'index',
    1 => 'index',
    2 => 'test',
  ),
)
[ info ] [ HEADER ] array (
  'host' => 'localhost',
  'connection' => 'keep-alive',
  'cache-control' => 'max-age=0',
  'dnt' => '1',
  'upgrade-insecure-requests' => '1',
  'user-agent' => 'Mozilla/5.0 (Windows NT 10.0; Win64; x64) AppleWebKit/537.36 (KHTML, like Gecko) Chrome/81.0.4044.92 Safari/537.36',
  'accept' => 'text/html,application/xhtml+xml,application/xml;q=0.9,image/webp,image/apng,*/*;q=0.8,application/signed-exchange;v=b3;q=0.9',
  'sec-fetch-site' => 'none',
  'sec-fetch-mode' => 'navigate',
  'sec-fetch-user' => '?1',
  'sec-fetch-dest' => 'document',
  'accept-encoding' => 'gzip, deflate, br',
  'accept-language' => 'zh-CN,zh;q=0.9,en-US;q=0.8,en;q=0.7',
  'cookie' => 'Phpstorm-d9cd1fc1=da28a0e8-9b78-4912-8442-4b8d2f3e014a; PHPSESSID=19rhabgud72bvv8det5l7mvecm; _csrf=88d0370eabd971619f49e386f87d445db5d99cc95575758811ca213d115f8936a%3A2%3A%7Bi%3A0%3Bs%3A5%3A%22_csrf%22%3Bi%3A1%3Bs%3A32%3A%22pIWPKU7f9dBvo9-7p5kkydOYCxNsvUPQ%22%3B%7D',
)
[ info ] [ PARAM ] array (
)
[ info ] [ RUN ] app\index\controller\Index->test[ C:\Users\wcz\Documents\GitHub\thinkphp-dome\application\index\controller\Index.php ]
[ info ] [ DB ] INIT mysql
[ info ] [ VIEW ] C:\Users\wcz\Documents\GitHub\thinkphp-dome\public/../application/index\view\index\index.html [ array (
  0 => 'list',
) ]
[ info ] [ LOG ] INIT File
[ sql ] [ DB ] CONNECT:[ UseTime:0.010941s ] mysql:host=127.0.0.1;port=3306;dbname=grizzlycore;charset=utf8
[ sql ] [ SQL ] SHOW COLUMNS FROM `grizzly_web` [ RunTime:0.012466s ]
[ sql ] [ SQL ] SELECT * FROM `grizzly_web` [ RunTime:0.000332s ]
[ error ] [8]未定义变量: array[C:\Users\wcz\Documents\GitHub\thinkphp-dome\runtime\temp\3b41b5a47c3911318a056f2f8627cdb4.php:181]
---------------------------------------------------------------
[ 2020-04-24T21:41:05+08:00 ] 0.0.0.0 GET localhost/index/index/test
[运行时间：0.036892s] [吞吐率：27.11req/s] [内存消耗：471.38kb] [文件加载：68]
[ info ] [ LANG ] C:\Users\wcz\Documents\GitHub\thinkphp-dome\thinkphp\lang\zh-cn.php
[ info ] [ ROUTE ] array (
  'type' => 'module',
  'module' => 
  array (
    0 => 'index',
    1 => 'index',
    2 => 'test',
  ),
)
[ info ] [ HEADER ] array (
  'host' => 'localhost',
  'connection' => 'keep-alive',
  'cache-control' => 'max-age=0',
  'dnt' => '1',
  'upgrade-insecure-requests' => '1',
  'user-agent' => 'Mozilla/5.0 (Windows NT 10.0; Win64; x64) AppleWebKit/537.36 (KHTML, like Gecko) Chrome/81.0.4044.92 Safari/537.36',
  'accept' => 'text/html,application/xhtml+xml,application/xml;q=0.9,image/webp,image/apng,*/*;q=0.8,application/signed-exchange;v=b3;q=0.9',
  'sec-fetch-site' => 'none',
  'sec-fetch-mode' => 'navigate',
  'sec-fetch-user' => '?1',
  'sec-fetch-dest' => 'document',
  'accept-encoding' => 'gzip, deflate, br',
  'accept-language' => 'zh-CN,zh;q=0.9,en-US;q=0.8,en;q=0.7',
  'cookie' => 'Phpstorm-d9cd1fc1=da28a0e8-9b78-4912-8442-4b8d2f3e014a; PHPSESSID=19rhabgud72bvv8det5l7mvecm; _csrf=88d0370eabd971619f49e386f87d445db5d99cc95575758811ca213d115f8936a%3A2%3A%7Bi%3A0%3Bs%3A5%3A%22_csrf%22%3Bi%3A1%3Bs%3A32%3A%22pIWPKU7f9dBvo9-7p5kkydOYCxNsvUPQ%22%3B%7D',
)
[ info ] [ PARAM ] array (
)
[ info ] [ RUN ] app\index\controller\Index->test[ C:\Users\wcz\Documents\GitHub\thinkphp-dome\application\index\controller\Index.php ]
[ info ] [ DB ] INIT mysql
[ info ] [ VIEW ] C:\Users\wcz\Documents\GitHub\thinkphp-dome\public/../application/index\view\index\index.html [ array (
  0 => 'list',
) ]
[ info ] [ LOG ] INIT File
[ sql ] [ DB ] CONNECT:[ UseTime:0.010881s ] mysql:host=127.0.0.1;port=3306;dbname=grizzlycore;charset=utf8
[ sql ] [ SQL ] SHOW COLUMNS FROM `grizzly_web` [ RunTime:0.012890s ]
[ sql ] [ SQL ] SELECT * FROM `grizzly_web` [ RunTime:0.000216s ]
[ error ] [8]未定义数组索引: name[C:\Users\wcz\Documents\GitHub\thinkphp-dome\runtime\temp\3b41b5a47c3911318a056f2f8627cdb4.php:183]
---------------------------------------------------------------
[ 2020-04-24T21:41:19+08:00 ] 0.0.0.0 GET localhost/index/index/test
[运行时间：0.039925s] [吞吐率：25.05req/s] [内存消耗：476.83kb] [文件加载：64]
[ info ] [ LANG ] C:\Users\wcz\Documents\GitHub\thinkphp-dome\thinkphp\lang\zh-cn.php
[ info ] [ ROUTE ] array (
  'type' => 'module',
  'module' => 
  array (
    0 => 'index',
    1 => 'index',
    2 => 'test',
  ),
)
[ info ] [ HEADER ] array (
  'host' => 'localhost',
  'connection' => 'keep-alive',
  'cache-control' => 'max-age=0',
  'dnt' => '1',
  'upgrade-insecure-requests' => '1',
  'user-agent' => 'Mozilla/5.0 (Windows NT 10.0; Win64; x64) AppleWebKit/537.36 (KHTML, like Gecko) Chrome/81.0.4044.92 Safari/537.36',
  'accept' => 'text/html,application/xhtml+xml,application/xml;q=0.9,image/webp,image/apng,*/*;q=0.8,application/signed-exchange;v=b3;q=0.9',
  'sec-fetch-site' => 'none',
  'sec-fetch-mode' => 'navigate',
  'sec-fetch-user' => '?1',
  'sec-fetch-dest' => 'document',
  'accept-encoding' => 'gzip, deflate, br',
  'accept-language' => 'zh-CN,zh;q=0.9,en-US;q=0.8,en;q=0.7',
  'cookie' => 'Phpstorm-d9cd1fc1=da28a0e8-9b78-4912-8442-4b8d2f3e014a; PHPSESSID=19rhabgud72bvv8det5l7mvecm; _csrf=88d0370eabd971619f49e386f87d445db5d99cc95575758811ca213d115f8936a%3A2%3A%7Bi%3A0%3Bs%3A5%3A%22_csrf%22%3Bi%3A1%3Bs%3A32%3A%22pIWPKU7f9dBvo9-7p5kkydOYCxNsvUPQ%22%3B%7D',
)
[ info ] [ PARAM ] array (
)
[ info ] [ RUN ] app\index\controller\Index->test[ C:\Users\wcz\Documents\GitHub\thinkphp-dome\application\index\controller\Index.php ]
[ info ] [ DB ] INIT mysql
[ info ] [ VIEW ] C:\Users\wcz\Documents\GitHub\thinkphp-dome\public/../application/index\view\index\index.html [ array (
  0 => 'list',
) ]
[ info ] [ LOG ] INIT File
[ sql ] [ DB ] CONNECT:[ UseTime:0.011340s ] mysql:host=127.0.0.1;port=3306;dbname=grizzlycore;charset=utf8
[ sql ] [ SQL ] SHOW COLUMNS FROM `grizzly_web` [ RunTime:0.012992s ]
[ sql ] [ SQL ] SELECT * FROM `grizzly_web` [ RunTime:0.000479s ]
---------------------------------------------------------------
[ 2020-04-24T21:41:19+08:00 ] 0.0.0.0 GET localhost/index/index/verify.html
[运行时间：0.012415s] [吞吐率：80.55req/s] [内存消耗：252.74kb] [文件加载：53]
[ info ] [ LANG ] C:\Users\wcz\Documents\GitHub\thinkphp-dome\thinkphp\lang\zh-cn.php
[ info ] [ ROUTE ] array (
  'type' => 'module',
  'module' => 
  array (
    0 => 'index',
    1 => 'index',
    2 => 'verify',
  ),
)
[ info ] [ HEADER ] array (
  'host' => 'localhost',
  'connection' => 'keep-alive',
  'user-agent' => 'Mozilla/5.0 (Windows NT 10.0; Win64; x64) AppleWebKit/537.36 (KHTML, like Gecko) Chrome/81.0.4044.92 Safari/537.36',
  'dnt' => '1',
  'accept' => 'image/webp,image/apng,image/*,*/*;q=0.8',
  'sec-fetch-site' => 'same-origin',
  'sec-fetch-mode' => 'no-cors',
  'sec-fetch-dest' => 'image',
  'referer' => 'http://localhost/index/index/test',
  'accept-encoding' => 'gzip, deflate, br',
  'accept-language' => 'zh-CN,zh;q=0.9,en-US;q=0.8,en;q=0.7',
  'cookie' => 'Phpstorm-d9cd1fc1=da28a0e8-9b78-4912-8442-4b8d2f3e014a; PHPSESSID=19rhabgud72bvv8det5l7mvecm; _csrf=88d0370eabd971619f49e386f87d445db5d99cc95575758811ca213d115f8936a%3A2%3A%7Bi%3A0%3Bs%3A5%3A%22_csrf%22%3Bi%3A1%3Bs%3A32%3A%22pIWPKU7f9dBvo9-7p5kkydOYCxNsvUPQ%22%3B%7D',
)
[ info ] [ PARAM ] array (
)
[ info ] [ RUN ] app\index\controller\Index->verify[ C:\Users\wcz\Documents\GitHub\thinkphp-dome\application\index\controller\Index.php ]
[ info ] [ SESSION ] INIT array (
  'id' => '',
  'var_session_id' => '',
  'prefix' => 'think',
  'type' => '',
  'auto_start' => true,
)
[ info ] [ LOG ] INIT File
---------------------------------------------------------------
[ 2020-04-24T21:42:29+08:00 ] 0.0.0.0 GET localhost/index/index/test
[运行时间：0.035344s] [吞吐率：28.29req/s] [内存消耗：477.02kb] [文件加载：64]
[ info ] [ LANG ] C:\Users\wcz\Documents\GitHub\thinkphp-dome\thinkphp\lang\zh-cn.php
[ info ] [ ROUTE ] array (
  'type' => 'module',
  'module' => 
  array (
    0 => 'index',
    1 => 'index',
    2 => 'test',
  ),
)
[ info ] [ HEADER ] array (
  'host' => 'localhost',
  'connection' => 'keep-alive',
  'cache-control' => 'max-age=0',
  'dnt' => '1',
  'upgrade-insecure-requests' => '1',
  'user-agent' => 'Mozilla/5.0 (Windows NT 10.0; Win64; x64) AppleWebKit/537.36 (KHTML, like Gecko) Chrome/81.0.4044.92 Safari/537.36',
  'accept' => 'text/html,application/xhtml+xml,application/xml;q=0.9,image/webp,image/apng,*/*;q=0.8,application/signed-exchange;v=b3;q=0.9',
  'sec-fetch-site' => 'none',
  'sec-fetch-mode' => 'navigate',
  'sec-fetch-user' => '?1',
  'sec-fetch-dest' => 'document',
  'accept-encoding' => 'gzip, deflate, br',
  'accept-language' => 'zh-CN,zh;q=0.9,en-US;q=0.8,en;q=0.7',
  'cookie' => 'Phpstorm-d9cd1fc1=da28a0e8-9b78-4912-8442-4b8d2f3e014a; PHPSESSID=19rhabgud72bvv8det5l7mvecm; _csrf=88d0370eabd971619f49e386f87d445db5d99cc95575758811ca213d115f8936a%3A2%3A%7Bi%3A0%3Bs%3A5%3A%22_csrf%22%3Bi%3A1%3Bs%3A32%3A%22pIWPKU7f9dBvo9-7p5kkydOYCxNsvUPQ%22%3B%7D',
)
[ info ] [ PARAM ] array (
)
[ info ] [ RUN ] app\index\controller\Index->test[ C:\Users\wcz\Documents\GitHub\thinkphp-dome\application\index\controller\Index.php ]
[ info ] [ DB ] INIT mysql
[ info ] [ VIEW ] C:\Users\wcz\Documents\GitHub\thinkphp-dome\public/../application/index\view\index\index.html [ array (
  0 => 'array',
) ]
[ info ] [ LOG ] INIT File
[ sql ] [ DB ] CONNECT:[ UseTime:0.010950s ] mysql:host=127.0.0.1;port=3306;dbname=grizzlycore;charset=utf8
[ sql ] [ SQL ] SHOW COLUMNS FROM `grizzly_web` [ RunTime:0.013590s ]
[ sql ] [ SQL ] SELECT * FROM `grizzly_web` [ RunTime:0.000293s ]
---------------------------------------------------------------
[ 2020-04-24T21:42:30+08:00 ] 0.0.0.0 GET localhost/index/index/verify.html
[运行时间：0.017018s] [吞吐率：58.76req/s] [内存消耗：252.74kb] [文件加载：53]
[ info ] [ LANG ] C:\Users\wcz\Documents\GitHub\thinkphp-dome\thinkphp\lang\zh-cn.php
[ info ] [ ROUTE ] array (
  'type' => 'module',
  'module' => 
  array (
    0 => 'index',
    1 => 'index',
    2 => 'verify',
  ),
)
[ info ] [ HEADER ] array (
  'host' => 'localhost',
  'connection' => 'keep-alive',
  'user-agent' => 'Mozilla/5.0 (Windows NT 10.0; Win64; x64) AppleWebKit/537.36 (KHTML, like Gecko) Chrome/81.0.4044.92 Safari/537.36',
  'dnt' => '1',
  'accept' => 'image/webp,image/apng,image/*,*/*;q=0.8',
  'sec-fetch-site' => 'same-origin',
  'sec-fetch-mode' => 'no-cors',
  'sec-fetch-dest' => 'image',
  'referer' => 'http://localhost/index/index/test',
  'accept-encoding' => 'gzip, deflate, br',
  'accept-language' => 'zh-CN,zh;q=0.9,en-US;q=0.8,en;q=0.7',
  'cookie' => 'Phpstorm-d9cd1fc1=da28a0e8-9b78-4912-8442-4b8d2f3e014a; PHPSESSID=19rhabgud72bvv8det5l7mvecm; _csrf=88d0370eabd971619f49e386f87d445db5d99cc95575758811ca213d115f8936a%3A2%3A%7Bi%3A0%3Bs%3A5%3A%22_csrf%22%3Bi%3A1%3Bs%3A32%3A%22pIWPKU7f9dBvo9-7p5kkydOYCxNsvUPQ%22%3B%7D',
)
[ info ] [ PARAM ] array (
)
[ info ] [ RUN ] app\index\controller\Index->verify[ C:\Users\wcz\Documents\GitHub\thinkphp-dome\application\index\controller\Index.php ]
[ info ] [ SESSION ] INIT array (
  'id' => '',
  'var_session_id' => '',
  'prefix' => 'think',
  'type' => '',
  'auto_start' => true,
)
[ info ] [ LOG ] INIT File
---------------------------------------------------------------
[ 2020-04-24T21:42:42+08:00 ] 0.0.0.0 GET localhost/index/index/test
[运行时间：0.035627s] [吞吐率：28.07req/s] [内存消耗：476.91kb] [文件加载：64]
[ info ] [ LANG ] C:\Users\wcz\Documents\GitHub\thinkphp-dome\thinkphp\lang\zh-cn.php
[ info ] [ ROUTE ] array (
  'type' => 'module',
  'module' => 
  array (
    0 => 'index',
    1 => 'index',
    2 => 'test',
  ),
)
[ info ] [ HEADER ] array (
  'host' => 'localhost',
  'connection' => 'keep-alive',
  'cache-control' => 'max-age=0',
  'dnt' => '1',
  'upgrade-insecure-requests' => '1',
  'user-agent' => 'Mozilla/5.0 (Windows NT 10.0; Win64; x64) AppleWebKit/537.36 (KHTML, like Gecko) Chrome/81.0.4044.92 Safari/537.36',
  'accept' => 'text/html,application/xhtml+xml,application/xml;q=0.9,image/webp,image/apng,*/*;q=0.8,application/signed-exchange;v=b3;q=0.9',
  'sec-fetch-site' => 'none',
  'sec-fetch-mode' => 'navigate',
  'sec-fetch-user' => '?1',
  'sec-fetch-dest' => 'document',
  'accept-encoding' => 'gzip, deflate, br',
  'accept-language' => 'zh-CN,zh;q=0.9,en-US;q=0.8,en;q=0.7',
  'cookie' => 'Phpstorm-d9cd1fc1=da28a0e8-9b78-4912-8442-4b8d2f3e014a; PHPSESSID=19rhabgud72bvv8det5l7mvecm; _csrf=88d0370eabd971619f49e386f87d445db5d99cc95575758811ca213d115f8936a%3A2%3A%7Bi%3A0%3Bs%3A5%3A%22_csrf%22%3Bi%3A1%3Bs%3A32%3A%22pIWPKU7f9dBvo9-7p5kkydOYCxNsvUPQ%22%3B%7D',
)
[ info ] [ PARAM ] array (
)
[ info ] [ RUN ] app\index\controller\Index->test[ C:\Users\wcz\Documents\GitHub\thinkphp-dome\application\index\controller\Index.php ]
[ info ] [ DB ] INIT mysql
[ info ] [ VIEW ] C:\Users\wcz\Documents\GitHub\thinkphp-dome\public/../application/index\view\index\index.html [ array (
  0 => 'array',
) ]
[ info ] [ LOG ] INIT File
[ sql ] [ DB ] CONNECT:[ UseTime:0.010793s ] mysql:host=127.0.0.1;port=3306;dbname=grizzlycore;charset=utf8
[ sql ] [ SQL ] SHOW COLUMNS FROM `grizzly_web` [ RunTime:0.013206s ]
[ sql ] [ SQL ] SELECT * FROM `grizzly_web` [ RunTime:0.000383s ]
---------------------------------------------------------------
[ 2020-04-24T21:42:42+08:00 ] 0.0.0.0 GET localhost/index/index/verify.html
[运行时间：0.011085s] [吞吐率：90.21req/s] [内存消耗：252.74kb] [文件加载：53]
[ info ] [ LANG ] C:\Users\wcz\Documents\GitHub\thinkphp-dome\thinkphp\lang\zh-cn.php
[ info ] [ ROUTE ] array (
  'type' => 'module',
  'module' => 
  array (
    0 => 'index',
    1 => 'index',
    2 => 'verify',
  ),
)
[ info ] [ HEADER ] array (
  'host' => 'localhost',
  'connection' => 'keep-alive',
  'user-agent' => 'Mozilla/5.0 (Windows NT 10.0; Win64; x64) AppleWebKit/537.36 (KHTML, like Gecko) Chrome/81.0.4044.92 Safari/537.36',
  'dnt' => '1',
  'accept' => 'image/webp,image/apng,image/*,*/*;q=0.8',
  'sec-fetch-site' => 'same-origin',
  'sec-fetch-mode' => 'no-cors',
  'sec-fetch-dest' => 'image',
  'referer' => 'http://localhost/index/index/test',
  'accept-encoding' => 'gzip, deflate, br',
  'accept-language' => 'zh-CN,zh;q=0.9,en-US;q=0.8,en;q=0.7',
  'cookie' => 'Phpstorm-d9cd1fc1=da28a0e8-9b78-4912-8442-4b8d2f3e014a; PHPSESSID=19rhabgud72bvv8det5l7mvecm; _csrf=88d0370eabd971619f49e386f87d445db5d99cc95575758811ca213d115f8936a%3A2%3A%7Bi%3A0%3Bs%3A5%3A%22_csrf%22%3Bi%3A1%3Bs%3A32%3A%22pIWPKU7f9dBvo9-7p5kkydOYCxNsvUPQ%22%3B%7D',
)
[ info ] [ PARAM ] array (
)
[ info ] [ RUN ] app\index\controller\Index->verify[ C:\Users\wcz\Documents\GitHub\thinkphp-dome\application\index\controller\Index.php ]
[ info ] [ SESSION ] INIT array (
  'id' => '',
  'var_session_id' => '',
  'prefix' => 'think',
  'type' => '',
  'auto_start' => true,
)
[ info ] [ LOG ] INIT File
