---------------------------------------------------------------
[ 2020-04-25T17:27:14+08:00 ] 0.0.0.0 GET localhost/
[运行时间：0.076634s] [吞吐率：13.05req/s] [内存消耗：368.28kb] [文件加载：60]
[ info ] [ LANG ] C:\Users\wcz\Documents\GitHub\thinkphp-dome\thinkphp\lang\zh-cn.php
[ info ] [ ROUTE ] array (
  'type' => 'module',
  'module' => 
  array (
    0 => '',
    1 => NULL,
    2 => NULL,
  ),
)
[ info ] [ HEADER ] array (
  'host' => 'localhost',
  'connection' => 'keep-alive',
  'dnt' => '1',
  'upgrade-insecure-requests' => '1',
  'user-agent' => 'Mozilla/5.0 (Windows NT 10.0; Win64; x64) AppleWebKit/537.36 (KHTML, like Gecko) Chrome/81.0.4044.92 Safari/537.36',
  'accept' => 'text/html,application/xhtml+xml,application/xml;q=0.9,image/webp,image/apng,*/*;q=0.8,application/signed-exchange;v=b3;q=0.9',
  'sec-fetch-site' => 'none',
  'sec-fetch-mode' => 'navigate',
  'sec-fetch-user' => '?1',
  'sec-fetch-dest' => 'document',
  'accept-encoding' => 'gzip, deflate, br',
  'accept-language' => 'zh-CN,zh;q=0.9,en-US;q=0.8,en;q=0.7',
  'cookie' => 'Phpstorm-d9cd1fc1=da28a0e8-9b78-4912-8442-4b8d2f3e014a; PHPSESSID=19rhabgud72bvv8det5l7mvecm; _csrf=88d0370eabd971619f49e386f87d445db5d99cc95575758811ca213d115f8936a%3A2%3A%7Bi%3A0%3Bs%3A5%3A%22_csrf%22%3Bi%3A1%3Bs%3A32%3A%22pIWPKU7f9dBvo9-7p5kkydOYCxNsvUPQ%22%3B%7D',
)
[ info ] [ PARAM ] array (
)
[ info ] [ RUN ] app\index\controller\Index->index[ C:\Users\wcz\Documents\GitHub\thinkphp-dome\application\index\controller\Index.php ]
[ info ] [ VIEW ] C:\Users\wcz\Documents\GitHub\thinkphp-dome\public/../application/index\view\index\index.html [ array (
) ]
[ info ] [ LOG ] INIT File
[ error ] [8]未定义变量: array[C:\Users\wcz\Documents\GitHub\thinkphp-dome\runtime\temp\3b41b5a47c3911318a056f2f8627cdb4.php:182]
