---------------------------------------------------------------
[ 2020-06-05T12:29:52+08:00 ] 0.0.0.0 GET localhost/
[运行时间：0.088427s] [吞吐率：11.31req/s] [内存消耗：217.76kb] [文件加载：56]
[ info ] [ LANG ] C:\Users\wcz\Documents\GitHub\thinkphp-dome\thinkphp\lang\zh-cn.php
[ info ] [ ROUTE ] array (
  'type' => 'module',
  'module' => 
  array (
    0 => '',
    1 => NULL,
    2 => NULL,
  ),
)
[ info ] [ HEADER ] array (
  'host' => 'localhost',
  'connection' => 'keep-alive',
  'dnt' => '1',
  'upgrade-insecure-requests' => '1',
  'user-agent' => 'Mozilla/5.0 (Windows NT 10.0; Win64; x64) AppleWebKit/537.36 (KHTML, like Gecko) Chrome/83.0.4103.61 Safari/537.36',
  'accept' => 'text/html,application/xhtml+xml,application/xml;q=0.9,image/webp,image/apng,*/*;q=0.8,application/signed-exchange;v=b3;q=0.9',
  'purpose' => 'prefetch',
  'sec-fetch-site' => 'none',
  'sec-fetch-mode' => 'navigate',
  'sec-fetch-user' => '?1',
  'sec-fetch-dest' => 'document',
  'accept-encoding' => 'gzip, deflate, br',
  'accept-language' => 'zh-CN,zh;q=0.9,en-US;q=0.8,en;q=0.7',
  'cookie' => 'PHPSESSID=8kvjcno9sjt0tr6kra0nmkm14i; test=%E8%BF%99%E6%98%AF%E5%9C%A8cookie.php%E8%AE%BE%E7%BD%AE%E7%9A%84%E5%80%BC',
)
[ info ] [ PARAM ] array (
)
[ info ] [ RUN ] app\index\controller\Index->index[ C:\Users\wcz\Documents\GitHub\thinkphp-dome\application\index\controller\Index.php ]
[ info ] [ VIEW ] C:\Users\wcz\Documents\GitHub\thinkphp-dome\public/../application/index\view\index\index.html [ array (
) ]
[ info ] [ LOG ] INIT File
---------------------------------------------------------------
[ 2020-06-05T12:29:52+08:00 ] 0.0.0.0 GET localhost/index/login/verify.html
[运行时间：0.027791s] [吞吐率：35.98req/s] [内存消耗：94.52kb] [文件加载：53]
[ info ] [ LANG ] C:\Users\wcz\Documents\GitHub\thinkphp-dome\thinkphp\lang\zh-cn.php
[ info ] [ ROUTE ] array (
  'type' => 'module',
  'module' => 
  array (
    0 => 'index',
    1 => 'login',
    2 => 'verify',
  ),
)
[ info ] [ HEADER ] array (
  'host' => 'localhost',
  'connection' => 'keep-alive',
  'user-agent' => 'Mozilla/5.0 (Windows NT 10.0; Win64; x64) AppleWebKit/537.36 (KHTML, like Gecko) Chrome/83.0.4103.61 Safari/537.36',
  'dnt' => '1',
  'accept' => 'image/webp,image/apng,image/*,*/*;q=0.8',
  'purpose' => 'prefetch',
  'sec-fetch-site' => 'same-origin',
  'sec-fetch-mode' => 'no-cors',
  'sec-fetch-dest' => 'image',
  'referer' => 'http://localhost/',
  'accept-encoding' => 'gzip, deflate, br',
  'accept-language' => 'zh-CN,zh;q=0.9,en-US;q=0.8,en;q=0.7',
  'cookie' => 'PHPSESSID=8kvjcno9sjt0tr6kra0nmkm14i; test=%E8%BF%99%E6%98%AF%E5%9C%A8cookie.php%E8%AE%BE%E7%BD%AE%E7%9A%84%E5%80%BC',
)
[ info ] [ PARAM ] array (
)
[ info ] [ RUN ] app\index\controller\Login->verify[ C:\Users\wcz\Documents\GitHub\thinkphp-dome\application\index\controller\Login.php ]
[ info ] [ SESSION ] INIT array (
  'id' => '',
  'var_session_id' => '',
  'prefix' => 'think',
  'type' => '',
  'auto_start' => true,
)
[ info ] [ LOG ] INIT File
---------------------------------------------------------------
[ 2020-06-05T12:29:53+08:00 ] 0.0.0.0 GET localhost/index/login/verify.html
[运行时间：0.016215s] [吞吐率：61.67req/s] [内存消耗：92.98kb] [文件加载：53]
[ info ] [ LANG ] C:\Users\wcz\Documents\GitHub\thinkphp-dome\thinkphp\lang\zh-cn.php
[ info ] [ ROUTE ] array (
  'type' => 'module',
  'module' => 
  array (
    0 => 'index',
    1 => 'login',
    2 => 'verify',
  ),
)
[ info ] [ HEADER ] array (
  'host' => 'localhost',
  'connection' => 'keep-alive',
  'user-agent' => 'Mozilla/5.0 (Windows NT 10.0; Win64; x64) AppleWebKit/537.36 (KHTML, like Gecko) Chrome/83.0.4103.61 Safari/537.36',
  'dnt' => '1',
  'accept' => 'image/webp,image/apng,image/*,*/*;q=0.8',
  'sec-fetch-site' => 'same-origin',
  'sec-fetch-mode' => 'no-cors',
  'sec-fetch-dest' => 'image',
  'referer' => 'http://localhost/',
  'accept-encoding' => 'gzip, deflate, br',
  'accept-language' => 'zh-CN,zh;q=0.9,en-US;q=0.8,en;q=0.7',
  'cookie' => 'PHPSESSID=8kvjcno9sjt0tr6kra0nmkm14i; test=%E8%BF%99%E6%98%AF%E5%9C%A8cookie.php%E8%AE%BE%E7%BD%AE%E7%9A%84%E5%80%BC',
)
[ info ] [ PARAM ] array (
)
[ info ] [ RUN ] app\index\controller\Login->verify[ C:\Users\wcz\Documents\GitHub\thinkphp-dome\application\index\controller\Login.php ]
[ info ] [ SESSION ] INIT array (
  'id' => '',
  'var_session_id' => '',
  'prefix' => 'think',
  'type' => '',
  'auto_start' => true,
)
[ info ] [ LOG ] INIT File
---------------------------------------------------------------
[ 2020-06-05T12:29:53+08:00 ] 0.0.0.0 POST localhost/index/index/checkLogined.html
[运行时间：0.012663s] [吞吐率：78.97req/s] [内存消耗：84.18kb] [文件加载：54]
[ info ] [ LANG ] C:\Users\wcz\Documents\GitHub\thinkphp-dome\thinkphp\lang\zh-cn.php
[ info ] [ ROUTE ] array (
  'type' => 'module',
  'module' => 
  array (
    0 => 'index',
    1 => 'index',
    2 => 'checkLogined',
  ),
)
[ info ] [ HEADER ] array (
  'host' => 'localhost',
  'connection' => 'keep-alive',
  'content-length' => '0',
  'accept' => '*/*',
  'dnt' => '1',
  'x-requested-with' => 'XMLHttpRequest',
  'user-agent' => 'Mozilla/5.0 (Windows NT 10.0; Win64; x64) AppleWebKit/537.36 (KHTML, like Gecko) Chrome/83.0.4103.61 Safari/537.36',
  'origin' => 'http://localhost',
  'sec-fetch-site' => 'same-origin',
  'sec-fetch-mode' => 'cors',
  'sec-fetch-dest' => 'empty',
  'referer' => 'http://localhost/',
  'accept-encoding' => 'gzip, deflate, br',
  'accept-language' => 'zh-CN,zh;q=0.9,en-US;q=0.8,en;q=0.7',
  'cookie' => 'PHPSESSID=8kvjcno9sjt0tr6kra0nmkm14i; test=%E8%BF%99%E6%98%AF%E5%9C%A8cookie.php%E8%AE%BE%E7%BD%AE%E7%9A%84%E5%80%BC',
)
[ info ] [ PARAM ] array (
)
[ info ] [ RUN ] app\index\controller\Index->checkLogined[ C:\Users\wcz\Documents\GitHub\thinkphp-dome\application\index\controller\Index.php ]
[ info ] [ SESSION ] INIT array (
  'id' => '',
  'var_session_id' => '',
  'prefix' => 'think',
  'type' => '',
  'auto_start' => true,
)
[ info ] [ LOG ] INIT File
---------------------------------------------------------------
[ 2020-06-05T12:30:00+08:00 ] 0.0.0.0 GET localhost/
[运行时间：0.010568s] [吞吐率：94.63req/s] [内存消耗：82.03kb] [文件加载：56]
[ info ] [ LANG ] C:\Users\wcz\Documents\GitHub\thinkphp-dome\thinkphp\lang\zh-cn.php
[ info ] [ ROUTE ] array (
  'type' => 'module',
  'module' => 
  array (
    0 => '',
    1 => NULL,
    2 => NULL,
  ),
)
[ info ] [ HEADER ] array (
  'host' => 'localhost',
  'connection' => 'keep-alive',
  'cache-control' => 'max-age=0',
  'dnt' => '1',
  'upgrade-insecure-requests' => '1',
  'user-agent' => 'Mozilla/5.0 (Windows NT 10.0; Win64; x64) AppleWebKit/537.36 (KHTML, like Gecko) Chrome/83.0.4103.61 Safari/537.36',
  'accept' => 'text/html,application/xhtml+xml,application/xml;q=0.9,image/webp,image/apng,*/*;q=0.8,application/signed-exchange;v=b3;q=0.9',
  'sec-fetch-site' => 'none',
  'sec-fetch-mode' => 'navigate',
  'sec-fetch-user' => '?1',
  'sec-fetch-dest' => 'document',
  'accept-encoding' => 'gzip, deflate, br',
  'accept-language' => 'zh-CN,zh;q=0.9,en-US;q=0.8,en;q=0.7',
  'cookie' => 'PHPSESSID=8kvjcno9sjt0tr6kra0nmkm14i; test=%E8%BF%99%E6%98%AF%E5%9C%A8cookie.php%E8%AE%BE%E7%BD%AE%E7%9A%84%E5%80%BC',
)
[ info ] [ PARAM ] array (
)
[ info ] [ RUN ] app\index\controller\Index->index[ C:\Users\wcz\Documents\GitHub\thinkphp-dome\application\index\controller\Index.php ]
[ info ] [ VIEW ] C:\Users\wcz\Documents\GitHub\thinkphp-dome\public/../application/index\view\index\index.html [ array (
) ]
[ info ] [ LOG ] INIT File
---------------------------------------------------------------
[ 2020-06-05T12:30:00+08:00 ] 0.0.0.0 GET localhost/index/login/verify.html
[运行时间：0.014204s] [吞吐率：70.40req/s] [内存消耗：92.95kb] [文件加载：53]
[ info ] [ LANG ] C:\Users\wcz\Documents\GitHub\thinkphp-dome\thinkphp\lang\zh-cn.php
[ info ] [ ROUTE ] array (
  'type' => 'module',
  'module' => 
  array (
    0 => 'index',
    1 => 'login',
    2 => 'verify',
  ),
)
[ info ] [ HEADER ] array (
  'host' => 'localhost',
  'connection' => 'keep-alive',
  'user-agent' => 'Mozilla/5.0 (Windows NT 10.0; Win64; x64) AppleWebKit/537.36 (KHTML, like Gecko) Chrome/83.0.4103.61 Safari/537.36',
  'dnt' => '1',
  'accept' => 'image/webp,image/apng,image/*,*/*;q=0.8',
  'sec-fetch-site' => 'same-origin',
  'sec-fetch-mode' => 'no-cors',
  'sec-fetch-dest' => 'image',
  'referer' => 'http://localhost/',
  'accept-encoding' => 'gzip, deflate, br',
  'accept-language' => 'zh-CN,zh;q=0.9,en-US;q=0.8,en;q=0.7',
  'cookie' => 'PHPSESSID=8kvjcno9sjt0tr6kra0nmkm14i; test=%E8%BF%99%E6%98%AF%E5%9C%A8cookie.php%E8%AE%BE%E7%BD%AE%E7%9A%84%E5%80%BC',
)
[ info ] [ PARAM ] array (
)
[ info ] [ RUN ] app\index\controller\Login->verify[ C:\Users\wcz\Documents\GitHub\thinkphp-dome\application\index\controller\Login.php ]
[ info ] [ SESSION ] INIT array (
  'id' => '',
  'var_session_id' => '',
  'prefix' => 'think',
  'type' => '',
  'auto_start' => true,
)
[ info ] [ LOG ] INIT File
---------------------------------------------------------------
[ 2020-06-05T12:30:00+08:00 ] 0.0.0.0 POST localhost/index/index/checkLogined.html
[运行时间：0.009935s] [吞吐率：100.66req/s] [内存消耗：83.07kb] [文件加载：54]
[ info ] [ LANG ] C:\Users\wcz\Documents\GitHub\thinkphp-dome\thinkphp\lang\zh-cn.php
[ info ] [ ROUTE ] array (
  'type' => 'module',
  'module' => 
  array (
    0 => 'index',
    1 => 'index',
    2 => 'checkLogined',
  ),
)
[ info ] [ HEADER ] array (
  'host' => 'localhost',
  'connection' => 'keep-alive',
  'content-length' => '0',
  'accept' => '*/*',
  'dnt' => '1',
  'x-requested-with' => 'XMLHttpRequest',
  'user-agent' => 'Mozilla/5.0 (Windows NT 10.0; Win64; x64) AppleWebKit/537.36 (KHTML, like Gecko) Chrome/83.0.4103.61 Safari/537.36',
  'origin' => 'http://localhost',
  'sec-fetch-site' => 'same-origin',
  'sec-fetch-mode' => 'cors',
  'sec-fetch-dest' => 'empty',
  'referer' => 'http://localhost/',
  'accept-encoding' => 'gzip, deflate, br',
  'accept-language' => 'zh-CN,zh;q=0.9,en-US;q=0.8,en;q=0.7',
  'cookie' => 'PHPSESSID=8kvjcno9sjt0tr6kra0nmkm14i; test=%E8%BF%99%E6%98%AF%E5%9C%A8cookie.php%E8%AE%BE%E7%BD%AE%E7%9A%84%E5%80%BC',
)
[ info ] [ PARAM ] array (
)
[ info ] [ RUN ] app\index\controller\Index->checkLogined[ C:\Users\wcz\Documents\GitHub\thinkphp-dome\application\index\controller\Index.php ]
[ info ] [ SESSION ] INIT array (
  'id' => '',
  'var_session_id' => '',
  'prefix' => 'think',
  'type' => '',
  'auto_start' => true,
)
[ info ] [ LOG ] INIT File
---------------------------------------------------------------
[ 2020-06-05T12:30:04+08:00 ] 0.0.0.0 POST localhost/index/login/login.html
[运行时间：0.066336s] [吞吐率：15.07req/s] [内存消耗：356.74kb] [文件加载：63]
[ info ] [ LANG ] C:\Users\wcz\Documents\GitHub\thinkphp-dome\thinkphp\lang\zh-cn.php
[ info ] [ ROUTE ] array (
  'type' => 'module',
  'module' => 
  array (
    0 => 'index',
    1 => 'login',
    2 => 'login',
  ),
)
[ info ] [ HEADER ] array (
  'host' => 'localhost',
  'connection' => 'keep-alive',
  'content-length' => '35',
  'accept' => '*/*',
  'dnt' => '1',
  'x-requested-with' => 'XMLHttpRequest',
  'user-agent' => 'Mozilla/5.0 (Windows NT 10.0; Win64; x64) AppleWebKit/537.36 (KHTML, like Gecko) Chrome/83.0.4103.61 Safari/537.36',
  'content-type' => 'application/x-www-form-urlencoded; charset=UTF-8',
  'origin' => 'http://localhost',
  'sec-fetch-site' => 'same-origin',
  'sec-fetch-mode' => 'cors',
  'sec-fetch-dest' => 'empty',
  'referer' => 'http://localhost/',
  'accept-encoding' => 'gzip, deflate, br',
  'accept-language' => 'zh-CN,zh;q=0.9,en-US;q=0.8,en;q=0.7',
  'cookie' => 'PHPSESSID=8kvjcno9sjt0tr6kra0nmkm14i; test=%E8%BF%99%E6%98%AF%E5%9C%A8cookie.php%E8%AE%BE%E7%BD%AE%E7%9A%84%E5%80%BC',
)
[ info ] [ PARAM ] array (
  'login_i' => '18889288054',
  'password' => 'asdasd',
)
[ info ] [ RUN ] app\index\controller\Login->login[ C:\Users\wcz\Documents\GitHub\thinkphp-dome\application\index\controller\Login.php ]
[ info ] [ DB ] INIT mysql
[ info ] [ LOG ] INIT File
[ sql ] [ DB ] CONNECT:[ UseTime:0.003061s ] mysql:host=127.0.0.1;port=3306;dbname=grizzlycore;charset=utf8
[ sql ] [ SQL ] SHOW COLUMNS FROM `grizzly_web` [ RunTime:0.006393s ]
[ sql ] [ SQL ] SELECT * FROM `grizzly_web` WHERE  `phone` = '18889288054' OR `email` = '18889288054'  OR `username` = '18889288054' LIMIT 1 [ RunTime:0.007109s ]
---------------------------------------------------------------
[ 2020-06-05T12:30:06+08:00 ] 0.0.0.0 POST localhost/index/login/login.html
[运行时间：0.023781s] [吞吐率：42.05req/s] [内存消耗：289.73kb] [文件加载：63]
[ info ] [ LANG ] C:\Users\wcz\Documents\GitHub\thinkphp-dome\thinkphp\lang\zh-cn.php
[ info ] [ ROUTE ] array (
  'type' => 'module',
  'module' => 
  array (
    0 => 'index',
    1 => 'login',
    2 => 'login',
  ),
)
[ info ] [ HEADER ] array (
  'host' => 'localhost',
  'connection' => 'keep-alive',
  'content-length' => '35',
  'accept' => '*/*',
  'dnt' => '1',
  'x-requested-with' => 'XMLHttpRequest',
  'user-agent' => 'Mozilla/5.0 (Windows NT 10.0; Win64; x64) AppleWebKit/537.36 (KHTML, like Gecko) Chrome/83.0.4103.61 Safari/537.36',
  'content-type' => 'application/x-www-form-urlencoded; charset=UTF-8',
  'origin' => 'http://localhost',
  'sec-fetch-site' => 'same-origin',
  'sec-fetch-mode' => 'cors',
  'sec-fetch-dest' => 'empty',
  'referer' => 'http://localhost/',
  'accept-encoding' => 'gzip, deflate, br',
  'accept-language' => 'zh-CN,zh;q=0.9,en-US;q=0.8,en;q=0.7',
  'cookie' => 'PHPSESSID=8kvjcno9sjt0tr6kra0nmkm14i; test=%E8%BF%99%E6%98%AF%E5%9C%A8cookie.php%E8%AE%BE%E7%BD%AE%E7%9A%84%E5%80%BC',
)
[ info ] [ PARAM ] array (
  'login_i' => '18889288054',
  'password' => 'asdasd',
)
[ info ] [ RUN ] app\index\controller\Login->login[ C:\Users\wcz\Documents\GitHub\thinkphp-dome\application\index\controller\Login.php ]
[ info ] [ DB ] INIT mysql
[ info ] [ LOG ] INIT File
[ sql ] [ DB ] CONNECT:[ UseTime:0.011374s ] mysql:host=127.0.0.1;port=3306;dbname=grizzlycore;charset=utf8
[ sql ] [ SQL ] SHOW COLUMNS FROM `grizzly_web` [ RunTime:0.002117s ]
[ sql ] [ SQL ] SELECT * FROM `grizzly_web` WHERE  `phone` = '18889288054' OR `email` = '18889288054'  OR `username` = '18889288054' LIMIT 1 [ RunTime:0.001414s ]
---------------------------------------------------------------
[ 2020-06-05T12:30:11+08:00 ] 0.0.0.0 POST localhost/index/login/login.html
[运行时间：0.021972s] [吞吐率：45.51req/s] [内存消耗：289.73kb] [文件加载：63]
[ info ] [ LANG ] C:\Users\wcz\Documents\GitHub\thinkphp-dome\thinkphp\lang\zh-cn.php
[ info ] [ ROUTE ] array (
  'type' => 'module',
  'module' => 
  array (
    0 => 'index',
    1 => 'login',
    2 => 'login',
  ),
)
[ info ] [ HEADER ] array (
  'host' => 'localhost',
  'connection' => 'keep-alive',
  'content-length' => '35',
  'accept' => '*/*',
  'dnt' => '1',
  'x-requested-with' => 'XMLHttpRequest',
  'user-agent' => 'Mozilla/5.0 (Windows NT 10.0; Win64; x64) AppleWebKit/537.36 (KHTML, like Gecko) Chrome/83.0.4103.61 Safari/537.36',
  'content-type' => 'application/x-www-form-urlencoded; charset=UTF-8',
  'origin' => 'http://localhost',
  'sec-fetch-site' => 'same-origin',
  'sec-fetch-mode' => 'cors',
  'sec-fetch-dest' => 'empty',
  'referer' => 'http://localhost/',
  'accept-encoding' => 'gzip, deflate, br',
  'accept-language' => 'zh-CN,zh;q=0.9,en-US;q=0.8,en;q=0.7',
  'cookie' => 'PHPSESSID=8kvjcno9sjt0tr6kra0nmkm14i; test=%E8%BF%99%E6%98%AF%E5%9C%A8cookie.php%E8%AE%BE%E7%BD%AE%E7%9A%84%E5%80%BC',
)
[ info ] [ PARAM ] array (
  'login_i' => '18889288054',
  'password' => 'asdasd',
)
[ info ] [ RUN ] app\index\controller\Login->login[ C:\Users\wcz\Documents\GitHub\thinkphp-dome\application\index\controller\Login.php ]
[ info ] [ DB ] INIT mysql
[ info ] [ LOG ] INIT File
[ sql ] [ DB ] CONNECT:[ UseTime:0.010120s ] mysql:host=127.0.0.1;port=3306;dbname=grizzlycore;charset=utf8
[ sql ] [ SQL ] SHOW COLUMNS FROM `grizzly_web` [ RunTime:0.002308s ]
[ sql ] [ SQL ] SELECT * FROM `grizzly_web` WHERE  `phone` = '18889288054' OR `email` = '18889288054'  OR `username` = '18889288054' LIMIT 1 [ RunTime:0.000908s ]
---------------------------------------------------------------
[ 2020-06-05T14:42:19+08:00 ] 0.0.0.0 GET localhost/
[运行时间：0.017684s] [吞吐率：56.55req/s] [内存消耗：82.04kb] [文件加载：56]
[ info ] [ LANG ] C:\Users\wcz\Documents\GitHub\thinkphp-dome\thinkphp\lang\zh-cn.php
[ info ] [ ROUTE ] array (
  'type' => 'module',
  'module' => 
  array (
    0 => '',
    1 => NULL,
    2 => NULL,
  ),
)
[ info ] [ HEADER ] array (
  'host' => 'localhost',
  'connection' => 'keep-alive',
  'upgrade-insecure-requests' => '1',
  'dnt' => '1',
  'user-agent' => 'Mozilla/5.0 (Windows NT 10.0; Win64; x64) AppleWebKit/537.36 (KHTML, like Gecko) Chrome/83.0.4103.61 Safari/537.36',
  'accept' => 'text/html,application/xhtml+xml,application/xml;q=0.9,image/webp,image/apng,*/*;q=0.8,application/signed-exchange;v=b3;q=0.9',
  'sec-fetch-site' => 'same-origin',
  'sec-fetch-mode' => 'navigate',
  'sec-fetch-user' => '?1',
  'sec-fetch-dest' => 'document',
  'referer' => 'http://localhost/',
  'accept-encoding' => 'gzip, deflate, br',
  'accept-language' => 'zh-CN,zh;q=0.9,en-US;q=0.8,en;q=0.7',
  'cookie' => 'PHPSESSID=8kvjcno9sjt0tr6kra0nmkm14i; test=%E8%BF%99%E6%98%AF%E5%9C%A8cookie.php%E8%AE%BE%E7%BD%AE%E7%9A%84%E5%80%BC',
)
[ info ] [ PARAM ] array (
)
[ info ] [ RUN ] app\index\controller\Index->index[ C:\Users\wcz\Documents\GitHub\thinkphp-dome\application\index\controller\Index.php ]
[ info ] [ VIEW ] C:\Users\wcz\Documents\GitHub\thinkphp-dome\public/../application/index\view\index\index.html [ array (
) ]
[ info ] [ LOG ] INIT File
---------------------------------------------------------------
[ 2020-06-05T14:42:19+08:00 ] 0.0.0.0 GET localhost/index/login/verify.html
[运行时间：0.021212s] [吞吐率：47.14req/s] [内存消耗：92.98kb] [文件加载：53]
[ info ] [ LANG ] C:\Users\wcz\Documents\GitHub\thinkphp-dome\thinkphp\lang\zh-cn.php
[ info ] [ ROUTE ] array (
  'type' => 'module',
  'module' => 
  array (
    0 => 'index',
    1 => 'login',
    2 => 'verify',
  ),
)
[ info ] [ HEADER ] array (
  'host' => 'localhost',
  'connection' => 'keep-alive',
  'user-agent' => 'Mozilla/5.0 (Windows NT 10.0; Win64; x64) AppleWebKit/537.36 (KHTML, like Gecko) Chrome/83.0.4103.61 Safari/537.36',
  'dnt' => '1',
  'accept' => 'image/webp,image/apng,image/*,*/*;q=0.8',
  'sec-fetch-site' => 'same-origin',
  'sec-fetch-mode' => 'no-cors',
  'sec-fetch-dest' => 'image',
  'referer' => 'http://localhost/',
  'accept-encoding' => 'gzip, deflate, br',
  'accept-language' => 'zh-CN,zh;q=0.9,en-US;q=0.8,en;q=0.7',
  'cookie' => 'PHPSESSID=8kvjcno9sjt0tr6kra0nmkm14i; test=%E8%BF%99%E6%98%AF%E5%9C%A8cookie.php%E8%AE%BE%E7%BD%AE%E7%9A%84%E5%80%BC',
)
[ info ] [ PARAM ] array (
)
[ info ] [ RUN ] app\index\controller\Login->verify[ C:\Users\wcz\Documents\GitHub\thinkphp-dome\application\index\controller\Login.php ]
[ info ] [ SESSION ] INIT array (
  'id' => '',
  'var_session_id' => '',
  'prefix' => 'think',
  'type' => '',
  'auto_start' => true,
)
[ info ] [ LOG ] INIT File
---------------------------------------------------------------
[ 2020-06-05T14:42:19+08:00 ] 0.0.0.0 POST localhost/index/index/checkLogined.html
[运行时间：0.007499s] [吞吐率：133.35req/s] [内存消耗：83.07kb] [文件加载：54]
[ info ] [ LANG ] C:\Users\wcz\Documents\GitHub\thinkphp-dome\thinkphp\lang\zh-cn.php
[ info ] [ ROUTE ] array (
  'type' => 'module',
  'module' => 
  array (
    0 => 'index',
    1 => 'index',
    2 => 'checkLogined',
  ),
)
[ info ] [ HEADER ] array (
  'host' => 'localhost',
  'connection' => 'keep-alive',
  'content-length' => '0',
  'accept' => '*/*',
  'dnt' => '1',
  'x-requested-with' => 'XMLHttpRequest',
  'user-agent' => 'Mozilla/5.0 (Windows NT 10.0; Win64; x64) AppleWebKit/537.36 (KHTML, like Gecko) Chrome/83.0.4103.61 Safari/537.36',
  'origin' => 'http://localhost',
  'sec-fetch-site' => 'same-origin',
  'sec-fetch-mode' => 'cors',
  'sec-fetch-dest' => 'empty',
  'referer' => 'http://localhost/',
  'accept-encoding' => 'gzip, deflate, br',
  'accept-language' => 'zh-CN,zh;q=0.9,en-US;q=0.8,en;q=0.7',
  'cookie' => 'PHPSESSID=8kvjcno9sjt0tr6kra0nmkm14i; test=%E8%BF%99%E6%98%AF%E5%9C%A8cookie.php%E8%AE%BE%E7%BD%AE%E7%9A%84%E5%80%BC',
)
[ info ] [ PARAM ] array (
)
[ info ] [ RUN ] app\index\controller\Index->checkLogined[ C:\Users\wcz\Documents\GitHub\thinkphp-dome\application\index\controller\Index.php ]
[ info ] [ SESSION ] INIT array (
  'id' => '',
  'var_session_id' => '',
  'prefix' => 'think',
  'type' => '',
  'auto_start' => true,
)
[ info ] [ LOG ] INIT File
---------------------------------------------------------------
[ 2020-06-05T14:42:19+08:00 ] 0.0.0.0 GET localhost/index/index/about.html
[运行时间：0.009669s] [吞吐率：103.42req/s] [内存消耗：81.00kb] [文件加载：54]
[ info ] [ LANG ] C:\Users\wcz\Documents\GitHub\thinkphp-dome\thinkphp\lang\zh-cn.php
[ info ] [ ROUTE ] array (
  'type' => 'module',
  'module' => 
  array (
    0 => 'index',
    1 => 'index',
    2 => 'about',
  ),
)
[ info ] [ HEADER ] array (
  'host' => 'localhost',
  'connection' => 'keep-alive',
  'upgrade-insecure-requests' => '1',
  'dnt' => '1',
  'user-agent' => 'Mozilla/5.0 (Windows NT 10.0; Win64; x64) AppleWebKit/537.36 (KHTML, like Gecko) Chrome/83.0.4103.61 Safari/537.36',
  'accept' => 'text/html,application/xhtml+xml,application/xml;q=0.9,image/webp,image/apng,*/*;q=0.8,application/signed-exchange;v=b3;q=0.9',
  'sec-fetch-site' => 'same-origin',
  'sec-fetch-mode' => 'navigate',
  'sec-fetch-user' => '?1',
  'sec-fetch-dest' => 'document',
  'referer' => 'http://localhost/',
  'accept-encoding' => 'gzip, deflate, br',
  'accept-language' => 'zh-CN,zh;q=0.9,en-US;q=0.8,en;q=0.7',
  'cookie' => 'PHPSESSID=8kvjcno9sjt0tr6kra0nmkm14i; test=%E8%BF%99%E6%98%AF%E5%9C%A8cookie.php%E8%AE%BE%E7%BD%AE%E7%9A%84%E5%80%BC',
)
[ info ] [ PARAM ] array (
)
[ info ] [ RUN ] app\index\controller\Index->about[ C:\Users\wcz\Documents\GitHub\thinkphp-dome\application\index\controller\Index.php ]
[ info ] [ VIEW ] C:\Users\wcz\Documents\GitHub\thinkphp-dome\public/../application/index\view\index\about.html [ array (
) ]
[ info ] [ LOG ] INIT File
---------------------------------------------------------------
[ 2020-06-05T14:42:21+08:00 ] 0.0.0.0 POST localhost/index/index/checkLogined.html
[运行时间：0.010056s] [吞吐率：99.44req/s] [内存消耗：83.07kb] [文件加载：54]
[ info ] [ LANG ] C:\Users\wcz\Documents\GitHub\thinkphp-dome\thinkphp\lang\zh-cn.php
[ info ] [ ROUTE ] array (
  'type' => 'module',
  'module' => 
  array (
    0 => 'index',
    1 => 'index',
    2 => 'checkLogined',
  ),
)
[ info ] [ HEADER ] array (
  'host' => 'localhost',
  'connection' => 'keep-alive',
  'content-length' => '0',
  'accept' => '*/*',
  'dnt' => '1',
  'x-requested-with' => 'XMLHttpRequest',
  'user-agent' => 'Mozilla/5.0 (Windows NT 10.0; Win64; x64) AppleWebKit/537.36 (KHTML, like Gecko) Chrome/83.0.4103.61 Safari/537.36',
  'origin' => 'http://localhost',
  'sec-fetch-site' => 'same-origin',
  'sec-fetch-mode' => 'cors',
  'sec-fetch-dest' => 'empty',
  'referer' => 'http://localhost/',
  'accept-encoding' => 'gzip, deflate, br',
  'accept-language' => 'zh-CN,zh;q=0.9,en-US;q=0.8,en;q=0.7',
  'cookie' => 'PHPSESSID=8kvjcno9sjt0tr6kra0nmkm14i; test=%E8%BF%99%E6%98%AF%E5%9C%A8cookie.php%E8%AE%BE%E7%BD%AE%E7%9A%84%E5%80%BC',
)
[ info ] [ PARAM ] array (
)
[ info ] [ RUN ] app\index\controller\Index->checkLogined[ C:\Users\wcz\Documents\GitHub\thinkphp-dome\application\index\controller\Index.php ]
[ info ] [ SESSION ] INIT array (
  'id' => '',
  'var_session_id' => '',
  'prefix' => 'think',
  'type' => '',
  'auto_start' => true,
)
[ info ] [ LOG ] INIT File
---------------------------------------------------------------
[ 2020-06-05T15:36:55+08:00 ] 0.0.0.0 GET localhost/add_vhost.php
[运行时间：0.017549s] [吞吐率：56.98req/s] [内存消耗：53.72kb] [文件加载：47]
[ info ] [ LANG ] C:\Users\wcz\Documents\GitHub\thinkphp-dome\thinkphp\lang\zh-cn.php
[ info ] [ ROUTE ] array (
  'type' => 'module',
  'module' => 
  array (
    0 => 'add_vhost.php',
    1 => NULL,
    2 => NULL,
  ),
)
[ info ] [ HEADER ] array (
  'host' => 'localhost',
  'connection' => 'keep-alive',
  'dnt' => '1',
  'upgrade-insecure-requests' => '1',
  'user-agent' => 'Mozilla/5.0 (Windows NT 10.0; Win64; x64) AppleWebKit/537.36 (KHTML, like Gecko) Chrome/83.0.4103.61 Safari/537.36',
  'accept' => 'text/html,application/xhtml+xml,application/xml;q=0.9,image/webp,image/apng,*/*;q=0.8,application/signed-exchange;v=b3;q=0.9',
  'sec-fetch-site' => 'none',
  'sec-fetch-mode' => 'navigate',
  'sec-fetch-user' => '?1',
  'sec-fetch-dest' => 'document',
  'accept-encoding' => 'gzip, deflate, br',
  'accept-language' => 'zh-CN,zh;q=0.9,en-US;q=0.8,en;q=0.7',
  'cookie' => 'PHPSESSID=8kvjcno9sjt0tr6kra0nmkm14i; test=%E8%BF%99%E6%98%AF%E5%9C%A8cookie.php%E8%AE%BE%E7%BD%AE%E7%9A%84%E5%80%BC',
)
[ info ] [ PARAM ] array (
)
[ info ] [ LOG ] INIT File
---------------------------------------------------------------
[ 2020-06-05T15:37:36+08:00 ] 0.0.0.0 GET localhost/index/index/test
[运行时间：0.013005s] [吞吐率：76.89req/s] [内存消耗：64.50kb] [文件加载：56]
[ info ] [ LANG ] C:\Users\wcz\Documents\GitHub\thinkphp-dome\thinkphp\lang\zh-cn.php
[ info ] [ ROUTE ] array (
  'type' => 'module',
  'module' => 
  array (
    0 => 'index',
    1 => 'index',
    2 => 'test',
  ),
)
[ info ] [ HEADER ] array (
  'host' => 'localhost',
  'connection' => 'keep-alive',
  'dnt' => '1',
  'upgrade-insecure-requests' => '1',
  'user-agent' => 'Mozilla/5.0 (Windows NT 10.0; Win64; x64) AppleWebKit/537.36 (KHTML, like Gecko) Chrome/83.0.4103.61 Safari/537.36',
  'accept' => 'text/html,application/xhtml+xml,application/xml;q=0.9,image/webp,image/apng,*/*;q=0.8,application/signed-exchange;v=b3;q=0.9',
  'sec-fetch-site' => 'none',
  'sec-fetch-mode' => 'navigate',
  'sec-fetch-user' => '?1',
  'sec-fetch-dest' => 'document',
  'accept-encoding' => 'gzip, deflate, br',
  'accept-language' => 'zh-CN,zh;q=0.9,en-US;q=0.8,en;q=0.7',
  'cookie' => 'PHPSESSID=8kvjcno9sjt0tr6kra0nmkm14i; test=%E8%BF%99%E6%98%AF%E5%9C%A8cookie.php%E8%AE%BE%E7%BD%AE%E7%9A%84%E5%80%BC',
)
[ info ] [ PARAM ] array (
)
[ info ] [ LOG ] INIT File
---------------------------------------------------------------
[ 2020-06-05T15:37:40+08:00 ] 0.0.0.0 GET localhost/index/index/index
[运行时间：0.008887s] [吞吐率：112.52req/s] [内存消耗：82.09kb] [文件加载：56]
[ info ] [ LANG ] C:\Users\wcz\Documents\GitHub\thinkphp-dome\thinkphp\lang\zh-cn.php
[ info ] [ ROUTE ] array (
  'type' => 'module',
  'module' => 
  array (
    0 => 'index',
    1 => 'index',
    2 => 'index',
  ),
)
[ info ] [ HEADER ] array (
  'host' => 'localhost',
  'connection' => 'keep-alive',
  'dnt' => '1',
  'upgrade-insecure-requests' => '1',
  'user-agent' => 'Mozilla/5.0 (Windows NT 10.0; Win64; x64) AppleWebKit/537.36 (KHTML, like Gecko) Chrome/83.0.4103.61 Safari/537.36',
  'accept' => 'text/html,application/xhtml+xml,application/xml;q=0.9,image/webp,image/apng,*/*;q=0.8,application/signed-exchange;v=b3;q=0.9',
  'sec-fetch-site' => 'none',
  'sec-fetch-mode' => 'navigate',
  'sec-fetch-user' => '?1',
  'sec-fetch-dest' => 'document',
  'accept-encoding' => 'gzip, deflate, br',
  'accept-language' => 'zh-CN,zh;q=0.9,en-US;q=0.8,en;q=0.7',
  'cookie' => 'PHPSESSID=8kvjcno9sjt0tr6kra0nmkm14i; test=%E8%BF%99%E6%98%AF%E5%9C%A8cookie.php%E8%AE%BE%E7%BD%AE%E7%9A%84%E5%80%BC',
)
[ info ] [ PARAM ] array (
)
[ info ] [ RUN ] app\index\controller\Index->index[ C:\Users\wcz\Documents\GitHub\thinkphp-dome\application\index\controller\Index.php ]
[ info ] [ VIEW ] C:\Users\wcz\Documents\GitHub\thinkphp-dome\public/../application/index\view\index\index.html [ array (
) ]
[ info ] [ LOG ] INIT File
---------------------------------------------------------------
[ 2020-06-05T15:37:41+08:00 ] 0.0.0.0 GET localhost/index/login/verify.html
[运行时间：0.012834s] [吞吐率：77.92req/s] [内存消耗：92.99kb] [文件加载：53]
[ info ] [ LANG ] C:\Users\wcz\Documents\GitHub\thinkphp-dome\thinkphp\lang\zh-cn.php
[ info ] [ ROUTE ] array (
  'type' => 'module',
  'module' => 
  array (
    0 => 'index',
    1 => 'login',
    2 => 'verify',
  ),
)
[ info ] [ HEADER ] array (
  'host' => 'localhost',
  'connection' => 'keep-alive',
  'user-agent' => 'Mozilla/5.0 (Windows NT 10.0; Win64; x64) AppleWebKit/537.36 (KHTML, like Gecko) Chrome/83.0.4103.61 Safari/537.36',
  'dnt' => '1',
  'accept' => 'image/webp,image/apng,image/*,*/*;q=0.8',
  'sec-fetch-site' => 'same-origin',
  'sec-fetch-mode' => 'no-cors',
  'sec-fetch-dest' => 'image',
  'referer' => 'http://localhost/index/index/index',
  'accept-encoding' => 'gzip, deflate, br',
  'accept-language' => 'zh-CN,zh;q=0.9,en-US;q=0.8,en;q=0.7',
  'cookie' => 'PHPSESSID=8kvjcno9sjt0tr6kra0nmkm14i; test=%E8%BF%99%E6%98%AF%E5%9C%A8cookie.php%E8%AE%BE%E7%BD%AE%E7%9A%84%E5%80%BC',
)
[ info ] [ PARAM ] array (
)
[ info ] [ RUN ] app\index\controller\Login->verify[ C:\Users\wcz\Documents\GitHub\thinkphp-dome\application\index\controller\Login.php ]
[ info ] [ SESSION ] INIT array (
  'id' => '',
  'var_session_id' => '',
  'prefix' => 'think',
  'type' => '',
  'auto_start' => true,
)
[ info ] [ LOG ] INIT File
---------------------------------------------------------------
[ 2020-06-05T15:37:41+08:00 ] 0.0.0.0 POST localhost/index/index/checkLogined.html
[运行时间：0.006367s] [吞吐率：157.06req/s] [内存消耗：83.34kb] [文件加载：54]
[ info ] [ LANG ] C:\Users\wcz\Documents\GitHub\thinkphp-dome\thinkphp\lang\zh-cn.php
[ info ] [ ROUTE ] array (
  'type' => 'module',
  'module' => 
  array (
    0 => 'index',
    1 => 'index',
    2 => 'checkLogined',
  ),
)
[ info ] [ HEADER ] array (
  'host' => 'localhost',
  'connection' => 'keep-alive',
  'content-length' => '0',
  'accept' => '*/*',
  'dnt' => '1',
  'x-requested-with' => 'XMLHttpRequest',
  'user-agent' => 'Mozilla/5.0 (Windows NT 10.0; Win64; x64) AppleWebKit/537.36 (KHTML, like Gecko) Chrome/83.0.4103.61 Safari/537.36',
  'origin' => 'http://localhost',
  'sec-fetch-site' => 'same-origin',
  'sec-fetch-mode' => 'cors',
  'sec-fetch-dest' => 'empty',
  'referer' => 'http://localhost/index/index/index',
  'accept-encoding' => 'gzip, deflate, br',
  'accept-language' => 'zh-CN,zh;q=0.9,en-US;q=0.8,en;q=0.7',
  'cookie' => 'PHPSESSID=8kvjcno9sjt0tr6kra0nmkm14i; test=%E8%BF%99%E6%98%AF%E5%9C%A8cookie.php%E8%AE%BE%E7%BD%AE%E7%9A%84%E5%80%BC',
)
[ info ] [ PARAM ] array (
)
[ info ] [ RUN ] app\index\controller\Index->checkLogined[ C:\Users\wcz\Documents\GitHub\thinkphp-dome\application\index\controller\Index.php ]
[ info ] [ SESSION ] INIT array (
  'id' => '',
  'var_session_id' => '',
  'prefix' => 'think',
  'type' => '',
  'auto_start' => true,
)
[ info ] [ LOG ] INIT File
